[0.148s] Invoking command in '/home/williamhardee/Documents/cusub2.1/build/custom_interfaces': CMAKE_PREFIX_PATH=/opt/ros/humble /usr/bin/cmake --build /home/williamhardee/Documents/cusub2.1/build/custom_interfaces -- -j16 -l16
[0.186s] [  3%] Built target custom_interfaces__cpp
[0.189s] [ 12%] Built target custom_interfaces__rosidl_generator_c
[0.192s] [ 12%] Built target ament_cmake_python_copy_custom_interfaces
[0.198s] [ 22%] Built target custom_interfaces__rosidl_typesupport_cpp
[0.199s] [ 32%] Built target custom_interfaces__rosidl_typesupport_fastrtps_cpp
[0.200s] [ 41%] Built target custom_interfaces__rosidl_typesupport_introspection_cpp
[0.201s] [ 51%] Built target custom_interfaces__rosidl_typesupport_c
[0.201s] [ 61%] Built target custom_interfaces__rosidl_typesupport_fastrtps_c
[0.202s] [ 70%] Built target custom_interfaces__rosidl_typesupport_introspection_c
[0.216s] [ 70%] Built target custom_interfaces
[0.231s] [ 74%] Built target custom_interfaces__py
[0.249s] [ 80%] Built target custom_interfaces__rosidl_generator_py
[0.265s] [ 87%] Built target custom_interfaces__rosidl_typesupport_fastrtps_c__pyext
[0.266s] [ 93%] Built target custom_interfaces__rosidl_typesupport_c__pyext
[0.272s] [100%] Built target custom_interfaces__rosidl_typesupport_introspection_c__pyext
[0.311s] running egg_info
[0.311s] writing custom_interfaces.egg-info/PKG-INFO
[0.312s] writing dependency_links to custom_interfaces.egg-info/dependency_links.txt
[0.312s] writing top-level names to custom_interfaces.egg-info/top_level.txt
[0.313s] reading manifest file 'custom_interfaces.egg-info/SOURCES.txt'
[0.313s] writing manifest file 'custom_interfaces.egg-info/SOURCES.txt'
[0.329s] [100%] Built target ament_cmake_python_build_custom_interfaces_egg
[0.337s] Invoked command in '/home/williamhardee/Documents/cusub2.1/build/custom_interfaces' returned '0': CMAKE_PREFIX_PATH=/opt/ros/humble /usr/bin/cmake --build /home/williamhardee/Documents/cusub2.1/build/custom_interfaces -- -j16 -l16
[0.392s] Invoking command in '/home/williamhardee/Documents/cusub2.1/build/custom_interfaces': CMAKE_PREFIX_PATH=/opt/ros/humble /usr/bin/cmake --install /home/williamhardee/Documents/cusub2.1/build/custom_interfaces
[0.398s] -- Install configuration: ""
[0.398s] -- Up-to-date: /home/williamhardee/Documents/cusub2.1/install/custom_interfaces/share/ament_index/resource_index/rosidl_interfaces/custom_interfaces
[0.398s] -- Up-to-date: /home/williamhardee/Documents/cusub2.1/install/custom_interfaces/include/custom_interfaces/custom_interfaces
[0.398s] -- Up-to-date: /home/williamhardee/Documents/cusub2.1/install/custom_interfaces/include/custom_interfaces/custom_interfaces/msg
[0.399s] -- Up-to-date: /home/williamhardee/Documents/cusub2.1/install/custom_interfaces/include/custom_interfaces/custom_interfaces/msg/rosidl_generator_c__visibility_control.h
[0.399s] -- Up-to-date: /home/williamhardee/Documents/cusub2.1/install/custom_interfaces/include/custom_interfaces/custom_interfaces/srv
[0.399s] -- Up-to-date: /home/williamhardee/Documents/cusub2.1/install/custom_interfaces/include/custom_interfaces/custom_interfaces/srv/detect_objects.h
[0.399s] -- Up-to-date: /home/williamhardee/Documents/cusub2.1/install/custom_interfaces/include/custom_interfaces/custom_interfaces/srv/detail
[0.399s] -- Up-to-date: /home/williamhardee/Documents/cusub2.1/install/custom_interfaces/include/custom_interfaces/custom_interfaces/srv/detail/detect_objects__type_support.h
[0.399s] -- Up-to-date: /home/williamhardee/Documents/cusub2.1/install/custom_interfaces/include/custom_interfaces/custom_interfaces/srv/detail/detect_objects__functions.h
[0.399s] -- Up-to-date: /home/williamhardee/Documents/cusub2.1/install/custom_interfaces/include/custom_interfaces/custom_interfaces/srv/detail/detect_objects__functions.c
[0.399s] -- Up-to-date: /home/williamhardee/Documents/cusub2.1/install/custom_interfaces/include/custom_interfaces/custom_interfaces/srv/detail/detect_objects__struct.h
[0.399s] -- Up-to-date: /home/williamhardee/Documents/cusub2.1/install/custom_interfaces/share/custom_interfaces/environment/library_path.sh
[0.399s] -- Up-to-date: /home/williamhardee/Documents/cusub2.1/install/custom_interfaces/share/custom_interfaces/environment/library_path.dsv
[0.399s] -- Up-to-date: /home/williamhardee/Documents/cusub2.1/install/custom_interfaces/lib/libcustom_interfaces__rosidl_generator_c.so
[0.399s] -- Up-to-date: /home/williamhardee/Documents/cusub2.1/install/custom_interfaces/include/custom_interfaces/custom_interfaces
[0.399s] -- Up-to-date: /home/williamhardee/Documents/cusub2.1/install/custom_interfaces/include/custom_interfaces/custom_interfaces/msg
[0.399s] -- Up-to-date: /home/williamhardee/Documents/cusub2.1/install/custom_interfaces/include/custom_interfaces/custom_interfaces/msg/rosidl_typesupport_fastrtps_c__visibility_control.h
[0.400s] -- Up-to-date: /home/williamhardee/Documents/cusub2.1/install/custom_interfaces/include/custom_interfaces/custom_interfaces/srv
[0.400s] -- Up-to-date: /home/williamhardee/Documents/cusub2.1/install/custom_interfaces/include/custom_interfaces/custom_interfaces/srv/detail
[0.400s] -- Up-to-date: /home/williamhardee/Documents/cusub2.1/install/custom_interfaces/include/custom_interfaces/custom_interfaces/srv/detail/detect_objects__rosidl_typesupport_fastrtps_c.h
[0.400s] -- Up-to-date: /home/williamhardee/Documents/cusub2.1/install/custom_interfaces/lib/libcustom_interfaces__rosidl_typesupport_fastrtps_c.so
[0.400s] -- Up-to-date: /home/williamhardee/Documents/cusub2.1/install/custom_interfaces/include/custom_interfaces/custom_interfaces
[0.401s] -- Up-to-date: /home/williamhardee/Documents/cusub2.1/install/custom_interfaces/include/custom_interfaces/custom_interfaces/msg
[0.401s] -- Up-to-date: /home/williamhardee/Documents/cusub2.1/install/custom_interfaces/include/custom_interfaces/custom_interfaces/msg/rosidl_typesupport_introspection_c__visibility_control.h
[0.401s] -- Up-to-date: /home/williamhardee/Documents/cusub2.1/install/custom_interfaces/include/custom_interfaces/custom_interfaces/srv
[0.401s] -- Up-to-date: /home/williamhardee/Documents/cusub2.1/install/custom_interfaces/include/custom_interfaces/custom_interfaces/srv/detail
[0.401s] -- Up-to-date: /home/williamhardee/Documents/cusub2.1/install/custom_interfaces/include/custom_interfaces/custom_interfaces/srv/detail/detect_objects__type_support.c
[0.401s] -- Up-to-date: /home/williamhardee/Documents/cusub2.1/install/custom_interfaces/include/custom_interfaces/custom_interfaces/srv/detail/detect_objects__rosidl_typesupport_introspection_c.h
[0.401s] -- Up-to-date: /home/williamhardee/Documents/cusub2.1/install/custom_interfaces/lib/libcustom_interfaces__rosidl_typesupport_introspection_c.so
[0.402s] -- Up-to-date: /home/williamhardee/Documents/cusub2.1/install/custom_interfaces/lib/libcustom_interfaces__rosidl_typesupport_c.so
[0.402s] -- Up-to-date: /home/williamhardee/Documents/cusub2.1/install/custom_interfaces/include/custom_interfaces/custom_interfaces
[0.402s] -- Up-to-date: /home/williamhardee/Documents/cusub2.1/install/custom_interfaces/include/custom_interfaces/custom_interfaces/srv
[0.402s] -- Up-to-date: /home/williamhardee/Documents/cusub2.1/install/custom_interfaces/include/custom_interfaces/custom_interfaces/srv/detect_objects.hpp
[0.402s] -- Up-to-date: /home/williamhardee/Documents/cusub2.1/install/custom_interfaces/include/custom_interfaces/custom_interfaces/srv/detail
[0.402s] -- Up-to-date: /home/williamhardee/Documents/cusub2.1/install/custom_interfaces/include/custom_interfaces/custom_interfaces/srv/detail/detect_objects__traits.hpp
[0.402s] -- Up-to-date: /home/williamhardee/Documents/cusub2.1/install/custom_interfaces/include/custom_interfaces/custom_interfaces/srv/detail/detect_objects__struct.hpp
[0.402s] -- Up-to-date: /home/williamhardee/Documents/cusub2.1/install/custom_interfaces/include/custom_interfaces/custom_interfaces/srv/detail/detect_objects__builder.hpp
[0.403s] -- Up-to-date: /home/williamhardee/Documents/cusub2.1/install/custom_interfaces/include/custom_interfaces/custom_interfaces
[0.403s] -- Up-to-date: /home/williamhardee/Documents/cusub2.1/install/custom_interfaces/include/custom_interfaces/custom_interfaces/msg
[0.403s] -- Up-to-date: /home/williamhardee/Documents/cusub2.1/install/custom_interfaces/include/custom_interfaces/custom_interfaces/msg/rosidl_typesupport_fastrtps_cpp__visibility_control.h
[0.403s] -- Up-to-date: /home/williamhardee/Documents/cusub2.1/install/custom_interfaces/include/custom_interfaces/custom_interfaces/srv
[0.403s] -- Up-to-date: /home/williamhardee/Documents/cusub2.1/install/custom_interfaces/include/custom_interfaces/custom_interfaces/srv/detail
[0.403s] -- Up-to-date: /home/williamhardee/Documents/cusub2.1/install/custom_interfaces/include/custom_interfaces/custom_interfaces/srv/detail/detect_objects__rosidl_typesupport_fastrtps_cpp.hpp
[0.403s] -- Up-to-date: /home/williamhardee/Documents/cusub2.1/install/custom_interfaces/include/custom_interfaces/custom_interfaces/srv/detail/dds_fastrtps
[0.403s] -- Up-to-date: /home/williamhardee/Documents/cusub2.1/install/custom_interfaces/lib/libcustom_interfaces__rosidl_typesupport_fastrtps_cpp.so
[0.403s] -- Up-to-date: /home/williamhardee/Documents/cusub2.1/install/custom_interfaces/include/custom_interfaces/custom_interfaces
[0.403s] -- Up-to-date: /home/williamhardee/Documents/cusub2.1/install/custom_interfaces/include/custom_interfaces/custom_interfaces/srv
[0.403s] -- Up-to-date: /home/williamhardee/Documents/cusub2.1/install/custom_interfaces/include/custom_interfaces/custom_interfaces/srv/detail
[0.403s] -- Up-to-date: /home/williamhardee/Documents/cusub2.1/install/custom_interfaces/include/custom_interfaces/custom_interfaces/srv/detail/detect_objects__type_support.cpp
[0.404s] -- Up-to-date: /home/williamhardee/Documents/cusub2.1/install/custom_interfaces/include/custom_interfaces/custom_interfaces/srv/detail/detect_objects__rosidl_typesupport_introspection_cpp.hpp
[0.404s] -- Up-to-date: /home/williamhardee/Documents/cusub2.1/install/custom_interfaces/lib/libcustom_interfaces__rosidl_typesupport_introspection_cpp.so
[0.404s] -- Up-to-date: /home/williamhardee/Documents/cusub2.1/install/custom_interfaces/lib/libcustom_interfaces__rosidl_typesupport_cpp.so
[0.405s] -- Up-to-date: /home/williamhardee/Documents/cusub2.1/install/custom_interfaces/share/custom_interfaces/environment/pythonpath.sh
[0.405s] -- Up-to-date: /home/williamhardee/Documents/cusub2.1/install/custom_interfaces/share/custom_interfaces/environment/pythonpath.dsv
[0.405s] -- Up-to-date: /home/williamhardee/Documents/cusub2.1/install/custom_interfaces/local/lib/python3.10/dist-packages/custom_interfaces-0.0.0-py3.10.egg-info
[0.405s] -- Installing: /home/williamhardee/Documents/cusub2.1/install/custom_interfaces/local/lib/python3.10/dist-packages/custom_interfaces-0.0.0-py3.10.egg-info/dependency_links.txt
[0.405s] -- Installing: /home/williamhardee/Documents/cusub2.1/install/custom_interfaces/local/lib/python3.10/dist-packages/custom_interfaces-0.0.0-py3.10.egg-info/top_level.txt
[0.405s] -- Installing: /home/williamhardee/Documents/cusub2.1/install/custom_interfaces/local/lib/python3.10/dist-packages/custom_interfaces-0.0.0-py3.10.egg-info/SOURCES.txt
[0.405s] -- Installing: /home/williamhardee/Documents/cusub2.1/install/custom_interfaces/local/lib/python3.10/dist-packages/custom_interfaces-0.0.0-py3.10.egg-info/PKG-INFO
[0.405s] -- Up-to-date: /home/williamhardee/Documents/cusub2.1/install/custom_interfaces/local/lib/python3.10/dist-packages/custom_interfaces
[0.405s] -- Up-to-date: /home/williamhardee/Documents/cusub2.1/install/custom_interfaces/local/lib/python3.10/dist-packages/custom_interfaces/libcustom_interfaces__rosidl_generator_py.so
[0.405s] -- Up-to-date: /home/williamhardee/Documents/cusub2.1/install/custom_interfaces/local/lib/python3.10/dist-packages/custom_interfaces/srv
[0.405s] -- Up-to-date: /home/williamhardee/Documents/cusub2.1/install/custom_interfaces/local/lib/python3.10/dist-packages/custom_interfaces/srv/_detect_objects_s.c
[0.405s] -- Up-to-date: /home/williamhardee/Documents/cusub2.1/install/custom_interfaces/local/lib/python3.10/dist-packages/custom_interfaces/srv/_detect_objects.py
[0.406s] -- Up-to-date: /home/williamhardee/Documents/cusub2.1/install/custom_interfaces/local/lib/python3.10/dist-packages/custom_interfaces/srv/__init__.py
[0.406s] -- Up-to-date: /home/williamhardee/Documents/cusub2.1/install/custom_interfaces/local/lib/python3.10/dist-packages/custom_interfaces/_custom_interfaces_s.ep.rosidl_typesupport_c.c
[0.406s] -- Up-to-date: /home/williamhardee/Documents/cusub2.1/install/custom_interfaces/local/lib/python3.10/dist-packages/custom_interfaces/_custom_interfaces_s.ep.rosidl_typesupport_fastrtps_c.c
[0.406s] -- Up-to-date: /home/williamhardee/Documents/cusub2.1/install/custom_interfaces/local/lib/python3.10/dist-packages/custom_interfaces/__init__.py
[0.406s] -- Up-to-date: /home/williamhardee/Documents/cusub2.1/install/custom_interfaces/local/lib/python3.10/dist-packages/custom_interfaces/custom_interfaces_s__rosidl_typesupport_c.cpython-310-x86_64-linux-gnu.so
[0.406s] -- Up-to-date: /home/williamhardee/Documents/cusub2.1/install/custom_interfaces/local/lib/python3.10/dist-packages/custom_interfaces/_custom_interfaces_s.ep.rosidl_typesupport_introspection_c.c
[0.406s] -- Up-to-date: /home/williamhardee/Documents/cusub2.1/install/custom_interfaces/local/lib/python3.10/dist-packages/custom_interfaces/custom_interfaces_s__rosidl_typesupport_fastrtps_c.cpython-310-x86_64-linux-gnu.so
[0.406s] -- Up-to-date: /home/williamhardee/Documents/cusub2.1/install/custom_interfaces/local/lib/python3.10/dist-packages/custom_interfaces/custom_interfaces_s__rosidl_typesupport_introspection_c.cpython-310-x86_64-linux-gnu.so
[0.423s] Listing '/home/williamhardee/Documents/cusub2.1/install/custom_interfaces/local/lib/python3.10/dist-packages/custom_interfaces'...
[0.423s] Listing '/home/williamhardee/Documents/cusub2.1/install/custom_interfaces/local/lib/python3.10/dist-packages/custom_interfaces/srv'...
[0.425s] -- Up-to-date: /home/williamhardee/Documents/cusub2.1/install/custom_interfaces/local/lib/python3.10/dist-packages/custom_interfaces/custom_interfaces_s__rosidl_typesupport_fastrtps_c.cpython-310-x86_64-linux-gnu.so
[0.425s] -- Up-to-date: /home/williamhardee/Documents/cusub2.1/install/custom_interfaces/local/lib/python3.10/dist-packages/custom_interfaces/custom_interfaces_s__rosidl_typesupport_introspection_c.cpython-310-x86_64-linux-gnu.so
[0.426s] -- Up-to-date: /home/williamhardee/Documents/cusub2.1/install/custom_interfaces/local/lib/python3.10/dist-packages/custom_interfaces/custom_interfaces_s__rosidl_typesupport_c.cpython-310-x86_64-linux-gnu.so
[0.427s] -- Up-to-date: /home/williamhardee/Documents/cusub2.1/install/custom_interfaces/lib/libcustom_interfaces__rosidl_generator_py.so
[0.427s] -- Up-to-date: /home/williamhardee/Documents/cusub2.1/install/custom_interfaces/share/custom_interfaces/srv/DetectObjects.idl
[0.427s] -- Up-to-date: /home/williamhardee/Documents/cusub2.1/install/custom_interfaces/share/custom_interfaces/srv/DetectObjects.srv
[0.427s] -- Up-to-date: /home/williamhardee/Documents/cusub2.1/install/custom_interfaces/share/custom_interfaces/srv/DetectObjects_Request.msg
[0.427s] -- Up-to-date: /home/williamhardee/Documents/cusub2.1/install/custom_interfaces/share/custom_interfaces/srv/DetectObjects_Response.msg
[0.427s] -- Up-to-date: /home/williamhardee/Documents/cusub2.1/install/custom_interfaces/share/ament_index/resource_index/package_run_dependencies/custom_interfaces
[0.427s] -- Up-to-date: /home/williamhardee/Documents/cusub2.1/install/custom_interfaces/share/ament_index/resource_index/parent_prefix_path/custom_interfaces
[0.427s] -- Up-to-date: /home/williamhardee/Documents/cusub2.1/install/custom_interfaces/share/custom_interfaces/environment/ament_prefix_path.sh
[0.427s] -- Up-to-date: /home/williamhardee/Documents/cusub2.1/install/custom_interfaces/share/custom_interfaces/environment/ament_prefix_path.dsv
[0.427s] -- Up-to-date: /home/williamhardee/Documents/cusub2.1/install/custom_interfaces/share/custom_interfaces/environment/path.sh
[0.428s] -- Up-to-date: /home/williamhardee/Documents/cusub2.1/install/custom_interfaces/share/custom_interfaces/environment/path.dsv
[0.428s] -- Up-to-date: /home/williamhardee/Documents/cusub2.1/install/custom_interfaces/share/custom_interfaces/local_setup.bash
[0.428s] -- Up-to-date: /home/williamhardee/Documents/cusub2.1/install/custom_interfaces/share/custom_interfaces/local_setup.sh
[0.428s] -- Up-to-date: /home/williamhardee/Documents/cusub2.1/install/custom_interfaces/share/custom_interfaces/local_setup.zsh
[0.428s] -- Up-to-date: /home/williamhardee/Documents/cusub2.1/install/custom_interfaces/share/custom_interfaces/local_setup.dsv
[0.428s] -- Installing: /home/williamhardee/Documents/cusub2.1/install/custom_interfaces/share/custom_interfaces/package.dsv
[0.428s] -- Up-to-date: /home/williamhardee/Documents/cusub2.1/install/custom_interfaces/share/ament_index/resource_index/packages/custom_interfaces
[0.428s] -- Up-to-date: /home/williamhardee/Documents/cusub2.1/install/custom_interfaces/share/custom_interfaces/cmake/export_custom_interfaces__rosidl_generator_cExport.cmake
[0.428s] -- Up-to-date: /home/williamhardee/Documents/cusub2.1/install/custom_interfaces/share/custom_interfaces/cmake/export_custom_interfaces__rosidl_generator_cExport-noconfig.cmake
[0.428s] -- Up-to-date: /home/williamhardee/Documents/cusub2.1/install/custom_interfaces/share/custom_interfaces/cmake/export_custom_interfaces__rosidl_typesupport_fastrtps_cExport.cmake
[0.428s] -- Up-to-date: /home/williamhardee/Documents/cusub2.1/install/custom_interfaces/share/custom_interfaces/cmake/export_custom_interfaces__rosidl_typesupport_fastrtps_cExport-noconfig.cmake
[0.429s] -- Up-to-date: /home/williamhardee/Documents/cusub2.1/install/custom_interfaces/share/custom_interfaces/cmake/custom_interfaces__rosidl_typesupport_introspection_cExport.cmake
[0.429s] -- Up-to-date: /home/williamhardee/Documents/cusub2.1/install/custom_interfaces/share/custom_interfaces/cmake/custom_interfaces__rosidl_typesupport_introspection_cExport-noconfig.cmake
[0.430s] -- Up-to-date: /home/williamhardee/Documents/cusub2.1/install/custom_interfaces/share/custom_interfaces/cmake/custom_interfaces__rosidl_typesupport_cExport.cmake
[0.430s] -- Up-to-date: /home/williamhardee/Documents/cusub2.1/install/custom_interfaces/share/custom_interfaces/cmake/custom_interfaces__rosidl_typesupport_cExport-noconfig.cmake
[0.430s] -- Up-to-date: /home/williamhardee/Documents/cusub2.1/install/custom_interfaces/share/custom_interfaces/cmake/export_custom_interfaces__rosidl_generator_cppExport.cmake
[0.430s] -- Up-to-date: /home/williamhardee/Documents/cusub2.1/install/custom_interfaces/share/custom_interfaces/cmake/export_custom_interfaces__rosidl_typesupport_fastrtps_cppExport.cmake
[0.430s] -- Up-to-date: /home/williamhardee/Documents/cusub2.1/install/custom_interfaces/share/custom_interfaces/cmake/export_custom_interfaces__rosidl_typesupport_fastrtps_cppExport-noconfig.cmake
[0.431s] -- Up-to-date: /home/williamhardee/Documents/cusub2.1/install/custom_interfaces/share/custom_interfaces/cmake/custom_interfaces__rosidl_typesupport_introspection_cppExport.cmake
[0.431s] -- Up-to-date: /home/williamhardee/Documents/cusub2.1/install/custom_interfaces/share/custom_interfaces/cmake/custom_interfaces__rosidl_typesupport_introspection_cppExport-noconfig.cmake
[0.431s] -- Up-to-date: /home/williamhardee/Documents/cusub2.1/install/custom_interfaces/share/custom_interfaces/cmake/custom_interfaces__rosidl_typesupport_cppExport.cmake
[0.431s] -- Up-to-date: /home/williamhardee/Documents/cusub2.1/install/custom_interfaces/share/custom_interfaces/cmake/custom_interfaces__rosidl_typesupport_cppExport-noconfig.cmake
[0.432s] -- Up-to-date: /home/williamhardee/Documents/cusub2.1/install/custom_interfaces/share/custom_interfaces/cmake/export_custom_interfaces__rosidl_generator_pyExport.cmake
[0.432s] -- Up-to-date: /home/williamhardee/Documents/cusub2.1/install/custom_interfaces/share/custom_interfaces/cmake/export_custom_interfaces__rosidl_generator_pyExport-noconfig.cmake
[0.432s] -- Up-to-date: /home/williamhardee/Documents/cusub2.1/install/custom_interfaces/share/custom_interfaces/cmake/rosidl_cmake-extras.cmake
[0.432s] -- Up-to-date: /home/williamhardee/Documents/cusub2.1/install/custom_interfaces/share/custom_interfaces/cmake/ament_cmake_export_include_directories-extras.cmake
[0.432s] -- Up-to-date: /home/williamhardee/Documents/cusub2.1/install/custom_interfaces/share/custom_interfaces/cmake/ament_cmake_export_libraries-extras.cmake
[0.432s] -- Up-to-date: /home/williamhardee/Documents/cusub2.1/install/custom_interfaces/share/custom_interfaces/cmake/ament_cmake_export_targets-extras.cmake
[0.432s] -- Up-to-date: /home/williamhardee/Documents/cusub2.1/install/custom_interfaces/share/custom_interfaces/cmake/rosidl_cmake_export_typesupport_targets-extras.cmake
[0.432s] -- Up-to-date: /home/williamhardee/Documents/cusub2.1/install/custom_interfaces/share/custom_interfaces/cmake/ament_cmake_export_dependencies-extras.cmake
[0.432s] -- Up-to-date: /home/williamhardee/Documents/cusub2.1/install/custom_interfaces/share/custom_interfaces/cmake/rosidl_cmake_export_typesupport_libraries-extras.cmake
[0.433s] -- Up-to-date: /home/williamhardee/Documents/cusub2.1/install/custom_interfaces/share/custom_interfaces/cmake/custom_interfacesConfig.cmake
[0.433s] -- Up-to-date: /home/williamhardee/Documents/cusub2.1/install/custom_interfaces/share/custom_interfaces/cmake/custom_interfacesConfig-version.cmake
[0.433s] -- Up-to-date: /home/williamhardee/Documents/cusub2.1/install/custom_interfaces/share/custom_interfaces/package.xml
[0.434s] Invoked command in '/home/williamhardee/Documents/cusub2.1/build/custom_interfaces' returned '0': CMAKE_PREFIX_PATH=/opt/ros/humble /usr/bin/cmake --install /home/williamhardee/Documents/cusub2.1/build/custom_interfaces
