[0.221s] Invoking command in '/home/williamhardee/Documents/cusub2.1/build/custom_interfaces': CMAKE_PREFIX_PATH=${CMAKE_PREFIX_PATH}:/home/williamhardee/Documents/cusub2.1/install/chimera_camera:/opt/ros/humble /usr/bin/cmake /home/williamhardee/Documents/cusub2.1/src/custom_interfaces -DCMAKE_INSTALL_PREFIX=/home/williamhardee/Documents/cusub2.1/install/custom_interfaces
[0.262s] -- The C compiler identification is GNU 11.4.0
[0.303s] -- The CXX compiler identification is GNU 11.4.0
[0.309s] -- Detecting C compiler ABI info
[0.360s] -- Detecting C compiler ABI info - done
[0.367s] -- Check for working C compiler: /usr/bin/cc - skipped
[0.367s] -- Detecting C compile features
[0.367s] -- Detecting C compile features - done
[0.369s] -- Detecting CXX compiler ABI info
[0.432s] -- Detecting CXX compiler ABI info - done
[0.438s] -- Check for working CXX compiler: /usr/bin/c++ - skipped
[0.439s] -- Detecting CXX compile features
[0.439s] -- Detecting CXX compile features - done
[0.441s] -- Found ament_cmake: 1.3.10 (/opt/ros/humble/share/ament_cmake/cmake)
[0.561s] -- Found Python3: /usr/bin/python3 (found version "3.10.12") found components: Interpreter 
[0.644s] -- Found rosidl_default_generators: 1.2.0 (/opt/ros/humble/share/rosidl_default_generators/cmake)
[0.646s] -- Using all available rosidl_typesupport_c: rosidl_typesupport_fastrtps_c;rosidl_typesupport_introspection_c
[0.651s] -- Found rosidl_adapter: 3.1.5 (/opt/ros/humble/share/rosidl_adapter/cmake)
[0.683s] -- Using all available rosidl_typesupport_cpp: rosidl_typesupport_fastrtps_cpp;rosidl_typesupport_introspection_cpp
[0.918s] -- Found ament_cmake_ros: 0.10.0 (/opt/ros/humble/share/ament_cmake_ros/cmake)
[1.093s] -- Using all available rosidl_typesupport_c: rosidl_typesupport_fastrtps_c;rosidl_typesupport_introspection_c
[1.285s] -- Using all available rosidl_typesupport_cpp: rosidl_typesupport_fastrtps_cpp;rosidl_typesupport_introspection_cpp
[1.302s] -- Found PythonInterp: /usr/bin/python3 (found suitable version "3.10.12", minimum required is "3.6") 
[1.303s] -- Found python_cmake_module: 0.10.0 (/opt/ros/humble/share/python_cmake_module/cmake)
[1.333s] -- Found PythonLibs: /usr/lib/x86_64-linux-gnu/libpython3.10.so (found suitable version "3.10.12", minimum required is "3.5") 
[1.333s] -- Using PYTHON_EXECUTABLE: /usr/bin/python3
[1.333s] -- Using PYTHON_INCLUDE_DIRS: /usr/include/python3.10
[1.334s] -- Using PYTHON_LIBRARIES: /usr/lib/x86_64-linux-gnu/libpython3.10.so
[1.361s] -- Found PythonExtra: .so  
[1.386s] -- Found ament_lint_auto: 0.12.11 (/opt/ros/humble/share/ament_lint_auto/cmake)
[1.403s] -- Added test 'lint_cmake' to check CMake code style
[1.405s] -- Added test 'xmllint' to check XML markup files
[1.409s] -- Configuring done
[1.442s] -- Generating done
[1.444s] -- Build files have been written to: /home/williamhardee/Documents/cusub2.1/build/custom_interfaces
[1.451s] Invoked command in '/home/williamhardee/Documents/cusub2.1/build/custom_interfaces' returned '0': CMAKE_PREFIX_PATH=${CMAKE_PREFIX_PATH}:/home/williamhardee/Documents/cusub2.1/install/chimera_camera:/opt/ros/humble /usr/bin/cmake /home/williamhardee/Documents/cusub2.1/src/custom_interfaces -DCMAKE_INSTALL_PREFIX=/home/williamhardee/Documents/cusub2.1/install/custom_interfaces
[1.452s] Invoking command in '/home/williamhardee/Documents/cusub2.1/build/custom_interfaces': CMAKE_PREFIX_PATH=${CMAKE_PREFIX_PATH}:/home/williamhardee/Documents/cusub2.1/install/chimera_camera:/opt/ros/humble /usr/bin/cmake --build /home/williamhardee/Documents/cusub2.1/build/custom_interfaces -- -j16 -l16
[1.478s] [  3%] [34m[1mGenerating C code for ROS interfaces[0m
[1.485s] [  6%] [34m[1mGenerating C++ code for ROS interfaces[0m
[1.499s] [  6%] Built target ament_cmake_python_copy_custom_interfaces
[1.659s] [  9%] [32mBuilding C object CMakeFiles/custom_interfaces__rosidl_generator_c.dir/rosidl_generator_c/custom_interfaces/srv/detail/detect_objects__functions.c.o[0m
[1.664s] running egg_info
[1.665s] creating custom_interfaces.egg-info
[1.665s] writing custom_interfaces.egg-info/PKG-INFO
[1.665s] writing dependency_links to custom_interfaces.egg-info/dependency_links.txt
[1.665s] writing top-level names to custom_interfaces.egg-info/top_level.txt
[1.665s] writing manifest file 'custom_interfaces.egg-info/SOURCES.txt'
[1.667s] reading manifest file 'custom_interfaces.egg-info/SOURCES.txt'
[1.667s] writing manifest file 'custom_interfaces.egg-info/SOURCES.txt'
[1.687s] [  9%] Built target ament_cmake_python_build_custom_interfaces_egg
[1.705s] [ 12%] [32m[1mLinking C shared library libcustom_interfaces__rosidl_generator_c.so[0m
[1.732s] [ 12%] Built target custom_interfaces__cpp
[1.733s] [ 12%] Built target custom_interfaces__rosidl_generator_c
[1.739s] [ 16%] [34m[1mGenerating C introspection for ROS interfaces[0m
[1.739s] [ 19%] [34m[1mGenerating C++ type support dispatch for ROS interfaces[0m
[1.740s] [ 22%] [34m[1mGenerating C type support for eProsima Fast-RTPS[0m
[1.740s] [ 25%] [34m[1mGenerating C++ type support for eProsima Fast-RTPS[0m
[1.741s] [ 29%] [34m[1mGenerating C type support dispatch for ROS interfaces[0m
[1.742s] [ 32%] [34m[1mGenerating C++ introspection for ROS interfaces[0m
[1.909s] [ 35%] [32mBuilding CXX object CMakeFiles/custom_interfaces__rosidl_typesupport_cpp.dir/rosidl_typesupport_cpp/custom_interfaces/srv/detect_objects__type_support.cpp.o[0m
[1.911s] [ 38%] [32mBuilding C object CMakeFiles/custom_interfaces__rosidl_typesupport_introspection_c.dir/rosidl_typesupport_introspection_c/custom_interfaces/srv/detail/detect_objects__type_support.c.o[0m
[1.916s] [ 41%] [32mBuilding CXX object CMakeFiles/custom_interfaces__rosidl_typesupport_c.dir/rosidl_typesupport_c/custom_interfaces/srv/detect_objects__type_support.cpp.o[0m
[1.932s] [ 45%] [32mBuilding CXX object CMakeFiles/custom_interfaces__rosidl_typesupport_introspection_cpp.dir/rosidl_typesupport_introspection_cpp/custom_interfaces/srv/detail/detect_objects__type_support.cpp.o[0m
[1.934s] [ 48%] [32m[1mLinking C shared library libcustom_interfaces__rosidl_typesupport_introspection_c.so[0m
[1.941s] [ 51%] [32m[1mLinking CXX shared library libcustom_interfaces__rosidl_typesupport_c.so[0m
[1.942s] [ 54%] [32mBuilding CXX object CMakeFiles/custom_interfaces__rosidl_typesupport_fastrtps_cpp.dir/rosidl_typesupport_fastrtps_cpp/custom_interfaces/srv/detail/dds_fastrtps/detect_objects__type_support.cpp.o[0m
[1.948s] [ 54%] Built target custom_interfaces__rosidl_typesupport_introspection_c
[1.961s] [ 54%] Built target custom_interfaces__rosidl_typesupport_c
[2.011s] [ 58%] [32mBuilding CXX object CMakeFiles/custom_interfaces__rosidl_typesupport_fastrtps_c.dir/rosidl_typesupport_fastrtps_c/custom_interfaces/srv/detail/detect_objects__type_support_c.cpp.o[0m
[2.083s] [ 61%] [32m[1mLinking CXX shared library libcustom_interfaces__rosidl_typesupport_cpp.so[0m
[2.115s] [ 61%] Built target custom_interfaces__rosidl_typesupport_cpp
[2.160s] [ 64%] [32m[1mLinking CXX shared library libcustom_interfaces__rosidl_typesupport_introspection_cpp.so[0m
[2.186s] [ 67%] [32m[1mLinking CXX shared library libcustom_interfaces__rosidl_typesupport_fastrtps_cpp.so[0m
[2.226s] [ 67%] Built target custom_interfaces__rosidl_typesupport_introspection_cpp
[2.235s] [ 70%] [32m[1mLinking CXX shared library libcustom_interfaces__rosidl_typesupport_fastrtps_c.so[0m
[2.264s] [ 70%] Built target custom_interfaces__rosidl_typesupport_fastrtps_cpp
[2.289s] [ 70%] Built target custom_interfaces__rosidl_typesupport_fastrtps_c
[2.302s] [ 70%] Built target custom_interfaces
[2.316s] [ 74%] [34m[1mGenerating Python code for ROS interfaces[0m
[2.652s] [ 74%] Built target custom_interfaces__py
[2.666s] [ 77%] [32mBuilding C object CMakeFiles/custom_interfaces__rosidl_generator_py.dir/rosidl_generator_py/custom_interfaces/srv/_detect_objects_s.c.o[0m
[2.765s] [ 80%] [32m[1mLinking C shared library rosidl_generator_py/custom_interfaces/libcustom_interfaces__rosidl_generator_py.so[0m
[2.794s] [ 80%] Built target custom_interfaces__rosidl_generator_py
[2.808s] [ 87%] [32mBuilding C object CMakeFiles/custom_interfaces__rosidl_typesupport_introspection_c__pyext.dir/rosidl_generator_py/custom_interfaces/_custom_interfaces_s.ep.rosidl_typesupport_introspection_c.c.o[0m
[2.808s] [ 87%] [32mBuilding C object CMakeFiles/custom_interfaces__rosidl_typesupport_fastrtps_c__pyext.dir/rosidl_generator_py/custom_interfaces/_custom_interfaces_s.ep.rosidl_typesupport_fastrtps_c.c.o[0m
[2.814s] [ 90%] [32mBuilding C object CMakeFiles/custom_interfaces__rosidl_typesupport_c__pyext.dir/rosidl_generator_py/custom_interfaces/_custom_interfaces_s.ep.rosidl_typesupport_c.c.o[0m
[2.877s] [ 93%] [32m[1mLinking C shared library rosidl_generator_py/custom_interfaces/custom_interfaces_s__rosidl_typesupport_fastrtps_c.cpython-310-x86_64-linux-gnu.so[0m
[2.878s] [ 96%] [32m[1mLinking C shared library rosidl_generator_py/custom_interfaces/custom_interfaces_s__rosidl_typesupport_c.cpython-310-x86_64-linux-gnu.so[0m
[2.884s] [100%] [32m[1mLinking C shared library rosidl_generator_py/custom_interfaces/custom_interfaces_s__rosidl_typesupport_introspection_c.cpython-310-x86_64-linux-gnu.so[0m
[2.898s] [100%] Built target custom_interfaces__rosidl_typesupport_c__pyext
[2.904s] [100%] Built target custom_interfaces__rosidl_typesupport_fastrtps_c__pyext
[2.908s] [100%] Built target custom_interfaces__rosidl_typesupport_introspection_c__pyext
[2.917s] Invoked command in '/home/williamhardee/Documents/cusub2.1/build/custom_interfaces' returned '0': CMAKE_PREFIX_PATH=${CMAKE_PREFIX_PATH}:/home/williamhardee/Documents/cusub2.1/install/chimera_camera:/opt/ros/humble /usr/bin/cmake --build /home/williamhardee/Documents/cusub2.1/build/custom_interfaces -- -j16 -l16
[2.962s] Invoking command in '/home/williamhardee/Documents/cusub2.1/build/custom_interfaces': CMAKE_PREFIX_PATH=${CMAKE_PREFIX_PATH}:/home/williamhardee/Documents/cusub2.1/install/chimera_camera:/opt/ros/humble /usr/bin/cmake --install /home/williamhardee/Documents/cusub2.1/build/custom_interfaces
[2.967s] -- Install configuration: ""
[2.967s] -- Installing: /home/williamhardee/Documents/cusub2.1/install/custom_interfaces/share/ament_index/resource_index/rosidl_interfaces/custom_interfaces
[2.967s] -- Installing: /home/williamhardee/Documents/cusub2.1/install/custom_interfaces/include/custom_interfaces/custom_interfaces
[2.967s] -- Installing: /home/williamhardee/Documents/cusub2.1/install/custom_interfaces/include/custom_interfaces/custom_interfaces/msg
[2.967s] -- Installing: /home/williamhardee/Documents/cusub2.1/install/custom_interfaces/include/custom_interfaces/custom_interfaces/msg/rosidl_generator_c__visibility_control.h
[2.967s] -- Installing: /home/williamhardee/Documents/cusub2.1/install/custom_interfaces/include/custom_interfaces/custom_interfaces/srv
[2.968s] -- Installing: /home/williamhardee/Documents/cusub2.1/install/custom_interfaces/include/custom_interfaces/custom_interfaces/srv/detect_objects.h
[2.968s] -- Installing: /home/williamhardee/Documents/cusub2.1/install/custom_interfaces/include/custom_interfaces/custom_interfaces/srv/detail
[2.968s] -- Installing: /home/williamhardee/Documents/cusub2.1/install/custom_interfaces/include/custom_interfaces/custom_interfaces/srv/detail/detect_objects__type_support.h
[2.968s] -- Installing: /home/williamhardee/Documents/cusub2.1/install/custom_interfaces/include/custom_interfaces/custom_interfaces/srv/detail/detect_objects__functions.h
[2.968s] -- Installing: /home/williamhardee/Documents/cusub2.1/install/custom_interfaces/include/custom_interfaces/custom_interfaces/srv/detail/detect_objects__functions.c
[2.968s] -- Installing: /home/williamhardee/Documents/cusub2.1/install/custom_interfaces/include/custom_interfaces/custom_interfaces/srv/detail/detect_objects__struct.h
[2.968s] -- Installing: /home/williamhardee/Documents/cusub2.1/install/custom_interfaces/share/custom_interfaces/environment/library_path.sh
[2.968s] -- Installing: /home/williamhardee/Documents/cusub2.1/install/custom_interfaces/share/custom_interfaces/environment/library_path.dsv
[2.968s] -- Installing: /home/williamhardee/Documents/cusub2.1/install/custom_interfaces/lib/libcustom_interfaces__rosidl_generator_c.so
[2.968s] -- Set runtime path of "/home/williamhardee/Documents/cusub2.1/install/custom_interfaces/lib/libcustom_interfaces__rosidl_generator_c.so" to ""
[2.969s] -- Up-to-date: /home/williamhardee/Documents/cusub2.1/install/custom_interfaces/include/custom_interfaces/custom_interfaces
[2.969s] -- Up-to-date: /home/williamhardee/Documents/cusub2.1/install/custom_interfaces/include/custom_interfaces/custom_interfaces/msg
[2.969s] -- Installing: /home/williamhardee/Documents/cusub2.1/install/custom_interfaces/include/custom_interfaces/custom_interfaces/msg/rosidl_typesupport_fastrtps_c__visibility_control.h
[2.969s] -- Up-to-date: /home/williamhardee/Documents/cusub2.1/install/custom_interfaces/include/custom_interfaces/custom_interfaces/srv
[2.969s] -- Up-to-date: /home/williamhardee/Documents/cusub2.1/install/custom_interfaces/include/custom_interfaces/custom_interfaces/srv/detail
[2.969s] -- Installing: /home/williamhardee/Documents/cusub2.1/install/custom_interfaces/include/custom_interfaces/custom_interfaces/srv/detail/detect_objects__rosidl_typesupport_fastrtps_c.h
[2.969s] -- Installing: /home/williamhardee/Documents/cusub2.1/install/custom_interfaces/lib/libcustom_interfaces__rosidl_typesupport_fastrtps_c.so
[2.969s] -- Set runtime path of "/home/williamhardee/Documents/cusub2.1/install/custom_interfaces/lib/libcustom_interfaces__rosidl_typesupport_fastrtps_c.so" to ""
[2.969s] -- Up-to-date: /home/williamhardee/Documents/cusub2.1/install/custom_interfaces/include/custom_interfaces/custom_interfaces
[2.969s] -- Up-to-date: /home/williamhardee/Documents/cusub2.1/install/custom_interfaces/include/custom_interfaces/custom_interfaces/msg
[2.969s] -- Installing: /home/williamhardee/Documents/cusub2.1/install/custom_interfaces/include/custom_interfaces/custom_interfaces/msg/rosidl_typesupport_introspection_c__visibility_control.h
[2.969s] -- Up-to-date: /home/williamhardee/Documents/cusub2.1/install/custom_interfaces/include/custom_interfaces/custom_interfaces/srv
[2.970s] -- Up-to-date: /home/williamhardee/Documents/cusub2.1/install/custom_interfaces/include/custom_interfaces/custom_interfaces/srv/detail
[2.970s] -- Installing: /home/williamhardee/Documents/cusub2.1/install/custom_interfaces/include/custom_interfaces/custom_interfaces/srv/detail/detect_objects__type_support.c
[2.970s] -- Installing: /home/williamhardee/Documents/cusub2.1/install/custom_interfaces/include/custom_interfaces/custom_interfaces/srv/detail/detect_objects__rosidl_typesupport_introspection_c.h
[2.970s] -- Installing: /home/williamhardee/Documents/cusub2.1/install/custom_interfaces/lib/libcustom_interfaces__rosidl_typesupport_introspection_c.so
[2.970s] -- Set runtime path of "/home/williamhardee/Documents/cusub2.1/install/custom_interfaces/lib/libcustom_interfaces__rosidl_typesupport_introspection_c.so" to ""
[2.970s] -- Installing: /home/williamhardee/Documents/cusub2.1/install/custom_interfaces/lib/libcustom_interfaces__rosidl_typesupport_c.so
[2.970s] -- Set runtime path of "/home/williamhardee/Documents/cusub2.1/install/custom_interfaces/lib/libcustom_interfaces__rosidl_typesupport_c.so" to ""
[2.970s] -- Up-to-date: /home/williamhardee/Documents/cusub2.1/install/custom_interfaces/include/custom_interfaces/custom_interfaces
[2.970s] -- Up-to-date: /home/williamhardee/Documents/cusub2.1/install/custom_interfaces/include/custom_interfaces/custom_interfaces/srv
[2.970s] -- Installing: /home/williamhardee/Documents/cusub2.1/install/custom_interfaces/include/custom_interfaces/custom_interfaces/srv/detect_objects.hpp
[2.970s] -- Up-to-date: /home/williamhardee/Documents/cusub2.1/install/custom_interfaces/include/custom_interfaces/custom_interfaces/srv/detail
[2.970s] -- Installing: /home/williamhardee/Documents/cusub2.1/install/custom_interfaces/include/custom_interfaces/custom_interfaces/srv/detail/detect_objects__traits.hpp
[2.971s] -- Installing: /home/williamhardee/Documents/cusub2.1/install/custom_interfaces/include/custom_interfaces/custom_interfaces/srv/detail/detect_objects__struct.hpp
[2.971s] -- Installing: /home/williamhardee/Documents/cusub2.1/install/custom_interfaces/include/custom_interfaces/custom_interfaces/srv/detail/detect_objects__builder.hpp
[2.971s] -- Up-to-date: /home/williamhardee/Documents/cusub2.1/install/custom_interfaces/include/custom_interfaces/custom_interfaces
[2.971s] -- Up-to-date: /home/williamhardee/Documents/cusub2.1/install/custom_interfaces/include/custom_interfaces/custom_interfaces/msg
[2.971s] -- Installing: /home/williamhardee/Documents/cusub2.1/install/custom_interfaces/include/custom_interfaces/custom_interfaces/msg/rosidl_typesupport_fastrtps_cpp__visibility_control.h
[2.971s] -- Up-to-date: /home/williamhardee/Documents/cusub2.1/install/custom_interfaces/include/custom_interfaces/custom_interfaces/srv
[2.971s] -- Up-to-date: /home/williamhardee/Documents/cusub2.1/install/custom_interfaces/include/custom_interfaces/custom_interfaces/srv/detail
[2.971s] -- Installing: /home/williamhardee/Documents/cusub2.1/install/custom_interfaces/include/custom_interfaces/custom_interfaces/srv/detail/detect_objects__rosidl_typesupport_fastrtps_cpp.hpp
[2.971s] -- Installing: /home/williamhardee/Documents/cusub2.1/install/custom_interfaces/include/custom_interfaces/custom_interfaces/srv/detail/dds_fastrtps
[2.971s] -- Installing: /home/williamhardee/Documents/cusub2.1/install/custom_interfaces/lib/libcustom_interfaces__rosidl_typesupport_fastrtps_cpp.so
[2.971s] -- Set runtime path of "/home/williamhardee/Documents/cusub2.1/install/custom_interfaces/lib/libcustom_interfaces__rosidl_typesupport_fastrtps_cpp.so" to ""
[2.971s] -- Up-to-date: /home/williamhardee/Documents/cusub2.1/install/custom_interfaces/include/custom_interfaces/custom_interfaces
[2.971s] -- Up-to-date: /home/williamhardee/Documents/cusub2.1/install/custom_interfaces/include/custom_interfaces/custom_interfaces/srv
[2.971s] -- Up-to-date: /home/williamhardee/Documents/cusub2.1/install/custom_interfaces/include/custom_interfaces/custom_interfaces/srv/detail
[2.972s] -- Installing: /home/williamhardee/Documents/cusub2.1/install/custom_interfaces/include/custom_interfaces/custom_interfaces/srv/detail/detect_objects__type_support.cpp
[2.972s] -- Installing: /home/williamhardee/Documents/cusub2.1/install/custom_interfaces/include/custom_interfaces/custom_interfaces/srv/detail/detect_objects__rosidl_typesupport_introspection_cpp.hpp
[2.972s] -- Installing: /home/williamhardee/Documents/cusub2.1/install/custom_interfaces/lib/libcustom_interfaces__rosidl_typesupport_introspection_cpp.so
[2.972s] -- Set runtime path of "/home/williamhardee/Documents/cusub2.1/install/custom_interfaces/lib/libcustom_interfaces__rosidl_typesupport_introspection_cpp.so" to ""
[2.972s] -- Installing: /home/williamhardee/Documents/cusub2.1/install/custom_interfaces/lib/libcustom_interfaces__rosidl_typesupport_cpp.so
[2.972s] -- Set runtime path of "/home/williamhardee/Documents/cusub2.1/install/custom_interfaces/lib/libcustom_interfaces__rosidl_typesupport_cpp.so" to ""
[2.972s] -- Installing: /home/williamhardee/Documents/cusub2.1/install/custom_interfaces/share/custom_interfaces/environment/pythonpath.sh
[2.972s] -- Installing: /home/williamhardee/Documents/cusub2.1/install/custom_interfaces/share/custom_interfaces/environment/pythonpath.dsv
[2.972s] -- Installing: /home/williamhardee/Documents/cusub2.1/install/custom_interfaces/local/lib/python3.10/dist-packages/custom_interfaces-0.0.0-py3.10.egg-info
[2.972s] -- Installing: /home/williamhardee/Documents/cusub2.1/install/custom_interfaces/local/lib/python3.10/dist-packages/custom_interfaces-0.0.0-py3.10.egg-info/dependency_links.txt
[2.972s] -- Installing: /home/williamhardee/Documents/cusub2.1/install/custom_interfaces/local/lib/python3.10/dist-packages/custom_interfaces-0.0.0-py3.10.egg-info/top_level.txt
[2.973s] -- Installing: /home/williamhardee/Documents/cusub2.1/install/custom_interfaces/local/lib/python3.10/dist-packages/custom_interfaces-0.0.0-py3.10.egg-info/SOURCES.txt
[2.973s] -- Installing: /home/williamhardee/Documents/cusub2.1/install/custom_interfaces/local/lib/python3.10/dist-packages/custom_interfaces-0.0.0-py3.10.egg-info/PKG-INFO
[2.973s] -- Installing: /home/williamhardee/Documents/cusub2.1/install/custom_interfaces/local/lib/python3.10/dist-packages/custom_interfaces
[2.973s] -- Installing: /home/williamhardee/Documents/cusub2.1/install/custom_interfaces/local/lib/python3.10/dist-packages/custom_interfaces/libcustom_interfaces__rosidl_generator_py.so
[2.973s] -- Installing: /home/williamhardee/Documents/cusub2.1/install/custom_interfaces/local/lib/python3.10/dist-packages/custom_interfaces/srv
[2.973s] -- Installing: /home/williamhardee/Documents/cusub2.1/install/custom_interfaces/local/lib/python3.10/dist-packages/custom_interfaces/srv/_detect_objects_s.c
[2.973s] -- Installing: /home/williamhardee/Documents/cusub2.1/install/custom_interfaces/local/lib/python3.10/dist-packages/custom_interfaces/srv/_detect_objects.py
[2.973s] -- Installing: /home/williamhardee/Documents/cusub2.1/install/custom_interfaces/local/lib/python3.10/dist-packages/custom_interfaces/srv/__init__.py
[2.973s] -- Installing: /home/williamhardee/Documents/cusub2.1/install/custom_interfaces/local/lib/python3.10/dist-packages/custom_interfaces/_custom_interfaces_s.ep.rosidl_typesupport_c.c
[2.973s] -- Installing: /home/williamhardee/Documents/cusub2.1/install/custom_interfaces/local/lib/python3.10/dist-packages/custom_interfaces/_custom_interfaces_s.ep.rosidl_typesupport_fastrtps_c.c
[2.973s] -- Installing: /home/williamhardee/Documents/cusub2.1/install/custom_interfaces/local/lib/python3.10/dist-packages/custom_interfaces/__init__.py
[2.973s] -- Installing: /home/williamhardee/Documents/cusub2.1/install/custom_interfaces/local/lib/python3.10/dist-packages/custom_interfaces/custom_interfaces_s__rosidl_typesupport_c.cpython-310-x86_64-linux-gnu.so
[2.974s] -- Installing: /home/williamhardee/Documents/cusub2.1/install/custom_interfaces/local/lib/python3.10/dist-packages/custom_interfaces/_custom_interfaces_s.ep.rosidl_typesupport_introspection_c.c
[2.974s] -- Installing: /home/williamhardee/Documents/cusub2.1/install/custom_interfaces/local/lib/python3.10/dist-packages/custom_interfaces/custom_interfaces_s__rosidl_typesupport_fastrtps_c.cpython-310-x86_64-linux-gnu.so
[2.974s] -- Installing: /home/williamhardee/Documents/cusub2.1/install/custom_interfaces/local/lib/python3.10/dist-packages/custom_interfaces/custom_interfaces_s__rosidl_typesupport_introspection_c.cpython-310-x86_64-linux-gnu.so
[3.003s] Listing '/home/williamhardee/Documents/cusub2.1/install/custom_interfaces/local/lib/python3.10/dist-packages/custom_interfaces'...
[3.003s] Compiling '/home/williamhardee/Documents/cusub2.1/install/custom_interfaces/local/lib/python3.10/dist-packages/custom_interfaces/__init__.py'...
[3.003s] Listing '/home/williamhardee/Documents/cusub2.1/install/custom_interfaces/local/lib/python3.10/dist-packages/custom_interfaces/srv'...
[3.003s] Compiling '/home/williamhardee/Documents/cusub2.1/install/custom_interfaces/local/lib/python3.10/dist-packages/custom_interfaces/srv/__init__.py'...
[3.003s] Compiling '/home/williamhardee/Documents/cusub2.1/install/custom_interfaces/local/lib/python3.10/dist-packages/custom_interfaces/srv/_detect_objects.py'...
[3.006s] -- Installing: /home/williamhardee/Documents/cusub2.1/install/custom_interfaces/local/lib/python3.10/dist-packages/custom_interfaces/custom_interfaces_s__rosidl_typesupport_fastrtps_c.cpython-310-x86_64-linux-gnu.so
[3.007s] -- Set runtime path of "/home/williamhardee/Documents/cusub2.1/install/custom_interfaces/local/lib/python3.10/dist-packages/custom_interfaces/custom_interfaces_s__rosidl_typesupport_fastrtps_c.cpython-310-x86_64-linux-gnu.so" to ""
[3.007s] -- Installing: /home/williamhardee/Documents/cusub2.1/install/custom_interfaces/local/lib/python3.10/dist-packages/custom_interfaces/custom_interfaces_s__rosidl_typesupport_introspection_c.cpython-310-x86_64-linux-gnu.so
[3.007s] -- Set runtime path of "/home/williamhardee/Documents/cusub2.1/install/custom_interfaces/local/lib/python3.10/dist-packages/custom_interfaces/custom_interfaces_s__rosidl_typesupport_introspection_c.cpython-310-x86_64-linux-gnu.so" to ""
[3.007s] -- Installing: /home/williamhardee/Documents/cusub2.1/install/custom_interfaces/local/lib/python3.10/dist-packages/custom_interfaces/custom_interfaces_s__rosidl_typesupport_c.cpython-310-x86_64-linux-gnu.so
[3.007s] -- Set runtime path of "/home/williamhardee/Documents/cusub2.1/install/custom_interfaces/local/lib/python3.10/dist-packages/custom_interfaces/custom_interfaces_s__rosidl_typesupport_c.cpython-310-x86_64-linux-gnu.so" to ""
[3.007s] -- Installing: /home/williamhardee/Documents/cusub2.1/install/custom_interfaces/lib/libcustom_interfaces__rosidl_generator_py.so
[3.007s] -- Set runtime path of "/home/williamhardee/Documents/cusub2.1/install/custom_interfaces/lib/libcustom_interfaces__rosidl_generator_py.so" to ""
[3.008s] -- Installing: /home/williamhardee/Documents/cusub2.1/install/custom_interfaces/share/custom_interfaces/srv/DetectObjects.idl
[3.008s] -- Installing: /home/williamhardee/Documents/cusub2.1/install/custom_interfaces/share/custom_interfaces/srv/DetectObjects.srv
[3.008s] -- Installing: /home/williamhardee/Documents/cusub2.1/install/custom_interfaces/share/custom_interfaces/srv/DetectObjects_Request.msg
[3.008s] -- Installing: /home/williamhardee/Documents/cusub2.1/install/custom_interfaces/share/custom_interfaces/srv/DetectObjects_Response.msg
[3.008s] -- Installing: /home/williamhardee/Documents/cusub2.1/install/custom_interfaces/share/ament_index/resource_index/package_run_dependencies/custom_interfaces
[3.008s] -- Installing: /home/williamhardee/Documents/cusub2.1/install/custom_interfaces/share/ament_index/resource_index/parent_prefix_path/custom_interfaces
[3.008s] -- Installing: /home/williamhardee/Documents/cusub2.1/install/custom_interfaces/share/custom_interfaces/environment/ament_prefix_path.sh
[3.008s] -- Installing: /home/williamhardee/Documents/cusub2.1/install/custom_interfaces/share/custom_interfaces/environment/ament_prefix_path.dsv
[3.008s] -- Installing: /home/williamhardee/Documents/cusub2.1/install/custom_interfaces/share/custom_interfaces/environment/path.sh
[3.008s] -- Installing: /home/williamhardee/Documents/cusub2.1/install/custom_interfaces/share/custom_interfaces/environment/path.dsv
[3.009s] -- Installing: /home/williamhardee/Documents/cusub2.1/install/custom_interfaces/share/custom_interfaces/local_setup.bash
[3.009s] -- Installing: /home/williamhardee/Documents/cusub2.1/install/custom_interfaces/share/custom_interfaces/local_setup.sh
[3.009s] -- Installing: /home/williamhardee/Documents/cusub2.1/install/custom_interfaces/share/custom_interfaces/local_setup.zsh
[3.009s] -- Installing: /home/williamhardee/Documents/cusub2.1/install/custom_interfaces/share/custom_interfaces/local_setup.dsv
[3.009s] -- Installing: /home/williamhardee/Documents/cusub2.1/install/custom_interfaces/share/custom_interfaces/package.dsv
[3.009s] -- Installing: /home/williamhardee/Documents/cusub2.1/install/custom_interfaces/share/ament_index/resource_index/packages/custom_interfaces
[3.009s] -- Installing: /home/williamhardee/Documents/cusub2.1/install/custom_interfaces/share/custom_interfaces/cmake/export_custom_interfaces__rosidl_generator_cExport.cmake
[3.009s] -- Installing: /home/williamhardee/Documents/cusub2.1/install/custom_interfaces/share/custom_interfaces/cmake/export_custom_interfaces__rosidl_generator_cExport-noconfig.cmake
[3.009s] -- Installing: /home/williamhardee/Documents/cusub2.1/install/custom_interfaces/share/custom_interfaces/cmake/export_custom_interfaces__rosidl_typesupport_fastrtps_cExport.cmake
[3.010s] -- Installing: /home/williamhardee/Documents/cusub2.1/install/custom_interfaces/share/custom_interfaces/cmake/export_custom_interfaces__rosidl_typesupport_fastrtps_cExport-noconfig.cmake
[3.010s] -- Installing: /home/williamhardee/Documents/cusub2.1/install/custom_interfaces/share/custom_interfaces/cmake/custom_interfaces__rosidl_typesupport_introspection_cExport.cmake
[3.010s] -- Installing: /home/williamhardee/Documents/cusub2.1/install/custom_interfaces/share/custom_interfaces/cmake/custom_interfaces__rosidl_typesupport_introspection_cExport-noconfig.cmake
[3.010s] -- Installing: /home/williamhardee/Documents/cusub2.1/install/custom_interfaces/share/custom_interfaces/cmake/custom_interfaces__rosidl_typesupport_cExport.cmake
[3.010s] -- Installing: /home/williamhardee/Documents/cusub2.1/install/custom_interfaces/share/custom_interfaces/cmake/custom_interfaces__rosidl_typesupport_cExport-noconfig.cmake
[3.010s] -- Installing: /home/williamhardee/Documents/cusub2.1/install/custom_interfaces/share/custom_interfaces/cmake/export_custom_interfaces__rosidl_generator_cppExport.cmake
[3.010s] -- Installing: /home/williamhardee/Documents/cusub2.1/install/custom_interfaces/share/custom_interfaces/cmake/export_custom_interfaces__rosidl_typesupport_fastrtps_cppExport.cmake
[3.010s] -- Installing: /home/williamhardee/Documents/cusub2.1/install/custom_interfaces/share/custom_interfaces/cmake/export_custom_interfaces__rosidl_typesupport_fastrtps_cppExport-noconfig.cmake
[3.010s] -- Installing: /home/williamhardee/Documents/cusub2.1/install/custom_interfaces/share/custom_interfaces/cmake/custom_interfaces__rosidl_typesupport_introspection_cppExport.cmake
[3.010s] -- Installing: /home/williamhardee/Documents/cusub2.1/install/custom_interfaces/share/custom_interfaces/cmake/custom_interfaces__rosidl_typesupport_introspection_cppExport-noconfig.cmake
[3.011s] -- Installing: /home/williamhardee/Documents/cusub2.1/install/custom_interfaces/share/custom_interfaces/cmake/custom_interfaces__rosidl_typesupport_cppExport.cmake
[3.011s] -- Installing: /home/williamhardee/Documents/cusub2.1/install/custom_interfaces/share/custom_interfaces/cmake/custom_interfaces__rosidl_typesupport_cppExport-noconfig.cmake
[3.011s] -- Installing: /home/williamhardee/Documents/cusub2.1/install/custom_interfaces/share/custom_interfaces/cmake/export_custom_interfaces__rosidl_generator_pyExport.cmake
[3.011s] -- Installing: /home/williamhardee/Documents/cusub2.1/install/custom_interfaces/share/custom_interfaces/cmake/export_custom_interfaces__rosidl_generator_pyExport-noconfig.cmake
[3.011s] -- Installing: /home/williamhardee/Documents/cusub2.1/install/custom_interfaces/share/custom_interfaces/cmake/rosidl_cmake-extras.cmake
[3.011s] -- Installing: /home/williamhardee/Documents/cusub2.1/install/custom_interfaces/share/custom_interfaces/cmake/ament_cmake_export_include_directories-extras.cmake
[3.011s] -- Installing: /home/williamhardee/Documents/cusub2.1/install/custom_interfaces/share/custom_interfaces/cmake/ament_cmake_export_libraries-extras.cmake
[3.011s] -- Installing: /home/williamhardee/Documents/cusub2.1/install/custom_interfaces/share/custom_interfaces/cmake/ament_cmake_export_targets-extras.cmake
[3.011s] -- Installing: /home/williamhardee/Documents/cusub2.1/install/custom_interfaces/share/custom_interfaces/cmake/rosidl_cmake_export_typesupport_targets-extras.cmake
[3.011s] -- Installing: /home/williamhardee/Documents/cusub2.1/install/custom_interfaces/share/custom_interfaces/cmake/ament_cmake_export_dependencies-extras.cmake
[3.012s] -- Installing: /home/williamhardee/Documents/cusub2.1/install/custom_interfaces/share/custom_interfaces/cmake/rosidl_cmake_export_typesupport_libraries-extras.cmake
[3.012s] -- Installing: /home/williamhardee/Documents/cusub2.1/install/custom_interfaces/share/custom_interfaces/cmake/custom_interfacesConfig.cmake
[3.012s] -- Installing: /home/williamhardee/Documents/cusub2.1/install/custom_interfaces/share/custom_interfaces/cmake/custom_interfacesConfig-version.cmake
[3.012s] -- Installing: /home/williamhardee/Documents/cusub2.1/install/custom_interfaces/share/custom_interfaces/package.xml
[3.014s] Invoked command in '/home/williamhardee/Documents/cusub2.1/build/custom_interfaces' returned '0': CMAKE_PREFIX_PATH=${CMAKE_PREFIX_PATH}:/home/williamhardee/Documents/cusub2.1/install/chimera_camera:/opt/ros/humble /usr/bin/cmake --install /home/williamhardee/Documents/cusub2.1/build/custom_interfaces
