[0.222s] Invoking command in '/home/williamhardee/Documents/cusub2.1/build/custom_interfaces': CMAKE_PREFIX_PATH=${CMAKE_PREFIX_PATH}:/home/williamhardee/Documents/cusub2.1/install/chimera_camera:/opt/ros/humble /usr/bin/cmake --build /home/williamhardee/Documents/cusub2.1/build/custom_interfaces -- -j16 -l16
[0.257s] [  9%] Built target custom_interfaces__rosidl_generator_c
[0.257s] [ 12%] Built target custom_interfaces__cpp
[0.269s] [ 22%] Built target custom_interfaces__rosidl_typesupport_fastrtps_c
[0.269s] [ 32%] Built target custom_interfaces__rosidl_typesupport_fastrtps_cpp
[0.269s] [ 32%] Built target ament_cmake_python_copy_custom_interfaces
[0.273s] [ 41%] Built target custom_interfaces__rosidl_typesupport_c
[0.273s] [ 51%] Built target custom_interfaces__rosidl_typesupport_introspection_c
[0.274s] [ 61%] Built target custom_interfaces__rosidl_typesupport_introspection_cpp
[0.285s] [ 70%] Built target custom_interfaces__rosidl_typesupport_cpp
[0.298s] [ 70%] Built target custom_interfaces
[0.313s] [ 74%] Built target custom_interfaces__py
[0.328s] [ 80%] Built target custom_interfaces__rosidl_generator_py
[0.344s] [ 87%] Built target custom_interfaces__rosidl_typesupport_fastrtps_c__pyext
[0.345s] [ 93%] Built target custom_interfaces__rosidl_typesupport_introspection_c__pyext
[0.353s] [100%] Built target custom_interfaces__rosidl_typesupport_c__pyext
[0.476s] running egg_info
[0.476s] writing custom_interfaces.egg-info/PKG-INFO
[0.477s] writing dependency_links to custom_interfaces.egg-info/dependency_links.txt
[0.477s] writing top-level names to custom_interfaces.egg-info/top_level.txt
[0.478s] reading manifest file 'custom_interfaces.egg-info/SOURCES.txt'
[0.479s] writing manifest file 'custom_interfaces.egg-info/SOURCES.txt'
[0.497s] [100%] Built target ament_cmake_python_build_custom_interfaces_egg
[0.505s] Invoked command in '/home/williamhardee/Documents/cusub2.1/build/custom_interfaces' returned '0': CMAKE_PREFIX_PATH=${CMAKE_PREFIX_PATH}:/home/williamhardee/Documents/cusub2.1/install/chimera_camera:/opt/ros/humble /usr/bin/cmake --build /home/williamhardee/Documents/cusub2.1/build/custom_interfaces -- -j16 -l16
[0.553s] Invoking command in '/home/williamhardee/Documents/cusub2.1/build/custom_interfaces': CMAKE_PREFIX_PATH=${CMAKE_PREFIX_PATH}:/home/williamhardee/Documents/cusub2.1/install/chimera_camera:/opt/ros/humble /usr/bin/cmake --install /home/williamhardee/Documents/cusub2.1/build/custom_interfaces
[0.559s] -- Install configuration: ""
[0.559s] -- Up-to-date: /home/williamhardee/Documents/cusub2.1/install/custom_interfaces/share/ament_index/resource_index/rosidl_interfaces/custom_interfaces
[0.559s] -- Up-to-date: /home/williamhardee/Documents/cusub2.1/install/custom_interfaces/include/custom_interfaces/custom_interfaces
[0.559s] -- Up-to-date: /home/williamhardee/Documents/cusub2.1/install/custom_interfaces/include/custom_interfaces/custom_interfaces/msg
[0.559s] -- Up-to-date: /home/williamhardee/Documents/cusub2.1/install/custom_interfaces/include/custom_interfaces/custom_interfaces/msg/rosidl_generator_c__visibility_control.h
[0.559s] -- Up-to-date: /home/williamhardee/Documents/cusub2.1/install/custom_interfaces/include/custom_interfaces/custom_interfaces/srv
[0.559s] -- Up-to-date: /home/williamhardee/Documents/cusub2.1/install/custom_interfaces/include/custom_interfaces/custom_interfaces/srv/detect_objects.h
[0.559s] -- Up-to-date: /home/williamhardee/Documents/cusub2.1/install/custom_interfaces/include/custom_interfaces/custom_interfaces/srv/detail
[0.560s] -- Up-to-date: /home/williamhardee/Documents/cusub2.1/install/custom_interfaces/include/custom_interfaces/custom_interfaces/srv/detail/detect_objects__type_support.h
[0.560s] -- Up-to-date: /home/williamhardee/Documents/cusub2.1/install/custom_interfaces/include/custom_interfaces/custom_interfaces/srv/detail/detect_objects__functions.h
[0.560s] -- Up-to-date: /home/williamhardee/Documents/cusub2.1/install/custom_interfaces/include/custom_interfaces/custom_interfaces/srv/detail/detect_objects__functions.c
[0.560s] -- Up-to-date: /home/williamhardee/Documents/cusub2.1/install/custom_interfaces/include/custom_interfaces/custom_interfaces/srv/detail/detect_objects__struct.h
[0.560s] -- Up-to-date: /home/williamhardee/Documents/cusub2.1/install/custom_interfaces/share/custom_interfaces/environment/library_path.sh
[0.560s] -- Up-to-date: /home/williamhardee/Documents/cusub2.1/install/custom_interfaces/share/custom_interfaces/environment/library_path.dsv
[0.560s] -- Up-to-date: /home/williamhardee/Documents/cusub2.1/install/custom_interfaces/lib/libcustom_interfaces__rosidl_generator_c.so
[0.560s] -- Up-to-date: /home/williamhardee/Documents/cusub2.1/install/custom_interfaces/include/custom_interfaces/custom_interfaces
[0.560s] -- Up-to-date: /home/williamhardee/Documents/cusub2.1/install/custom_interfaces/include/custom_interfaces/custom_interfaces/msg
[0.560s] -- Up-to-date: /home/williamhardee/Documents/cusub2.1/install/custom_interfaces/include/custom_interfaces/custom_interfaces/msg/rosidl_typesupport_fastrtps_c__visibility_control.h
[0.560s] -- Up-to-date: /home/williamhardee/Documents/cusub2.1/install/custom_interfaces/include/custom_interfaces/custom_interfaces/srv
[0.560s] -- Up-to-date: /home/williamhardee/Documents/cusub2.1/install/custom_interfaces/include/custom_interfaces/custom_interfaces/srv/detail
[0.561s] -- Up-to-date: /home/williamhardee/Documents/cusub2.1/install/custom_interfaces/include/custom_interfaces/custom_interfaces/srv/detail/detect_objects__rosidl_typesupport_fastrtps_c.h
[0.561s] -- Up-to-date: /home/williamhardee/Documents/cusub2.1/install/custom_interfaces/lib/libcustom_interfaces__rosidl_typesupport_fastrtps_c.so
[0.561s] -- Up-to-date: /home/williamhardee/Documents/cusub2.1/install/custom_interfaces/include/custom_interfaces/custom_interfaces
[0.561s] -- Up-to-date: /home/williamhardee/Documents/cusub2.1/install/custom_interfaces/include/custom_interfaces/custom_interfaces/msg
[0.561s] -- Up-to-date: /home/williamhardee/Documents/cusub2.1/install/custom_interfaces/include/custom_interfaces/custom_interfaces/msg/rosidl_typesupport_introspection_c__visibility_control.h
[0.561s] -- Up-to-date: /home/williamhardee/Documents/cusub2.1/install/custom_interfaces/include/custom_interfaces/custom_interfaces/srv
[0.561s] -- Up-to-date: /home/williamhardee/Documents/cusub2.1/install/custom_interfaces/include/custom_interfaces/custom_interfaces/srv/detail
[0.561s] -- Up-to-date: /home/williamhardee/Documents/cusub2.1/install/custom_interfaces/include/custom_interfaces/custom_interfaces/srv/detail/detect_objects__type_support.c
[0.561s] -- Up-to-date: /home/williamhardee/Documents/cusub2.1/install/custom_interfaces/include/custom_interfaces/custom_interfaces/srv/detail/detect_objects__rosidl_typesupport_introspection_c.h
[0.561s] -- Up-to-date: /home/williamhardee/Documents/cusub2.1/install/custom_interfaces/lib/libcustom_interfaces__rosidl_typesupport_introspection_c.so
[0.561s] -- Up-to-date: /home/williamhardee/Documents/cusub2.1/install/custom_interfaces/lib/libcustom_interfaces__rosidl_typesupport_c.so
[0.562s] -- Up-to-date: /home/williamhardee/Documents/cusub2.1/install/custom_interfaces/include/custom_interfaces/custom_interfaces
[0.562s] -- Up-to-date: /home/williamhardee/Documents/cusub2.1/install/custom_interfaces/include/custom_interfaces/custom_interfaces/srv
[0.562s] -- Up-to-date: /home/williamhardee/Documents/cusub2.1/install/custom_interfaces/include/custom_interfaces/custom_interfaces/srv/detect_objects.hpp
[0.562s] -- Up-to-date: /home/williamhardee/Documents/cusub2.1/install/custom_interfaces/include/custom_interfaces/custom_interfaces/srv/detail
[0.562s] -- Up-to-date: /home/williamhardee/Documents/cusub2.1/install/custom_interfaces/include/custom_interfaces/custom_interfaces/srv/detail/detect_objects__traits.hpp
[0.562s] -- Up-to-date: /home/williamhardee/Documents/cusub2.1/install/custom_interfaces/include/custom_interfaces/custom_interfaces/srv/detail/detect_objects__struct.hpp
[0.562s] -- Up-to-date: /home/williamhardee/Documents/cusub2.1/install/custom_interfaces/include/custom_interfaces/custom_interfaces/srv/detail/detect_objects__builder.hpp
[0.562s] -- Up-to-date: /home/williamhardee/Documents/cusub2.1/install/custom_interfaces/include/custom_interfaces/custom_interfaces
[0.562s] -- Up-to-date: /home/williamhardee/Documents/cusub2.1/install/custom_interfaces/include/custom_interfaces/custom_interfaces/msg
[0.562s] -- Up-to-date: /home/williamhardee/Documents/cusub2.1/install/custom_interfaces/include/custom_interfaces/custom_interfaces/msg/rosidl_typesupport_fastrtps_cpp__visibility_control.h
[0.562s] -- Up-to-date: /home/williamhardee/Documents/cusub2.1/install/custom_interfaces/include/custom_interfaces/custom_interfaces/srv
[0.562s] -- Up-to-date: /home/williamhardee/Documents/cusub2.1/install/custom_interfaces/include/custom_interfaces/custom_interfaces/srv/detail
[0.563s] -- Up-to-date: /home/williamhardee/Documents/cusub2.1/install/custom_interfaces/include/custom_interfaces/custom_interfaces/srv/detail/detect_objects__rosidl_typesupport_fastrtps_cpp.hpp
[0.563s] -- Up-to-date: /home/williamhardee/Documents/cusub2.1/install/custom_interfaces/include/custom_interfaces/custom_interfaces/srv/detail/dds_fastrtps
[0.563s] -- Up-to-date: /home/williamhardee/Documents/cusub2.1/install/custom_interfaces/lib/libcustom_interfaces__rosidl_typesupport_fastrtps_cpp.so
[0.563s] -- Up-to-date: /home/williamhardee/Documents/cusub2.1/install/custom_interfaces/include/custom_interfaces/custom_interfaces
[0.563s] -- Up-to-date: /home/williamhardee/Documents/cusub2.1/install/custom_interfaces/include/custom_interfaces/custom_interfaces/srv
[0.563s] -- Up-to-date: /home/williamhardee/Documents/cusub2.1/install/custom_interfaces/include/custom_interfaces/custom_interfaces/srv/detail
[0.563s] -- Up-to-date: /home/williamhardee/Documents/cusub2.1/install/custom_interfaces/include/custom_interfaces/custom_interfaces/srv/detail/detect_objects__type_support.cpp
[0.563s] -- Up-to-date: /home/williamhardee/Documents/cusub2.1/install/custom_interfaces/include/custom_interfaces/custom_interfaces/srv/detail/detect_objects__rosidl_typesupport_introspection_cpp.hpp
[0.563s] -- Up-to-date: /home/williamhardee/Documents/cusub2.1/install/custom_interfaces/lib/libcustom_interfaces__rosidl_typesupport_introspection_cpp.so
[0.563s] -- Up-to-date: /home/williamhardee/Documents/cusub2.1/install/custom_interfaces/lib/libcustom_interfaces__rosidl_typesupport_cpp.so
[0.563s] -- Up-to-date: /home/williamhardee/Documents/cusub2.1/install/custom_interfaces/share/custom_interfaces/environment/pythonpath.sh
[0.563s] -- Up-to-date: /home/williamhardee/Documents/cusub2.1/install/custom_interfaces/share/custom_interfaces/environment/pythonpath.dsv
[0.563s] -- Up-to-date: /home/williamhardee/Documents/cusub2.1/install/custom_interfaces/local/lib/python3.10/dist-packages/custom_interfaces-0.0.0-py3.10.egg-info
[0.563s] -- Installing: /home/williamhardee/Documents/cusub2.1/install/custom_interfaces/local/lib/python3.10/dist-packages/custom_interfaces-0.0.0-py3.10.egg-info/dependency_links.txt
[0.564s] -- Installing: /home/williamhardee/Documents/cusub2.1/install/custom_interfaces/local/lib/python3.10/dist-packages/custom_interfaces-0.0.0-py3.10.egg-info/top_level.txt
[0.564s] -- Installing: /home/williamhardee/Documents/cusub2.1/install/custom_interfaces/local/lib/python3.10/dist-packages/custom_interfaces-0.0.0-py3.10.egg-info/SOURCES.txt
[0.564s] -- Installing: /home/williamhardee/Documents/cusub2.1/install/custom_interfaces/local/lib/python3.10/dist-packages/custom_interfaces-0.0.0-py3.10.egg-info/PKG-INFO
[0.564s] -- Up-to-date: /home/williamhardee/Documents/cusub2.1/install/custom_interfaces/local/lib/python3.10/dist-packages/custom_interfaces
[0.564s] -- Up-to-date: /home/williamhardee/Documents/cusub2.1/install/custom_interfaces/local/lib/python3.10/dist-packages/custom_interfaces/libcustom_interfaces__rosidl_generator_py.so
[0.564s] -- Up-to-date: /home/williamhardee/Documents/cusub2.1/install/custom_interfaces/local/lib/python3.10/dist-packages/custom_interfaces/srv
[0.564s] -- Up-to-date: /home/williamhardee/Documents/cusub2.1/install/custom_interfaces/local/lib/python3.10/dist-packages/custom_interfaces/srv/_detect_objects_s.c
[0.564s] -- Up-to-date: /home/williamhardee/Documents/cusub2.1/install/custom_interfaces/local/lib/python3.10/dist-packages/custom_interfaces/srv/_detect_objects.py
[0.564s] -- Up-to-date: /home/williamhardee/Documents/cusub2.1/install/custom_interfaces/local/lib/python3.10/dist-packages/custom_interfaces/srv/__init__.py
[0.564s] -- Up-to-date: /home/williamhardee/Documents/cusub2.1/install/custom_interfaces/local/lib/python3.10/dist-packages/custom_interfaces/_custom_interfaces_s.ep.rosidl_typesupport_c.c
[0.564s] -- Up-to-date: /home/williamhardee/Documents/cusub2.1/install/custom_interfaces/local/lib/python3.10/dist-packages/custom_interfaces/_custom_interfaces_s.ep.rosidl_typesupport_fastrtps_c.c
[0.564s] -- Up-to-date: /home/williamhardee/Documents/cusub2.1/install/custom_interfaces/local/lib/python3.10/dist-packages/custom_interfaces/__init__.py
[0.564s] -- Up-to-date: /home/williamhardee/Documents/cusub2.1/install/custom_interfaces/local/lib/python3.10/dist-packages/custom_interfaces/custom_interfaces_s__rosidl_typesupport_c.cpython-310-x86_64-linux-gnu.so
[0.564s] -- Up-to-date: /home/williamhardee/Documents/cusub2.1/install/custom_interfaces/local/lib/python3.10/dist-packages/custom_interfaces/_custom_interfaces_s.ep.rosidl_typesupport_introspection_c.c
[0.564s] -- Up-to-date: /home/williamhardee/Documents/cusub2.1/install/custom_interfaces/local/lib/python3.10/dist-packages/custom_interfaces/custom_interfaces_s__rosidl_typesupport_fastrtps_c.cpython-310-x86_64-linux-gnu.so
[0.565s] -- Up-to-date: /home/williamhardee/Documents/cusub2.1/install/custom_interfaces/local/lib/python3.10/dist-packages/custom_interfaces/custom_interfaces_s__rosidl_typesupport_introspection_c.cpython-310-x86_64-linux-gnu.so
[0.589s] Listing '/home/williamhardee/Documents/cusub2.1/install/custom_interfaces/local/lib/python3.10/dist-packages/custom_interfaces'...
[0.589s] Listing '/home/williamhardee/Documents/cusub2.1/install/custom_interfaces/local/lib/python3.10/dist-packages/custom_interfaces/srv'...
[0.593s] -- Up-to-date: /home/williamhardee/Documents/cusub2.1/install/custom_interfaces/local/lib/python3.10/dist-packages/custom_interfaces/custom_interfaces_s__rosidl_typesupport_fastrtps_c.cpython-310-x86_64-linux-gnu.so
[0.593s] -- Up-to-date: /home/williamhardee/Documents/cusub2.1/install/custom_interfaces/local/lib/python3.10/dist-packages/custom_interfaces/custom_interfaces_s__rosidl_typesupport_introspection_c.cpython-310-x86_64-linux-gnu.so
[0.593s] -- Up-to-date: /home/williamhardee/Documents/cusub2.1/install/custom_interfaces/local/lib/python3.10/dist-packages/custom_interfaces/custom_interfaces_s__rosidl_typesupport_c.cpython-310-x86_64-linux-gnu.so
[0.593s] -- Up-to-date: /home/williamhardee/Documents/cusub2.1/install/custom_interfaces/lib/libcustom_interfaces__rosidl_generator_py.so
[0.593s] -- Up-to-date: /home/williamhardee/Documents/cusub2.1/install/custom_interfaces/share/custom_interfaces/srv/DetectObjects.idl
[0.594s] -- Up-to-date: /home/williamhardee/Documents/cusub2.1/install/custom_interfaces/share/custom_interfaces/srv/DetectObjects.srv
[0.594s] -- Up-to-date: /home/williamhardee/Documents/cusub2.1/install/custom_interfaces/share/custom_interfaces/srv/DetectObjects_Request.msg
[0.594s] -- Up-to-date: /home/williamhardee/Documents/cusub2.1/install/custom_interfaces/share/custom_interfaces/srv/DetectObjects_Response.msg
[0.594s] -- Up-to-date: /home/williamhardee/Documents/cusub2.1/install/custom_interfaces/share/ament_index/resource_index/package_run_dependencies/custom_interfaces
[0.594s] -- Up-to-date: /home/williamhardee/Documents/cusub2.1/install/custom_interfaces/share/ament_index/resource_index/parent_prefix_path/custom_interfaces
[0.595s] -- Up-to-date: /home/williamhardee/Documents/cusub2.1/install/custom_interfaces/share/custom_interfaces/environment/ament_prefix_path.sh
[0.595s] -- Up-to-date: /home/williamhardee/Documents/cusub2.1/install/custom_interfaces/share/custom_interfaces/environment/ament_prefix_path.dsv
[0.595s] -- Up-to-date: /home/williamhardee/Documents/cusub2.1/install/custom_interfaces/share/custom_interfaces/environment/path.sh
[0.595s] -- Up-to-date: /home/williamhardee/Documents/cusub2.1/install/custom_interfaces/share/custom_interfaces/environment/path.dsv
[0.595s] -- Up-to-date: /home/williamhardee/Documents/cusub2.1/install/custom_interfaces/share/custom_interfaces/local_setup.bash
[0.595s] -- Up-to-date: /home/williamhardee/Documents/cusub2.1/install/custom_interfaces/share/custom_interfaces/local_setup.sh
[0.595s] -- Up-to-date: /home/williamhardee/Documents/cusub2.1/install/custom_interfaces/share/custom_interfaces/local_setup.zsh
[0.595s] -- Up-to-date: /home/williamhardee/Documents/cusub2.1/install/custom_interfaces/share/custom_interfaces/local_setup.dsv
[0.595s] -- Installing: /home/williamhardee/Documents/cusub2.1/install/custom_interfaces/share/custom_interfaces/package.dsv
[0.596s] -- Up-to-date: /home/williamhardee/Documents/cusub2.1/install/custom_interfaces/share/ament_index/resource_index/packages/custom_interfaces
[0.596s] -- Up-to-date: /home/williamhardee/Documents/cusub2.1/install/custom_interfaces/share/custom_interfaces/cmake/export_custom_interfaces__rosidl_generator_cExport.cmake
[0.596s] -- Up-to-date: /home/williamhardee/Documents/cusub2.1/install/custom_interfaces/share/custom_interfaces/cmake/export_custom_interfaces__rosidl_generator_cExport-noconfig.cmake
[0.596s] -- Up-to-date: /home/williamhardee/Documents/cusub2.1/install/custom_interfaces/share/custom_interfaces/cmake/export_custom_interfaces__rosidl_typesupport_fastrtps_cExport.cmake
[0.596s] -- Up-to-date: /home/williamhardee/Documents/cusub2.1/install/custom_interfaces/share/custom_interfaces/cmake/export_custom_interfaces__rosidl_typesupport_fastrtps_cExport-noconfig.cmake
[0.596s] -- Up-to-date: /home/williamhardee/Documents/cusub2.1/install/custom_interfaces/share/custom_interfaces/cmake/custom_interfaces__rosidl_typesupport_introspection_cExport.cmake
[0.596s] -- Up-to-date: /home/williamhardee/Documents/cusub2.1/install/custom_interfaces/share/custom_interfaces/cmake/custom_interfaces__rosidl_typesupport_introspection_cExport-noconfig.cmake
[0.596s] -- Up-to-date: /home/williamhardee/Documents/cusub2.1/install/custom_interfaces/share/custom_interfaces/cmake/custom_interfaces__rosidl_typesupport_cExport.cmake
[0.596s] -- Up-to-date: /home/williamhardee/Documents/cusub2.1/install/custom_interfaces/share/custom_interfaces/cmake/custom_interfaces__rosidl_typesupport_cExport-noconfig.cmake
[0.597s] -- Up-to-date: /home/williamhardee/Documents/cusub2.1/install/custom_interfaces/share/custom_interfaces/cmake/export_custom_interfaces__rosidl_generator_cppExport.cmake
[0.597s] -- Up-to-date: /home/williamhardee/Documents/cusub2.1/install/custom_interfaces/share/custom_interfaces/cmake/export_custom_interfaces__rosidl_typesupport_fastrtps_cppExport.cmake
[0.597s] -- Up-to-date: /home/williamhardee/Documents/cusub2.1/install/custom_interfaces/share/custom_interfaces/cmake/export_custom_interfaces__rosidl_typesupport_fastrtps_cppExport-noconfig.cmake
[0.597s] -- Up-to-date: /home/williamhardee/Documents/cusub2.1/install/custom_interfaces/share/custom_interfaces/cmake/custom_interfaces__rosidl_typesupport_introspection_cppExport.cmake
[0.597s] -- Up-to-date: /home/williamhardee/Documents/cusub2.1/install/custom_interfaces/share/custom_interfaces/cmake/custom_interfaces__rosidl_typesupport_introspection_cppExport-noconfig.cmake
[0.597s] -- Up-to-date: /home/williamhardee/Documents/cusub2.1/install/custom_interfaces/share/custom_interfaces/cmake/custom_interfaces__rosidl_typesupport_cppExport.cmake
[0.597s] -- Up-to-date: /home/williamhardee/Documents/cusub2.1/install/custom_interfaces/share/custom_interfaces/cmake/custom_interfaces__rosidl_typesupport_cppExport-noconfig.cmake
[0.597s] -- Up-to-date: /home/williamhardee/Documents/cusub2.1/install/custom_interfaces/share/custom_interfaces/cmake/export_custom_interfaces__rosidl_generator_pyExport.cmake
[0.597s] -- Up-to-date: /home/williamhardee/Documents/cusub2.1/install/custom_interfaces/share/custom_interfaces/cmake/export_custom_interfaces__rosidl_generator_pyExport-noconfig.cmake
[0.597s] -- Up-to-date: /home/williamhardee/Documents/cusub2.1/install/custom_interfaces/share/custom_interfaces/cmake/rosidl_cmake-extras.cmake
[0.597s] -- Up-to-date: /home/williamhardee/Documents/cusub2.1/install/custom_interfaces/share/custom_interfaces/cmake/ament_cmake_export_include_directories-extras.cmake
[0.597s] -- Up-to-date: /home/williamhardee/Documents/cusub2.1/install/custom_interfaces/share/custom_interfaces/cmake/ament_cmake_export_libraries-extras.cmake
[0.597s] -- Up-to-date: /home/williamhardee/Documents/cusub2.1/install/custom_interfaces/share/custom_interfaces/cmake/ament_cmake_export_targets-extras.cmake
[0.598s] -- Up-to-date: /home/williamhardee/Documents/cusub2.1/install/custom_interfaces/share/custom_interfaces/cmake/rosidl_cmake_export_typesupport_targets-extras.cmake
[0.598s] -- Up-to-date: /home/williamhardee/Documents/cusub2.1/install/custom_interfaces/share/custom_interfaces/cmake/ament_cmake_export_dependencies-extras.cmake
[0.598s] -- Up-to-date: /home/williamhardee/Documents/cusub2.1/install/custom_interfaces/share/custom_interfaces/cmake/rosidl_cmake_export_typesupport_libraries-extras.cmake
[0.598s] -- Up-to-date: /home/williamhardee/Documents/cusub2.1/install/custom_interfaces/share/custom_interfaces/cmake/custom_interfacesConfig.cmake
[0.598s] -- Up-to-date: /home/williamhardee/Documents/cusub2.1/install/custom_interfaces/share/custom_interfaces/cmake/custom_interfacesConfig-version.cmake
[0.598s] -- Up-to-date: /home/williamhardee/Documents/cusub2.1/install/custom_interfaces/share/custom_interfaces/package.xml
[0.608s] Invoked command in '/home/williamhardee/Documents/cusub2.1/build/custom_interfaces' returned '0': CMAKE_PREFIX_PATH=${CMAKE_PREFIX_PATH}:/home/williamhardee/Documents/cusub2.1/install/chimera_camera:/opt/ros/humble /usr/bin/cmake --install /home/williamhardee/Documents/cusub2.1/build/custom_interfaces
