[0.224s] Invoking command in '/home/williamhardee/Documents/cusub2.1/build/custom_interfaces': CMAKE_PREFIX_PATH=${CMAKE_PREFIX_PATH}:/home/williamhardee/Documents/cusub2.1/install/chimera_camera:/opt/ros/humble /usr/bin/cmake --build /home/williamhardee/Documents/cusub2.1/build/custom_interfaces -- -j16 -l16
[0.256s] [35m[1mConsolidate compiler generated dependencies of target custom_interfaces__rosidl_generator_c[0m
[0.260s] [  3%] Built target custom_interfaces__cpp
[0.266s] [35m[1mConsolidate compiler generated dependencies of target custom_interfaces__rosidl_typesupport_introspection_cpp[0m
[0.266s] [35m[1mConsolidate compiler generated dependencies of target custom_interfaces__rosidl_typesupport_fastrtps_cpp[0m
[0.266s] [ 12%] Built target custom_interfaces__rosidl_generator_c
[0.267s] [35m[1mConsolidate compiler generated dependencies of target custom_interfaces__rosidl_typesupport_cpp[0m
[0.272s] [35m[1mConsolidate compiler generated dependencies of target custom_interfaces__rosidl_typesupport_fastrtps_c[0m
[0.272s] [ 22%] Built target custom_interfaces__rosidl_typesupport_fastrtps_cpp
[0.272s] [ 22%] Built target ament_cmake_python_copy_custom_interfaces
[0.272s] [35m[1mConsolidate compiler generated dependencies of target custom_interfaces__rosidl_typesupport_introspection_c[0m
[0.275s] [35m[1mConsolidate compiler generated dependencies of target custom_interfaces__rosidl_typesupport_c[0m
[0.275s] [ 32%] Built target custom_interfaces__rosidl_typesupport_introspection_cpp
[0.277s] [ 41%] Built target custom_interfaces__rosidl_typesupport_introspection_c
[0.277s] [ 51%] Built target custom_interfaces__rosidl_typesupport_fastrtps_c
[0.277s] [ 61%] Built target custom_interfaces__rosidl_typesupport_cpp
[0.282s] [ 70%] Built target custom_interfaces__rosidl_typesupport_c
[0.296s] [ 70%] Built target custom_interfaces
[0.312s] [ 74%] Built target custom_interfaces__py
[0.319s] [35m[1mConsolidate compiler generated dependencies of target custom_interfaces__rosidl_generator_py[0m
[0.328s] [ 80%] Built target custom_interfaces__rosidl_generator_py
[0.336s] [35m[1mConsolidate compiler generated dependencies of target custom_interfaces__rosidl_typesupport_introspection_c__pyext[0m
[0.336s] [35m[1mConsolidate compiler generated dependencies of target custom_interfaces__rosidl_typesupport_fastrtps_c__pyext[0m
[0.336s] [35m[1mConsolidate compiler generated dependencies of target custom_interfaces__rosidl_typesupport_c__pyext[0m
[0.346s] [ 87%] Built target custom_interfaces__rosidl_typesupport_fastrtps_c__pyext
[0.346s] [ 93%] Built target custom_interfaces__rosidl_typesupport_c__pyext
[0.348s] [100%] Built target custom_interfaces__rosidl_typesupport_introspection_c__pyext
[0.391s] running egg_info
[0.391s] writing custom_interfaces.egg-info/PKG-INFO
[0.391s] writing dependency_links to custom_interfaces.egg-info/dependency_links.txt
[0.392s] writing top-level names to custom_interfaces.egg-info/top_level.txt
[0.392s] reading manifest file 'custom_interfaces.egg-info/SOURCES.txt'
[0.393s] writing manifest file 'custom_interfaces.egg-info/SOURCES.txt'
[0.414s] [100%] Built target ament_cmake_python_build_custom_interfaces_egg
[0.427s] Invoked command in '/home/williamhardee/Documents/cusub2.1/build/custom_interfaces' returned '0': CMAKE_PREFIX_PATH=${CMAKE_PREFIX_PATH}:/home/williamhardee/Documents/cusub2.1/install/chimera_camera:/opt/ros/humble /usr/bin/cmake --build /home/williamhardee/Documents/cusub2.1/build/custom_interfaces -- -j16 -l16
[0.479s] Invoking command in '/home/williamhardee/Documents/cusub2.1/build/custom_interfaces': CMAKE_PREFIX_PATH=${CMAKE_PREFIX_PATH}:/home/williamhardee/Documents/cusub2.1/install/chimera_camera:/opt/ros/humble /usr/bin/cmake --install /home/williamhardee/Documents/cusub2.1/build/custom_interfaces
[0.486s] -- Install configuration: ""
[0.486s] -- Up-to-date: /home/williamhardee/Documents/cusub2.1/install/custom_interfaces/share/ament_index/resource_index/rosidl_interfaces/custom_interfaces
[0.486s] -- Up-to-date: /home/williamhardee/Documents/cusub2.1/install/custom_interfaces/include/custom_interfaces/custom_interfaces
[0.486s] -- Up-to-date: /home/williamhardee/Documents/cusub2.1/install/custom_interfaces/include/custom_interfaces/custom_interfaces/msg
[0.486s] -- Up-to-date: /home/williamhardee/Documents/cusub2.1/install/custom_interfaces/include/custom_interfaces/custom_interfaces/msg/rosidl_generator_c__visibility_control.h
[0.486s] -- Up-to-date: /home/williamhardee/Documents/cusub2.1/install/custom_interfaces/include/custom_interfaces/custom_interfaces/srv
[0.486s] -- Up-to-date: /home/williamhardee/Documents/cusub2.1/install/custom_interfaces/include/custom_interfaces/custom_interfaces/srv/detect_objects.h
[0.486s] -- Up-to-date: /home/williamhardee/Documents/cusub2.1/install/custom_interfaces/include/custom_interfaces/custom_interfaces/srv/detail
[0.486s] -- Up-to-date: /home/williamhardee/Documents/cusub2.1/install/custom_interfaces/include/custom_interfaces/custom_interfaces/srv/detail/detect_objects__type_support.h
[0.486s] -- Up-to-date: /home/williamhardee/Documents/cusub2.1/install/custom_interfaces/include/custom_interfaces/custom_interfaces/srv/detail/detect_objects__functions.h
[0.486s] -- Up-to-date: /home/williamhardee/Documents/cusub2.1/install/custom_interfaces/include/custom_interfaces/custom_interfaces/srv/detail/detect_objects__functions.c
[0.486s] -- Up-to-date: /home/williamhardee/Documents/cusub2.1/install/custom_interfaces/include/custom_interfaces/custom_interfaces/srv/detail/detect_objects__struct.h
[0.486s] -- Up-to-date: /home/williamhardee/Documents/cusub2.1/install/custom_interfaces/share/custom_interfaces/environment/library_path.sh
[0.487s] -- Up-to-date: /home/williamhardee/Documents/cusub2.1/install/custom_interfaces/share/custom_interfaces/environment/library_path.dsv
[0.487s] -- Up-to-date: /home/williamhardee/Documents/cusub2.1/install/custom_interfaces/lib/libcustom_interfaces__rosidl_generator_c.so
[0.487s] -- Up-to-date: /home/williamhardee/Documents/cusub2.1/install/custom_interfaces/include/custom_interfaces/custom_interfaces
[0.487s] -- Up-to-date: /home/williamhardee/Documents/cusub2.1/install/custom_interfaces/include/custom_interfaces/custom_interfaces/msg
[0.487s] -- Up-to-date: /home/williamhardee/Documents/cusub2.1/install/custom_interfaces/include/custom_interfaces/custom_interfaces/msg/rosidl_typesupport_fastrtps_c__visibility_control.h
[0.487s] -- Up-to-date: /home/williamhardee/Documents/cusub2.1/install/custom_interfaces/include/custom_interfaces/custom_interfaces/srv
[0.487s] -- Up-to-date: /home/williamhardee/Documents/cusub2.1/install/custom_interfaces/include/custom_interfaces/custom_interfaces/srv/detail
[0.487s] -- Up-to-date: /home/williamhardee/Documents/cusub2.1/install/custom_interfaces/include/custom_interfaces/custom_interfaces/srv/detail/detect_objects__rosidl_typesupport_fastrtps_c.h
[0.487s] -- Up-to-date: /home/williamhardee/Documents/cusub2.1/install/custom_interfaces/lib/libcustom_interfaces__rosidl_typesupport_fastrtps_c.so
[0.487s] -- Up-to-date: /home/williamhardee/Documents/cusub2.1/install/custom_interfaces/include/custom_interfaces/custom_interfaces
[0.487s] -- Up-to-date: /home/williamhardee/Documents/cusub2.1/install/custom_interfaces/include/custom_interfaces/custom_interfaces/msg
[0.487s] -- Up-to-date: /home/williamhardee/Documents/cusub2.1/install/custom_interfaces/include/custom_interfaces/custom_interfaces/msg/rosidl_typesupport_introspection_c__visibility_control.h
[0.487s] -- Up-to-date: /home/williamhardee/Documents/cusub2.1/install/custom_interfaces/include/custom_interfaces/custom_interfaces/srv
[0.487s] -- Up-to-date: /home/williamhardee/Documents/cusub2.1/install/custom_interfaces/include/custom_interfaces/custom_interfaces/srv/detail
[0.487s] -- Up-to-date: /home/williamhardee/Documents/cusub2.1/install/custom_interfaces/include/custom_interfaces/custom_interfaces/srv/detail/detect_objects__type_support.c
[0.487s] -- Up-to-date: /home/williamhardee/Documents/cusub2.1/install/custom_interfaces/include/custom_interfaces/custom_interfaces/srv/detail/detect_objects__rosidl_typesupport_introspection_c.h
[0.488s] -- Up-to-date: /home/williamhardee/Documents/cusub2.1/install/custom_interfaces/lib/libcustom_interfaces__rosidl_typesupport_introspection_c.so
[0.488s] -- Up-to-date: /home/williamhardee/Documents/cusub2.1/install/custom_interfaces/lib/libcustom_interfaces__rosidl_typesupport_c.so
[0.488s] -- Up-to-date: /home/williamhardee/Documents/cusub2.1/install/custom_interfaces/include/custom_interfaces/custom_interfaces
[0.488s] -- Up-to-date: /home/williamhardee/Documents/cusub2.1/install/custom_interfaces/include/custom_interfaces/custom_interfaces/srv
[0.488s] -- Up-to-date: /home/williamhardee/Documents/cusub2.1/install/custom_interfaces/include/custom_interfaces/custom_interfaces/srv/detect_objects.hpp
[0.488s] -- Up-to-date: /home/williamhardee/Documents/cusub2.1/install/custom_interfaces/include/custom_interfaces/custom_interfaces/srv/detail
[0.488s] -- Up-to-date: /home/williamhardee/Documents/cusub2.1/install/custom_interfaces/include/custom_interfaces/custom_interfaces/srv/detail/detect_objects__traits.hpp
[0.488s] -- Up-to-date: /home/williamhardee/Documents/cusub2.1/install/custom_interfaces/include/custom_interfaces/custom_interfaces/srv/detail/detect_objects__struct.hpp
[0.488s] -- Up-to-date: /home/williamhardee/Documents/cusub2.1/install/custom_interfaces/include/custom_interfaces/custom_interfaces/srv/detail/detect_objects__builder.hpp
[0.488s] -- Up-to-date: /home/williamhardee/Documents/cusub2.1/install/custom_interfaces/include/custom_interfaces/custom_interfaces
[0.488s] -- Up-to-date: /home/williamhardee/Documents/cusub2.1/install/custom_interfaces/include/custom_interfaces/custom_interfaces/msg
[0.488s] -- Up-to-date: /home/williamhardee/Documents/cusub2.1/install/custom_interfaces/include/custom_interfaces/custom_interfaces/msg/rosidl_typesupport_fastrtps_cpp__visibility_control.h
[0.488s] -- Up-to-date: /home/williamhardee/Documents/cusub2.1/install/custom_interfaces/include/custom_interfaces/custom_interfaces/srv
[0.488s] -- Up-to-date: /home/williamhardee/Documents/cusub2.1/install/custom_interfaces/include/custom_interfaces/custom_interfaces/srv/detail
[0.488s] -- Up-to-date: /home/williamhardee/Documents/cusub2.1/install/custom_interfaces/include/custom_interfaces/custom_interfaces/srv/detail/detect_objects__rosidl_typesupport_fastrtps_cpp.hpp
[0.488s] -- Up-to-date: /home/williamhardee/Documents/cusub2.1/install/custom_interfaces/include/custom_interfaces/custom_interfaces/srv/detail/dds_fastrtps
[0.489s] -- Up-to-date: /home/williamhardee/Documents/cusub2.1/install/custom_interfaces/lib/libcustom_interfaces__rosidl_typesupport_fastrtps_cpp.so
[0.489s] -- Up-to-date: /home/williamhardee/Documents/cusub2.1/install/custom_interfaces/include/custom_interfaces/custom_interfaces
[0.489s] -- Up-to-date: /home/williamhardee/Documents/cusub2.1/install/custom_interfaces/include/custom_interfaces/custom_interfaces/srv
[0.489s] -- Up-to-date: /home/williamhardee/Documents/cusub2.1/install/custom_interfaces/include/custom_interfaces/custom_interfaces/srv/detail
[0.489s] -- Up-to-date: /home/williamhardee/Documents/cusub2.1/install/custom_interfaces/include/custom_interfaces/custom_interfaces/srv/detail/detect_objects__type_support.cpp
[0.489s] -- Up-to-date: /home/williamhardee/Documents/cusub2.1/install/custom_interfaces/include/custom_interfaces/custom_interfaces/srv/detail/detect_objects__rosidl_typesupport_introspection_cpp.hpp
[0.489s] -- Up-to-date: /home/williamhardee/Documents/cusub2.1/install/custom_interfaces/lib/libcustom_interfaces__rosidl_typesupport_introspection_cpp.so
[0.489s] -- Up-to-date: /home/williamhardee/Documents/cusub2.1/install/custom_interfaces/lib/libcustom_interfaces__rosidl_typesupport_cpp.so
[0.489s] -- Up-to-date: /home/williamhardee/Documents/cusub2.1/install/custom_interfaces/share/custom_interfaces/environment/pythonpath.sh
[0.489s] -- Up-to-date: /home/williamhardee/Documents/cusub2.1/install/custom_interfaces/share/custom_interfaces/environment/pythonpath.dsv
[0.489s] -- Up-to-date: /home/williamhardee/Documents/cusub2.1/install/custom_interfaces/local/lib/python3.10/dist-packages/custom_interfaces-0.0.0-py3.10.egg-info
[0.489s] -- Installing: /home/williamhardee/Documents/cusub2.1/install/custom_interfaces/local/lib/python3.10/dist-packages/custom_interfaces-0.0.0-py3.10.egg-info/dependency_links.txt
[0.489s] -- Installing: /home/williamhardee/Documents/cusub2.1/install/custom_interfaces/local/lib/python3.10/dist-packages/custom_interfaces-0.0.0-py3.10.egg-info/top_level.txt
[0.489s] -- Installing: /home/williamhardee/Documents/cusub2.1/install/custom_interfaces/local/lib/python3.10/dist-packages/custom_interfaces-0.0.0-py3.10.egg-info/SOURCES.txt
[0.489s] -- Installing: /home/williamhardee/Documents/cusub2.1/install/custom_interfaces/local/lib/python3.10/dist-packages/custom_interfaces-0.0.0-py3.10.egg-info/PKG-INFO
[0.489s] -- Up-to-date: /home/williamhardee/Documents/cusub2.1/install/custom_interfaces/local/lib/python3.10/dist-packages/custom_interfaces
[0.489s] -- Up-to-date: /home/williamhardee/Documents/cusub2.1/install/custom_interfaces/local/lib/python3.10/dist-packages/custom_interfaces/libcustom_interfaces__rosidl_generator_py.so
[0.490s] -- Up-to-date: /home/williamhardee/Documents/cusub2.1/install/custom_interfaces/local/lib/python3.10/dist-packages/custom_interfaces/srv
[0.490s] -- Up-to-date: /home/williamhardee/Documents/cusub2.1/install/custom_interfaces/local/lib/python3.10/dist-packages/custom_interfaces/srv/_detect_objects_s.c
[0.490s] -- Up-to-date: /home/williamhardee/Documents/cusub2.1/install/custom_interfaces/local/lib/python3.10/dist-packages/custom_interfaces/srv/_detect_objects.py
[0.490s] -- Up-to-date: /home/williamhardee/Documents/cusub2.1/install/custom_interfaces/local/lib/python3.10/dist-packages/custom_interfaces/srv/__init__.py
[0.490s] -- Up-to-date: /home/williamhardee/Documents/cusub2.1/install/custom_interfaces/local/lib/python3.10/dist-packages/custom_interfaces/_custom_interfaces_s.ep.rosidl_typesupport_c.c
[0.490s] -- Up-to-date: /home/williamhardee/Documents/cusub2.1/install/custom_interfaces/local/lib/python3.10/dist-packages/custom_interfaces/_custom_interfaces_s.ep.rosidl_typesupport_fastrtps_c.c
[0.490s] -- Up-to-date: /home/williamhardee/Documents/cusub2.1/install/custom_interfaces/local/lib/python3.10/dist-packages/custom_interfaces/__init__.py
[0.490s] -- Up-to-date: /home/williamhardee/Documents/cusub2.1/install/custom_interfaces/local/lib/python3.10/dist-packages/custom_interfaces/custom_interfaces_s__rosidl_typesupport_c.cpython-310-x86_64-linux-gnu.so
[0.490s] -- Up-to-date: /home/williamhardee/Documents/cusub2.1/install/custom_interfaces/local/lib/python3.10/dist-packages/custom_interfaces/_custom_interfaces_s.ep.rosidl_typesupport_introspection_c.c
[0.490s] -- Up-to-date: /home/williamhardee/Documents/cusub2.1/install/custom_interfaces/local/lib/python3.10/dist-packages/custom_interfaces/custom_interfaces_s__rosidl_typesupport_fastrtps_c.cpython-310-x86_64-linux-gnu.so
[0.490s] -- Up-to-date: /home/williamhardee/Documents/cusub2.1/install/custom_interfaces/local/lib/python3.10/dist-packages/custom_interfaces/custom_interfaces_s__rosidl_typesupport_introspection_c.cpython-310-x86_64-linux-gnu.so
[0.515s] Listing '/home/williamhardee/Documents/cusub2.1/install/custom_interfaces/local/lib/python3.10/dist-packages/custom_interfaces'...
[0.515s] Listing '/home/williamhardee/Documents/cusub2.1/install/custom_interfaces/local/lib/python3.10/dist-packages/custom_interfaces/srv'...
[0.518s] -- Up-to-date: /home/williamhardee/Documents/cusub2.1/install/custom_interfaces/local/lib/python3.10/dist-packages/custom_interfaces/custom_interfaces_s__rosidl_typesupport_fastrtps_c.cpython-310-x86_64-linux-gnu.so
[0.518s] -- Up-to-date: /home/williamhardee/Documents/cusub2.1/install/custom_interfaces/local/lib/python3.10/dist-packages/custom_interfaces/custom_interfaces_s__rosidl_typesupport_introspection_c.cpython-310-x86_64-linux-gnu.so
[0.519s] -- Up-to-date: /home/williamhardee/Documents/cusub2.1/install/custom_interfaces/local/lib/python3.10/dist-packages/custom_interfaces/custom_interfaces_s__rosidl_typesupport_c.cpython-310-x86_64-linux-gnu.so
[0.519s] -- Up-to-date: /home/williamhardee/Documents/cusub2.1/install/custom_interfaces/lib/libcustom_interfaces__rosidl_generator_py.so
[0.519s] -- Up-to-date: /home/williamhardee/Documents/cusub2.1/install/custom_interfaces/share/custom_interfaces/srv/DetectObjects.idl
[0.519s] -- Up-to-date: /home/williamhardee/Documents/cusub2.1/install/custom_interfaces/share/custom_interfaces/srv/DetectObjects.srv
[0.519s] -- Up-to-date: /home/williamhardee/Documents/cusub2.1/install/custom_interfaces/share/custom_interfaces/srv/DetectObjects_Request.msg
[0.519s] -- Up-to-date: /home/williamhardee/Documents/cusub2.1/install/custom_interfaces/share/custom_interfaces/srv/DetectObjects_Response.msg
[0.519s] -- Up-to-date: /home/williamhardee/Documents/cusub2.1/install/custom_interfaces/share/ament_index/resource_index/package_run_dependencies/custom_interfaces
[0.519s] -- Up-to-date: /home/williamhardee/Documents/cusub2.1/install/custom_interfaces/share/ament_index/resource_index/parent_prefix_path/custom_interfaces
[0.519s] -- Up-to-date: /home/williamhardee/Documents/cusub2.1/install/custom_interfaces/share/custom_interfaces/environment/ament_prefix_path.sh
[0.519s] -- Up-to-date: /home/williamhardee/Documents/cusub2.1/install/custom_interfaces/share/custom_interfaces/environment/ament_prefix_path.dsv
[0.520s] -- Up-to-date: /home/williamhardee/Documents/cusub2.1/install/custom_interfaces/share/custom_interfaces/environment/path.sh
[0.520s] -- Up-to-date: /home/williamhardee/Documents/cusub2.1/install/custom_interfaces/share/custom_interfaces/environment/path.dsv
[0.520s] -- Up-to-date: /home/williamhardee/Documents/cusub2.1/install/custom_interfaces/share/custom_interfaces/local_setup.bash
[0.520s] -- Up-to-date: /home/williamhardee/Documents/cusub2.1/install/custom_interfaces/share/custom_interfaces/local_setup.sh
[0.520s] -- Up-to-date: /home/williamhardee/Documents/cusub2.1/install/custom_interfaces/share/custom_interfaces/local_setup.zsh
[0.520s] -- Up-to-date: /home/williamhardee/Documents/cusub2.1/install/custom_interfaces/share/custom_interfaces/local_setup.dsv
[0.520s] -- Installing: /home/williamhardee/Documents/cusub2.1/install/custom_interfaces/share/custom_interfaces/package.dsv
[0.520s] -- Up-to-date: /home/williamhardee/Documents/cusub2.1/install/custom_interfaces/share/ament_index/resource_index/packages/custom_interfaces
[0.520s] -- Up-to-date: /home/williamhardee/Documents/cusub2.1/install/custom_interfaces/share/custom_interfaces/cmake/export_custom_interfaces__rosidl_generator_cExport.cmake
[0.520s] -- Up-to-date: /home/williamhardee/Documents/cusub2.1/install/custom_interfaces/share/custom_interfaces/cmake/export_custom_interfaces__rosidl_generator_cExport-noconfig.cmake
[0.520s] -- Up-to-date: /home/williamhardee/Documents/cusub2.1/install/custom_interfaces/share/custom_interfaces/cmake/export_custom_interfaces__rosidl_typesupport_fastrtps_cExport.cmake
[0.520s] -- Up-to-date: /home/williamhardee/Documents/cusub2.1/install/custom_interfaces/share/custom_interfaces/cmake/export_custom_interfaces__rosidl_typesupport_fastrtps_cExport-noconfig.cmake
[0.520s] -- Up-to-date: /home/williamhardee/Documents/cusub2.1/install/custom_interfaces/share/custom_interfaces/cmake/custom_interfaces__rosidl_typesupport_introspection_cExport.cmake
[0.520s] -- Up-to-date: /home/williamhardee/Documents/cusub2.1/install/custom_interfaces/share/custom_interfaces/cmake/custom_interfaces__rosidl_typesupport_introspection_cExport-noconfig.cmake
[0.520s] -- Up-to-date: /home/williamhardee/Documents/cusub2.1/install/custom_interfaces/share/custom_interfaces/cmake/custom_interfaces__rosidl_typesupport_cExport.cmake
[0.521s] -- Up-to-date: /home/williamhardee/Documents/cusub2.1/install/custom_interfaces/share/custom_interfaces/cmake/custom_interfaces__rosidl_typesupport_cExport-noconfig.cmake
[0.521s] -- Up-to-date: /home/williamhardee/Documents/cusub2.1/install/custom_interfaces/share/custom_interfaces/cmake/export_custom_interfaces__rosidl_generator_cppExport.cmake
[0.521s] -- Up-to-date: /home/williamhardee/Documents/cusub2.1/install/custom_interfaces/share/custom_interfaces/cmake/export_custom_interfaces__rosidl_typesupport_fastrtps_cppExport.cmake
[0.521s] -- Up-to-date: /home/williamhardee/Documents/cusub2.1/install/custom_interfaces/share/custom_interfaces/cmake/export_custom_interfaces__rosidl_typesupport_fastrtps_cppExport-noconfig.cmake
[0.521s] -- Up-to-date: /home/williamhardee/Documents/cusub2.1/install/custom_interfaces/share/custom_interfaces/cmake/custom_interfaces__rosidl_typesupport_introspection_cppExport.cmake
[0.521s] -- Up-to-date: /home/williamhardee/Documents/cusub2.1/install/custom_interfaces/share/custom_interfaces/cmake/custom_interfaces__rosidl_typesupport_introspection_cppExport-noconfig.cmake
[0.521s] -- Up-to-date: /home/williamhardee/Documents/cusub2.1/install/custom_interfaces/share/custom_interfaces/cmake/custom_interfaces__rosidl_typesupport_cppExport.cmake
[0.521s] -- Up-to-date: /home/williamhardee/Documents/cusub2.1/install/custom_interfaces/share/custom_interfaces/cmake/custom_interfaces__rosidl_typesupport_cppExport-noconfig.cmake
[0.521s] -- Up-to-date: /home/williamhardee/Documents/cusub2.1/install/custom_interfaces/share/custom_interfaces/cmake/export_custom_interfaces__rosidl_generator_pyExport.cmake
[0.521s] -- Up-to-date: /home/williamhardee/Documents/cusub2.1/install/custom_interfaces/share/custom_interfaces/cmake/export_custom_interfaces__rosidl_generator_pyExport-noconfig.cmake
[0.521s] -- Up-to-date: /home/williamhardee/Documents/cusub2.1/install/custom_interfaces/share/custom_interfaces/cmake/rosidl_cmake-extras.cmake
[0.521s] -- Up-to-date: /home/williamhardee/Documents/cusub2.1/install/custom_interfaces/share/custom_interfaces/cmake/ament_cmake_export_include_directories-extras.cmake
[0.521s] -- Up-to-date: /home/williamhardee/Documents/cusub2.1/install/custom_interfaces/share/custom_interfaces/cmake/ament_cmake_export_libraries-extras.cmake
[0.521s] -- Up-to-date: /home/williamhardee/Documents/cusub2.1/install/custom_interfaces/share/custom_interfaces/cmake/ament_cmake_export_targets-extras.cmake
[0.521s] -- Up-to-date: /home/williamhardee/Documents/cusub2.1/install/custom_interfaces/share/custom_interfaces/cmake/rosidl_cmake_export_typesupport_targets-extras.cmake
[0.522s] -- Up-to-date: /home/williamhardee/Documents/cusub2.1/install/custom_interfaces/share/custom_interfaces/cmake/ament_cmake_export_dependencies-extras.cmake
[0.522s] -- Up-to-date: /home/williamhardee/Documents/cusub2.1/install/custom_interfaces/share/custom_interfaces/cmake/rosidl_cmake_export_typesupport_libraries-extras.cmake
[0.522s] -- Up-to-date: /home/williamhardee/Documents/cusub2.1/install/custom_interfaces/share/custom_interfaces/cmake/custom_interfacesConfig.cmake
[0.522s] -- Up-to-date: /home/williamhardee/Documents/cusub2.1/install/custom_interfaces/share/custom_interfaces/cmake/custom_interfacesConfig-version.cmake
[0.522s] -- Up-to-date: /home/williamhardee/Documents/cusub2.1/install/custom_interfaces/share/custom_interfaces/package.xml
[0.523s] Invoked command in '/home/williamhardee/Documents/cusub2.1/build/custom_interfaces' returned '0': CMAKE_PREFIX_PATH=${CMAKE_PREFIX_PATH}:/home/williamhardee/Documents/cusub2.1/install/chimera_camera:/opt/ros/humble /usr/bin/cmake --install /home/williamhardee/Documents/cusub2.1/build/custom_interfaces
