[0.051s] DEBUG:colcon:Command line arguments: ['/usr/bin/colcon', 'build', '--packages-select', 'chimera_camera', 'custom_interfaces']
[0.051s] DEBUG:colcon:Parsed command line arguments: Namespace(log_base=None, log_level=None, verb_name='build', build_base='build', install_base='install', merge_install=False, symlink_install=False, test_result_base=None, continue_on_error=False, executor='parallel', parallel_workers=16, event_handlers=None, ignore_user_meta=False, metas=['./colcon.meta'], base_paths=['.'], packages_ignore=None, packages_ignore_regex=None, paths=None, packages_up_to=None, packages_up_to_regex=None, packages_above=None, packages_above_and_dependencies=None, packages_above_depth=None, packages_select_by_dep=None, packages_skip_by_dep=None, packages_skip_up_to=None, packages_select_build_failed=False, packages_skip_build_finished=False, packages_select_test_failures=False, packages_skip_test_passed=False, packages_select=['chimera_camera', 'custom_interfaces'], packages_skip=None, packages_select_regex=None, packages_skip_regex=None, packages_start=None, packages_end=None, allow_overriding=[], cmake_args=None, cmake_target=None, cmake_target_skip_unavailable=False, cmake_clean_cache=False, cmake_clean_first=False, cmake_force_configure=False, ament_cmake_args=None, catkin_cmake_args=None, catkin_skip_building_tests=False, verb_parser=<colcon_defaults.argument_parser.defaults.DefaultArgumentsDecorator object at 0x7155df140a90>, verb_extension=<colcon_core.verb.build.BuildVerb object at 0x7155df140640>, main=<bound method BuildVerb.main of <colcon_core.verb.build.BuildVerb object at 0x7155df140640>>)
[0.127s] Level 1:colcon.colcon_core.package_discovery:discover_packages(colcon_meta) check parameters
[0.127s] Level 1:colcon.colcon_core.package_discovery:discover_packages(recursive) check parameters
[0.127s] Level 1:colcon.colcon_core.package_discovery:discover_packages(ignore) check parameters
[0.127s] Level 1:colcon.colcon_core.package_discovery:discover_packages(path) check parameters
[0.127s] Level 1:colcon.colcon_core.package_discovery:discover_packages(colcon_meta) discover
[0.127s] Level 1:colcon.colcon_core.package_discovery:discover_packages(recursive) discover
[0.127s] INFO:colcon.colcon_core.package_discovery:Crawling recursively for packages in '/home/williamhardee/Documents/cusub2.1'
[0.127s] Level 1:colcon.colcon_core.package_identification:_identify(.) by extensions ['ignore', 'ignore_ament_install']
[0.127s] Level 1:colcon.colcon_core.package_identification:_identify(.) by extension 'ignore'
[0.127s] Level 1:colcon.colcon_core.package_identification:_identify(.) by extension 'ignore_ament_install'
[0.127s] Level 1:colcon.colcon_core.package_identification:_identify(.) by extensions ['colcon_pkg']
[0.127s] Level 1:colcon.colcon_core.package_identification:_identify(.) by extension 'colcon_pkg'
[0.127s] Level 1:colcon.colcon_core.package_identification:_identify(.) by extensions ['colcon_meta']
[0.127s] Level 1:colcon.colcon_core.package_identification:_identify(.) by extension 'colcon_meta'
[0.127s] Level 1:colcon.colcon_core.package_identification:_identify(.) by extensions ['ros']
[0.127s] Level 1:colcon.colcon_core.package_identification:_identify(.) by extension 'ros'
[0.138s] Level 1:colcon.colcon_core.package_identification:_identify(.) by extensions ['cmake', 'python']
[0.138s] Level 1:colcon.colcon_core.package_identification:_identify(.) by extension 'cmake'
[0.138s] Level 1:colcon.colcon_core.package_identification:_identify(.) by extension 'python'
[0.138s] Level 1:colcon.colcon_core.package_identification:_identify(.) by extensions ['python_setup_py']
[0.138s] Level 1:colcon.colcon_core.package_identification:_identify(.) by extension 'python_setup_py'
[0.138s] Level 1:colcon.colcon_core.package_identification:_identify(__pycache__) by extensions ['ignore', 'ignore_ament_install']
[0.138s] Level 1:colcon.colcon_core.package_identification:_identify(__pycache__) by extension 'ignore'
[0.138s] Level 1:colcon.colcon_core.package_identification:_identify(__pycache__) by extension 'ignore_ament_install'
[0.138s] Level 1:colcon.colcon_core.package_identification:_identify(__pycache__) by extensions ['colcon_pkg']
[0.138s] Level 1:colcon.colcon_core.package_identification:_identify(__pycache__) by extension 'colcon_pkg'
[0.138s] Level 1:colcon.colcon_core.package_identification:_identify(__pycache__) by extensions ['colcon_meta']
[0.138s] Level 1:colcon.colcon_core.package_identification:_identify(__pycache__) by extension 'colcon_meta'
[0.138s] Level 1:colcon.colcon_core.package_identification:_identify(__pycache__) by extensions ['ros']
[0.138s] Level 1:colcon.colcon_core.package_identification:_identify(__pycache__) by extension 'ros'
[0.138s] Level 1:colcon.colcon_core.package_identification:_identify(__pycache__) by extensions ['cmake', 'python']
[0.138s] Level 1:colcon.colcon_core.package_identification:_identify(__pycache__) by extension 'cmake'
[0.138s] Level 1:colcon.colcon_core.package_identification:_identify(__pycache__) by extension 'python'
[0.138s] Level 1:colcon.colcon_core.package_identification:_identify(__pycache__) by extensions ['python_setup_py']
[0.138s] Level 1:colcon.colcon_core.package_identification:_identify(__pycache__) by extension 'python_setup_py'
[0.139s] Level 1:colcon.colcon_core.package_identification:_identify(build) by extensions ['ignore', 'ignore_ament_install']
[0.139s] Level 1:colcon.colcon_core.package_identification:_identify(build) by extension 'ignore'
[0.139s] Level 1:colcon.colcon_core.package_identification:_identify(build) ignored
[0.139s] Level 1:colcon.colcon_core.package_identification:_identify(cusub2_teleop) by extensions ['ignore', 'ignore_ament_install']
[0.139s] Level 1:colcon.colcon_core.package_identification:_identify(cusub2_teleop) by extension 'ignore'
[0.139s] Level 1:colcon.colcon_core.package_identification:_identify(cusub2_teleop) by extension 'ignore_ament_install'
[0.139s] Level 1:colcon.colcon_core.package_identification:_identify(cusub2_teleop) by extensions ['colcon_pkg']
[0.139s] Level 1:colcon.colcon_core.package_identification:_identify(cusub2_teleop) by extension 'colcon_pkg'
[0.139s] Level 1:colcon.colcon_core.package_identification:_identify(cusub2_teleop) by extensions ['colcon_meta']
[0.139s] Level 1:colcon.colcon_core.package_identification:_identify(cusub2_teleop) by extension 'colcon_meta'
[0.139s] Level 1:colcon.colcon_core.package_identification:_identify(cusub2_teleop) by extensions ['ros']
[0.139s] Level 1:colcon.colcon_core.package_identification:_identify(cusub2_teleop) by extension 'ros'
[0.139s] Level 1:colcon.colcon_core.package_identification:_identify(cusub2_teleop) by extensions ['cmake', 'python']
[0.139s] Level 1:colcon.colcon_core.package_identification:_identify(cusub2_teleop) by extension 'cmake'
[0.139s] Level 1:colcon.colcon_core.package_identification:_identify(cusub2_teleop) by extension 'python'
[0.139s] Level 1:colcon.colcon_core.package_identification:_identify(cusub2_teleop) by extensions ['python_setup_py']
[0.139s] Level 1:colcon.colcon_core.package_identification:_identify(cusub2_teleop) by extension 'python_setup_py'
[0.139s] Level 1:colcon.colcon_core.package_identification:_identify(docs) by extensions ['ignore', 'ignore_ament_install']
[0.139s] Level 1:colcon.colcon_core.package_identification:_identify(docs) by extension 'ignore'
[0.139s] Level 1:colcon.colcon_core.package_identification:_identify(docs) by extension 'ignore_ament_install'
[0.139s] Level 1:colcon.colcon_core.package_identification:_identify(docs) by extensions ['colcon_pkg']
[0.139s] Level 1:colcon.colcon_core.package_identification:_identify(docs) by extension 'colcon_pkg'
[0.140s] Level 1:colcon.colcon_core.package_identification:_identify(docs) by extensions ['colcon_meta']
[0.140s] Level 1:colcon.colcon_core.package_identification:_identify(docs) by extension 'colcon_meta'
[0.140s] Level 1:colcon.colcon_core.package_identification:_identify(docs) by extensions ['ros']
[0.140s] Level 1:colcon.colcon_core.package_identification:_identify(docs) by extension 'ros'
[0.140s] Level 1:colcon.colcon_core.package_identification:_identify(docs) by extensions ['cmake', 'python']
[0.140s] Level 1:colcon.colcon_core.package_identification:_identify(docs) by extension 'cmake'
[0.140s] Level 1:colcon.colcon_core.package_identification:_identify(docs) by extension 'python'
[0.140s] Level 1:colcon.colcon_core.package_identification:_identify(docs) by extensions ['python_setup_py']
[0.140s] Level 1:colcon.colcon_core.package_identification:_identify(docs) by extension 'python_setup_py'
[0.140s] Level 1:colcon.colcon_core.package_identification:_identify(docs/_build) by extensions ['ignore', 'ignore_ament_install']
[0.140s] Level 1:colcon.colcon_core.package_identification:_identify(docs/_build) by extension 'ignore'
[0.140s] Level 1:colcon.colcon_core.package_identification:_identify(docs/_build) by extension 'ignore_ament_install'
[0.140s] Level 1:colcon.colcon_core.package_identification:_identify(docs/_build) by extensions ['colcon_pkg']
[0.140s] Level 1:colcon.colcon_core.package_identification:_identify(docs/_build) by extension 'colcon_pkg'
[0.140s] Level 1:colcon.colcon_core.package_identification:_identify(docs/_build) by extensions ['colcon_meta']
[0.140s] Level 1:colcon.colcon_core.package_identification:_identify(docs/_build) by extension 'colcon_meta'
[0.140s] Level 1:colcon.colcon_core.package_identification:_identify(docs/_build) by extensions ['ros']
[0.140s] Level 1:colcon.colcon_core.package_identification:_identify(docs/_build) by extension 'ros'
[0.140s] Level 1:colcon.colcon_core.package_identification:_identify(docs/_build) by extensions ['cmake', 'python']
[0.140s] Level 1:colcon.colcon_core.package_identification:_identify(docs/_build) by extension 'cmake'
[0.140s] Level 1:colcon.colcon_core.package_identification:_identify(docs/_build) by extension 'python'
[0.140s] Level 1:colcon.colcon_core.package_identification:_identify(docs/_build) by extensions ['python_setup_py']
[0.140s] Level 1:colcon.colcon_core.package_identification:_identify(docs/_build) by extension 'python_setup_py'
[0.140s] Level 1:colcon.colcon_core.package_identification:_identify(docs/_build/doctrees) by extensions ['ignore', 'ignore_ament_install']
[0.141s] Level 1:colcon.colcon_core.package_identification:_identify(docs/_build/doctrees) by extension 'ignore'
[0.141s] Level 1:colcon.colcon_core.package_identification:_identify(docs/_build/doctrees) by extension 'ignore_ament_install'
[0.141s] Level 1:colcon.colcon_core.package_identification:_identify(docs/_build/doctrees) by extensions ['colcon_pkg']
[0.141s] Level 1:colcon.colcon_core.package_identification:_identify(docs/_build/doctrees) by extension 'colcon_pkg'
[0.141s] Level 1:colcon.colcon_core.package_identification:_identify(docs/_build/doctrees) by extensions ['colcon_meta']
[0.141s] Level 1:colcon.colcon_core.package_identification:_identify(docs/_build/doctrees) by extension 'colcon_meta'
[0.141s] Level 1:colcon.colcon_core.package_identification:_identify(docs/_build/doctrees) by extensions ['ros']
[0.141s] Level 1:colcon.colcon_core.package_identification:_identify(docs/_build/doctrees) by extension 'ros'
[0.141s] Level 1:colcon.colcon_core.package_identification:_identify(docs/_build/doctrees) by extensions ['cmake', 'python']
[0.141s] Level 1:colcon.colcon_core.package_identification:_identify(docs/_build/doctrees) by extension 'cmake'
[0.141s] Level 1:colcon.colcon_core.package_identification:_identify(docs/_build/doctrees) by extension 'python'
[0.141s] Level 1:colcon.colcon_core.package_identification:_identify(docs/_build/doctrees) by extensions ['python_setup_py']
[0.141s] Level 1:colcon.colcon_core.package_identification:_identify(docs/_build/doctrees) by extension 'python_setup_py'
[0.141s] Level 1:colcon.colcon_core.package_identification:_identify(docs/_build/html) by extensions ['ignore', 'ignore_ament_install']
[0.141s] Level 1:colcon.colcon_core.package_identification:_identify(docs/_build/html) by extension 'ignore'
[0.141s] Level 1:colcon.colcon_core.package_identification:_identify(docs/_build/html) by extension 'ignore_ament_install'
[0.141s] Level 1:colcon.colcon_core.package_identification:_identify(docs/_build/html) by extensions ['colcon_pkg']
[0.141s] Level 1:colcon.colcon_core.package_identification:_identify(docs/_build/html) by extension 'colcon_pkg'
[0.141s] Level 1:colcon.colcon_core.package_identification:_identify(docs/_build/html) by extensions ['colcon_meta']
[0.141s] Level 1:colcon.colcon_core.package_identification:_identify(docs/_build/html) by extension 'colcon_meta'
[0.141s] Level 1:colcon.colcon_core.package_identification:_identify(docs/_build/html) by extensions ['ros']
[0.141s] Level 1:colcon.colcon_core.package_identification:_identify(docs/_build/html) by extension 'ros'
[0.141s] Level 1:colcon.colcon_core.package_identification:_identify(docs/_build/html) by extensions ['cmake', 'python']
[0.141s] Level 1:colcon.colcon_core.package_identification:_identify(docs/_build/html) by extension 'cmake'
[0.141s] Level 1:colcon.colcon_core.package_identification:_identify(docs/_build/html) by extension 'python'
[0.142s] Level 1:colcon.colcon_core.package_identification:_identify(docs/_build/html) by extensions ['python_setup_py']
[0.142s] Level 1:colcon.colcon_core.package_identification:_identify(docs/_build/html) by extension 'python_setup_py'
[0.142s] Level 1:colcon.colcon_core.package_identification:_identify(docs/_build/html/_sources) by extensions ['ignore', 'ignore_ament_install']
[0.142s] Level 1:colcon.colcon_core.package_identification:_identify(docs/_build/html/_sources) by extension 'ignore'
[0.142s] Level 1:colcon.colcon_core.package_identification:_identify(docs/_build/html/_sources) by extension 'ignore_ament_install'
[0.142s] Level 1:colcon.colcon_core.package_identification:_identify(docs/_build/html/_sources) by extensions ['colcon_pkg']
[0.142s] Level 1:colcon.colcon_core.package_identification:_identify(docs/_build/html/_sources) by extension 'colcon_pkg'
[0.142s] Level 1:colcon.colcon_core.package_identification:_identify(docs/_build/html/_sources) by extensions ['colcon_meta']
[0.142s] Level 1:colcon.colcon_core.package_identification:_identify(docs/_build/html/_sources) by extension 'colcon_meta'
[0.142s] Level 1:colcon.colcon_core.package_identification:_identify(docs/_build/html/_sources) by extensions ['ros']
[0.142s] Level 1:colcon.colcon_core.package_identification:_identify(docs/_build/html/_sources) by extension 'ros'
[0.142s] Level 1:colcon.colcon_core.package_identification:_identify(docs/_build/html/_sources) by extensions ['cmake', 'python']
[0.142s] Level 1:colcon.colcon_core.package_identification:_identify(docs/_build/html/_sources) by extension 'cmake'
[0.142s] Level 1:colcon.colcon_core.package_identification:_identify(docs/_build/html/_sources) by extension 'python'
[0.142s] Level 1:colcon.colcon_core.package_identification:_identify(docs/_build/html/_sources) by extensions ['python_setup_py']
[0.142s] Level 1:colcon.colcon_core.package_identification:_identify(docs/_build/html/_sources) by extension 'python_setup_py'
[0.142s] Level 1:colcon.colcon_core.package_identification:_identify(docs/_build/html/_static) by extensions ['ignore', 'ignore_ament_install']
[0.142s] Level 1:colcon.colcon_core.package_identification:_identify(docs/_build/html/_static) by extension 'ignore'
[0.142s] Level 1:colcon.colcon_core.package_identification:_identify(docs/_build/html/_static) by extension 'ignore_ament_install'
[0.142s] Level 1:colcon.colcon_core.package_identification:_identify(docs/_build/html/_static) by extensions ['colcon_pkg']
[0.142s] Level 1:colcon.colcon_core.package_identification:_identify(docs/_build/html/_static) by extension 'colcon_pkg'
[0.142s] Level 1:colcon.colcon_core.package_identification:_identify(docs/_build/html/_static) by extensions ['colcon_meta']
[0.142s] Level 1:colcon.colcon_core.package_identification:_identify(docs/_build/html/_static) by extension 'colcon_meta'
[0.143s] Level 1:colcon.colcon_core.package_identification:_identify(docs/_build/html/_static) by extensions ['ros']
[0.143s] Level 1:colcon.colcon_core.package_identification:_identify(docs/_build/html/_static) by extension 'ros'
[0.143s] Level 1:colcon.colcon_core.package_identification:_identify(docs/_build/html/_static) by extensions ['cmake', 'python']
[0.143s] Level 1:colcon.colcon_core.package_identification:_identify(docs/_build/html/_static) by extension 'cmake'
[0.143s] Level 1:colcon.colcon_core.package_identification:_identify(docs/_build/html/_static) by extension 'python'
[0.143s] Level 1:colcon.colcon_core.package_identification:_identify(docs/_build/html/_static) by extensions ['python_setup_py']
[0.143s] Level 1:colcon.colcon_core.package_identification:_identify(docs/_build/html/_static) by extension 'python_setup_py'
[0.143s] Level 1:colcon.colcon_core.package_identification:_identify(docs/_build/html/_static/css) by extensions ['ignore', 'ignore_ament_install']
[0.143s] Level 1:colcon.colcon_core.package_identification:_identify(docs/_build/html/_static/css) by extension 'ignore'
[0.143s] Level 1:colcon.colcon_core.package_identification:_identify(docs/_build/html/_static/css) by extension 'ignore_ament_install'
[0.143s] Level 1:colcon.colcon_core.package_identification:_identify(docs/_build/html/_static/css) by extensions ['colcon_pkg']
[0.143s] Level 1:colcon.colcon_core.package_identification:_identify(docs/_build/html/_static/css) by extension 'colcon_pkg'
[0.143s] Level 1:colcon.colcon_core.package_identification:_identify(docs/_build/html/_static/css) by extensions ['colcon_meta']
[0.143s] Level 1:colcon.colcon_core.package_identification:_identify(docs/_build/html/_static/css) by extension 'colcon_meta'
[0.143s] Level 1:colcon.colcon_core.package_identification:_identify(docs/_build/html/_static/css) by extensions ['ros']
[0.143s] Level 1:colcon.colcon_core.package_identification:_identify(docs/_build/html/_static/css) by extension 'ros'
[0.143s] Level 1:colcon.colcon_core.package_identification:_identify(docs/_build/html/_static/css) by extensions ['cmake', 'python']
[0.143s] Level 1:colcon.colcon_core.package_identification:_identify(docs/_build/html/_static/css) by extension 'cmake'
[0.143s] Level 1:colcon.colcon_core.package_identification:_identify(docs/_build/html/_static/css) by extension 'python'
[0.143s] Level 1:colcon.colcon_core.package_identification:_identify(docs/_build/html/_static/css) by extensions ['python_setup_py']
[0.143s] Level 1:colcon.colcon_core.package_identification:_identify(docs/_build/html/_static/css) by extension 'python_setup_py'
[0.143s] Level 1:colcon.colcon_core.package_identification:_identify(docs/_build/html/_static/css/fonts) by extensions ['ignore', 'ignore_ament_install']
[0.143s] Level 1:colcon.colcon_core.package_identification:_identify(docs/_build/html/_static/css/fonts) by extension 'ignore'
[0.144s] Level 1:colcon.colcon_core.package_identification:_identify(docs/_build/html/_static/css/fonts) by extension 'ignore_ament_install'
[0.144s] Level 1:colcon.colcon_core.package_identification:_identify(docs/_build/html/_static/css/fonts) by extensions ['colcon_pkg']
[0.144s] Level 1:colcon.colcon_core.package_identification:_identify(docs/_build/html/_static/css/fonts) by extension 'colcon_pkg'
[0.144s] Level 1:colcon.colcon_core.package_identification:_identify(docs/_build/html/_static/css/fonts) by extensions ['colcon_meta']
[0.144s] Level 1:colcon.colcon_core.package_identification:_identify(docs/_build/html/_static/css/fonts) by extension 'colcon_meta'
[0.144s] Level 1:colcon.colcon_core.package_identification:_identify(docs/_build/html/_static/css/fonts) by extensions ['ros']
[0.144s] Level 1:colcon.colcon_core.package_identification:_identify(docs/_build/html/_static/css/fonts) by extension 'ros'
[0.144s] Level 1:colcon.colcon_core.package_identification:_identify(docs/_build/html/_static/css/fonts) by extensions ['cmake', 'python']
[0.144s] Level 1:colcon.colcon_core.package_identification:_identify(docs/_build/html/_static/css/fonts) by extension 'cmake'
[0.144s] Level 1:colcon.colcon_core.package_identification:_identify(docs/_build/html/_static/css/fonts) by extension 'python'
[0.144s] Level 1:colcon.colcon_core.package_identification:_identify(docs/_build/html/_static/css/fonts) by extensions ['python_setup_py']
[0.144s] Level 1:colcon.colcon_core.package_identification:_identify(docs/_build/html/_static/css/fonts) by extension 'python_setup_py'
[0.144s] Level 1:colcon.colcon_core.package_identification:_identify(docs/_build/html/_static/js) by extensions ['ignore', 'ignore_ament_install']
[0.144s] Level 1:colcon.colcon_core.package_identification:_identify(docs/_build/html/_static/js) by extension 'ignore'
[0.144s] Level 1:colcon.colcon_core.package_identification:_identify(docs/_build/html/_static/js) by extension 'ignore_ament_install'
[0.144s] Level 1:colcon.colcon_core.package_identification:_identify(docs/_build/html/_static/js) by extensions ['colcon_pkg']
[0.144s] Level 1:colcon.colcon_core.package_identification:_identify(docs/_build/html/_static/js) by extension 'colcon_pkg'
[0.144s] Level 1:colcon.colcon_core.package_identification:_identify(docs/_build/html/_static/js) by extensions ['colcon_meta']
[0.144s] Level 1:colcon.colcon_core.package_identification:_identify(docs/_build/html/_static/js) by extension 'colcon_meta'
[0.144s] Level 1:colcon.colcon_core.package_identification:_identify(docs/_build/html/_static/js) by extensions ['ros']
[0.144s] Level 1:colcon.colcon_core.package_identification:_identify(docs/_build/html/_static/js) by extension 'ros'
[0.144s] Level 1:colcon.colcon_core.package_identification:_identify(docs/_build/html/_static/js) by extensions ['cmake', 'python']
[0.144s] Level 1:colcon.colcon_core.package_identification:_identify(docs/_build/html/_static/js) by extension 'cmake'
[0.144s] Level 1:colcon.colcon_core.package_identification:_identify(docs/_build/html/_static/js) by extension 'python'
[0.144s] Level 1:colcon.colcon_core.package_identification:_identify(docs/_build/html/_static/js) by extensions ['python_setup_py']
[0.145s] Level 1:colcon.colcon_core.package_identification:_identify(docs/_build/html/_static/js) by extension 'python_setup_py'
[0.145s] Level 1:colcon.colcon_core.package_identification:_identify(docs/_static) by extensions ['ignore', 'ignore_ament_install']
[0.145s] Level 1:colcon.colcon_core.package_identification:_identify(docs/_static) by extension 'ignore'
[0.145s] Level 1:colcon.colcon_core.package_identification:_identify(docs/_static) by extension 'ignore_ament_install'
[0.145s] Level 1:colcon.colcon_core.package_identification:_identify(docs/_static) by extensions ['colcon_pkg']
[0.145s] Level 1:colcon.colcon_core.package_identification:_identify(docs/_static) by extension 'colcon_pkg'
[0.145s] Level 1:colcon.colcon_core.package_identification:_identify(docs/_static) by extensions ['colcon_meta']
[0.145s] Level 1:colcon.colcon_core.package_identification:_identify(docs/_static) by extension 'colcon_meta'
[0.145s] Level 1:colcon.colcon_core.package_identification:_identify(docs/_static) by extensions ['ros']
[0.145s] Level 1:colcon.colcon_core.package_identification:_identify(docs/_static) by extension 'ros'
[0.145s] Level 1:colcon.colcon_core.package_identification:_identify(docs/_static) by extensions ['cmake', 'python']
[0.145s] Level 1:colcon.colcon_core.package_identification:_identify(docs/_static) by extension 'cmake'
[0.145s] Level 1:colcon.colcon_core.package_identification:_identify(docs/_static) by extension 'python'
[0.145s] Level 1:colcon.colcon_core.package_identification:_identify(docs/_static) by extensions ['python_setup_py']
[0.145s] Level 1:colcon.colcon_core.package_identification:_identify(docs/_static) by extension 'python_setup_py'
[0.145s] Level 1:colcon.colcon_core.package_identification:_identify(install) by extensions ['ignore', 'ignore_ament_install']
[0.145s] Level 1:colcon.colcon_core.package_identification:_identify(install) by extension 'ignore'
[0.145s] Level 1:colcon.colcon_core.package_identification:_identify(install) ignored
[0.145s] Level 1:colcon.colcon_core.package_identification:_identify(log) by extensions ['ignore', 'ignore_ament_install']
[0.145s] Level 1:colcon.colcon_core.package_identification:_identify(log) by extension 'ignore'
[0.145s] Level 1:colcon.colcon_core.package_identification:_identify(log) ignored
[0.146s] Level 1:colcon.colcon_core.package_identification:_identify(src) by extensions ['ignore', 'ignore_ament_install']
[0.146s] Level 1:colcon.colcon_core.package_identification:_identify(src) by extension 'ignore'
[0.146s] Level 1:colcon.colcon_core.package_identification:_identify(src) by extension 'ignore_ament_install'
[0.146s] Level 1:colcon.colcon_core.package_identification:_identify(src) by extensions ['colcon_pkg']
[0.146s] Level 1:colcon.colcon_core.package_identification:_identify(src) by extension 'colcon_pkg'
[0.146s] Level 1:colcon.colcon_core.package_identification:_identify(src) by extensions ['colcon_meta']
[0.146s] Level 1:colcon.colcon_core.package_identification:_identify(src) by extension 'colcon_meta'
[0.146s] Level 1:colcon.colcon_core.package_identification:_identify(src) by extensions ['ros']
[0.146s] Level 1:colcon.colcon_core.package_identification:_identify(src) by extension 'ros'
[0.146s] Level 1:colcon.colcon_core.package_identification:_identify(src) by extensions ['cmake', 'python']
[0.146s] Level 1:colcon.colcon_core.package_identification:_identify(src) by extension 'cmake'
[0.146s] Level 1:colcon.colcon_core.package_identification:_identify(src) by extension 'python'
[0.146s] Level 1:colcon.colcon_core.package_identification:_identify(src) by extensions ['python_setup_py']
[0.146s] Level 1:colcon.colcon_core.package_identification:_identify(src) by extension 'python_setup_py'
[0.146s] Level 1:colcon.colcon_core.package_identification:_identify(src/cfg) by extensions ['ignore', 'ignore_ament_install']
[0.146s] Level 1:colcon.colcon_core.package_identification:_identify(src/cfg) by extension 'ignore'
[0.146s] Level 1:colcon.colcon_core.package_identification:_identify(src/cfg) by extension 'ignore_ament_install'
[0.146s] Level 1:colcon.colcon_core.package_identification:_identify(src/cfg) by extensions ['colcon_pkg']
[0.146s] Level 1:colcon.colcon_core.package_identification:_identify(src/cfg) by extension 'colcon_pkg'
[0.146s] Level 1:colcon.colcon_core.package_identification:_identify(src/cfg) by extensions ['colcon_meta']
[0.146s] Level 1:colcon.colcon_core.package_identification:_identify(src/cfg) by extension 'colcon_meta'
[0.146s] Level 1:colcon.colcon_core.package_identification:_identify(src/cfg) by extensions ['ros']
[0.146s] Level 1:colcon.colcon_core.package_identification:_identify(src/cfg) by extension 'ros'
[0.146s] Level 1:colcon.colcon_core.package_identification:_identify(src/cfg) by extensions ['cmake', 'python']
[0.147s] Level 1:colcon.colcon_core.package_identification:_identify(src/cfg) by extension 'cmake'
[0.147s] Level 1:colcon.colcon_core.package_identification:_identify(src/cfg) by extension 'python'
[0.147s] Level 1:colcon.colcon_core.package_identification:_identify(src/cfg) by extensions ['python_setup_py']
[0.147s] Level 1:colcon.colcon_core.package_identification:_identify(src/cfg) by extension 'python_setup_py'
[0.147s] Level 1:colcon.colcon_core.package_identification:_identify(src/chimera_camera) by extensions ['ignore', 'ignore_ament_install']
[0.147s] Level 1:colcon.colcon_core.package_identification:_identify(src/chimera_camera) by extension 'ignore'
[0.147s] Level 1:colcon.colcon_core.package_identification:_identify(src/chimera_camera) by extension 'ignore_ament_install'
[0.147s] Level 1:colcon.colcon_core.package_identification:_identify(src/chimera_camera) by extensions ['colcon_pkg']
[0.147s] Level 1:colcon.colcon_core.package_identification:_identify(src/chimera_camera) by extension 'colcon_pkg'
[0.147s] Level 1:colcon.colcon_core.package_identification:_identify(src/chimera_camera) by extensions ['colcon_meta']
[0.147s] Level 1:colcon.colcon_core.package_identification:_identify(src/chimera_camera) by extension 'colcon_meta'
[0.147s] Level 1:colcon.colcon_core.package_identification:_identify(src/chimera_camera) by extensions ['ros']
[0.147s] Level 1:colcon.colcon_core.package_identification:_identify(src/chimera_camera) by extension 'ros'
[0.150s] DEBUG:colcon.colcon_core.package_identification:Package 'src/chimera_camera' with type 'ros.ament_python' and name 'chimera_camera'
[0.150s] Level 1:colcon.colcon_core.package_identification:_identify(src/custom_interfaces) by extensions ['ignore', 'ignore_ament_install']
[0.150s] Level 1:colcon.colcon_core.package_identification:_identify(src/custom_interfaces) by extension 'ignore'
[0.150s] Level 1:colcon.colcon_core.package_identification:_identify(src/custom_interfaces) by extension 'ignore_ament_install'
[0.150s] Level 1:colcon.colcon_core.package_identification:_identify(src/custom_interfaces) by extensions ['colcon_pkg']
[0.150s] Level 1:colcon.colcon_core.package_identification:_identify(src/custom_interfaces) by extension 'colcon_pkg'
[0.150s] Level 1:colcon.colcon_core.package_identification:_identify(src/custom_interfaces) by extensions ['colcon_meta']
[0.150s] Level 1:colcon.colcon_core.package_identification:_identify(src/custom_interfaces) by extension 'colcon_meta'
[0.150s] Level 1:colcon.colcon_core.package_identification:_identify(src/custom_interfaces) by extensions ['ros']
[0.150s] Level 1:colcon.colcon_core.package_identification:_identify(src/custom_interfaces) by extension 'ros'
[0.150s] DEBUG:colcon.colcon_core.package_identification:Package 'src/custom_interfaces' with type 'ros.ament_cmake' and name 'custom_interfaces'
[0.151s] Level 1:colcon.colcon_core.package_identification:_identify(src/dvl_data) by extensions ['ignore', 'ignore_ament_install']
[0.151s] Level 1:colcon.colcon_core.package_identification:_identify(src/dvl_data) by extension 'ignore'
[0.151s] Level 1:colcon.colcon_core.package_identification:_identify(src/dvl_data) by extension 'ignore_ament_install'
[0.151s] Level 1:colcon.colcon_core.package_identification:_identify(src/dvl_data) by extensions ['colcon_pkg']
[0.151s] Level 1:colcon.colcon_core.package_identification:_identify(src/dvl_data) by extension 'colcon_pkg'
[0.151s] Level 1:colcon.colcon_core.package_identification:_identify(src/dvl_data) by extensions ['colcon_meta']
[0.151s] Level 1:colcon.colcon_core.package_identification:_identify(src/dvl_data) by extension 'colcon_meta'
[0.151s] Level 1:colcon.colcon_core.package_identification:_identify(src/dvl_data) by extensions ['ros']
[0.151s] Level 1:colcon.colcon_core.package_identification:_identify(src/dvl_data) by extension 'ros'
[0.151s] DEBUG:colcon.colcon_core.package_identification:Package 'src/dvl_data' with type 'ros.ament_python' and name 'dvl_data'
[0.151s] Level 1:colcon.colcon_core.package_identification:_identify(src/motor_control) by extensions ['ignore', 'ignore_ament_install']
[0.151s] Level 1:colcon.colcon_core.package_identification:_identify(src/motor_control) by extension 'ignore'
[0.152s] Level 1:colcon.colcon_core.package_identification:_identify(src/motor_control) by extension 'ignore_ament_install'
[0.152s] Level 1:colcon.colcon_core.package_identification:_identify(src/motor_control) by extensions ['colcon_pkg']
[0.152s] Level 1:colcon.colcon_core.package_identification:_identify(src/motor_control) by extension 'colcon_pkg'
[0.152s] Level 1:colcon.colcon_core.package_identification:_identify(src/motor_control) by extensions ['colcon_meta']
[0.152s] Level 1:colcon.colcon_core.package_identification:_identify(src/motor_control) by extension 'colcon_meta'
[0.152s] Level 1:colcon.colcon_core.package_identification:_identify(src/motor_control) by extensions ['ros']
[0.152s] Level 1:colcon.colcon_core.package_identification:_identify(src/motor_control) by extension 'ros'
[0.152s] DEBUG:colcon.colcon_core.package_identification:Package 'src/motor_control' with type 'ros.ament_python' and name 'motor_control'
[0.152s] Level 1:colcon.colcon_core.package_identification:_identify(src/teleoperation) by extensions ['ignore', 'ignore_ament_install']
[0.152s] Level 1:colcon.colcon_core.package_identification:_identify(src/teleoperation) by extension 'ignore'
[0.152s] Level 1:colcon.colcon_core.package_identification:_identify(src/teleoperation) by extension 'ignore_ament_install'
[0.152s] Level 1:colcon.colcon_core.package_identification:_identify(src/teleoperation) by extensions ['colcon_pkg']
[0.152s] Level 1:colcon.colcon_core.package_identification:_identify(src/teleoperation) by extension 'colcon_pkg'
[0.153s] Level 1:colcon.colcon_core.package_identification:_identify(src/teleoperation) by extensions ['colcon_meta']
[0.153s] Level 1:colcon.colcon_core.package_identification:_identify(src/teleoperation) by extension 'colcon_meta'
[0.153s] Level 1:colcon.colcon_core.package_identification:_identify(src/teleoperation) by extensions ['ros']
[0.153s] Level 1:colcon.colcon_core.package_identification:_identify(src/teleoperation) by extension 'ros'
[0.153s] DEBUG:colcon.colcon_core.package_identification:Package 'src/teleoperation' with type 'ros.ament_python' and name 'teleoperation'
[0.153s] Level 1:colcon.colcon_core.package_identification:_identify(taskScripts) by extensions ['ignore', 'ignore_ament_install']
[0.153s] Level 1:colcon.colcon_core.package_identification:_identify(taskScripts) by extension 'ignore'
[0.153s] Level 1:colcon.colcon_core.package_identification:_identify(taskScripts) by extension 'ignore_ament_install'
[0.153s] Level 1:colcon.colcon_core.package_identification:_identify(taskScripts) by extensions ['colcon_pkg']
[0.153s] Level 1:colcon.colcon_core.package_identification:_identify(taskScripts) by extension 'colcon_pkg'
[0.153s] Level 1:colcon.colcon_core.package_identification:_identify(taskScripts) by extensions ['colcon_meta']
[0.153s] Level 1:colcon.colcon_core.package_identification:_identify(taskScripts) by extension 'colcon_meta'
[0.153s] Level 1:colcon.colcon_core.package_identification:_identify(taskScripts) by extensions ['ros']
[0.153s] Level 1:colcon.colcon_core.package_identification:_identify(taskScripts) by extension 'ros'
[0.154s] Level 1:colcon.colcon_core.package_identification:_identify(taskScripts) by extensions ['cmake', 'python']
[0.154s] Level 1:colcon.colcon_core.package_identification:_identify(taskScripts) by extension 'cmake'
[0.154s] Level 1:colcon.colcon_core.package_identification:_identify(taskScripts) by extension 'python'
[0.154s] Level 1:colcon.colcon_core.package_identification:_identify(taskScripts) by extensions ['python_setup_py']
[0.154s] Level 1:colcon.colcon_core.package_identification:_identify(taskScripts) by extension 'python_setup_py'
[0.154s] Level 1:colcon.colcon_core.package_identification:_identify(taskScripts/Photogrammetry) by extensions ['ignore', 'ignore_ament_install']
[0.154s] Level 1:colcon.colcon_core.package_identification:_identify(taskScripts/Photogrammetry) by extension 'ignore'
[0.154s] Level 1:colcon.colcon_core.package_identification:_identify(taskScripts/Photogrammetry) by extension 'ignore_ament_install'
[0.154s] Level 1:colcon.colcon_core.package_identification:_identify(taskScripts/Photogrammetry) by extensions ['colcon_pkg']
[0.154s] Level 1:colcon.colcon_core.package_identification:_identify(taskScripts/Photogrammetry) by extension 'colcon_pkg'
[0.154s] Level 1:colcon.colcon_core.package_identification:_identify(taskScripts/Photogrammetry) by extensions ['colcon_meta']
[0.154s] Level 1:colcon.colcon_core.package_identification:_identify(taskScripts/Photogrammetry) by extension 'colcon_meta'
[0.154s] Level 1:colcon.colcon_core.package_identification:_identify(taskScripts/Photogrammetry) by extensions ['ros']
[0.154s] Level 1:colcon.colcon_core.package_identification:_identify(taskScripts/Photogrammetry) by extension 'ros'
[0.154s] Level 1:colcon.colcon_core.package_identification:_identify(taskScripts/Photogrammetry) by extensions ['cmake', 'python']
[0.154s] Level 1:colcon.colcon_core.package_identification:_identify(taskScripts/Photogrammetry) by extension 'cmake'
[0.154s] Level 1:colcon.colcon_core.package_identification:_identify(taskScripts/Photogrammetry) by extension 'python'
[0.154s] Level 1:colcon.colcon_core.package_identification:_identify(taskScripts/Photogrammetry) by extensions ['python_setup_py']
[0.154s] Level 1:colcon.colcon_core.package_identification:_identify(taskScripts/Photogrammetry) by extension 'python_setup_py'
[0.154s] Level 1:colcon.colcon_core.package_discovery:discover_packages(recursive) using defaults
[0.154s] Level 1:colcon.colcon_core.package_discovery:discover_packages(ignore) discover
[0.154s] Level 1:colcon.colcon_core.package_discovery:discover_packages(ignore) using defaults
[0.154s] Level 1:colcon.colcon_core.package_discovery:discover_packages(path) discover
[0.154s] Level 1:colcon.colcon_core.package_discovery:discover_packages(path) using defaults
[0.172s] INFO:colcon.colcon_core.package_selection:Skipping not selected package 'dvl_data' in 'src/dvl_data'
[0.172s] INFO:colcon.colcon_core.package_selection:Skipping not selected package 'motor_control' in 'src/motor_control'
[0.172s] INFO:colcon.colcon_core.package_selection:Skipping not selected package 'teleoperation' in 'src/teleoperation'
[0.173s] Level 1:colcon.colcon_core.package_discovery:discover_packages(prefix_path) check parameters
[0.173s] Level 1:colcon.colcon_core.package_discovery:discover_packages(prefix_path) discover
[0.175s] DEBUG:colcon.colcon_installed_package_information.package_discovery:Found 2 installed packages in /home/williamhardee/Documents/cusub2.1/install
[0.176s] DEBUG:colcon.colcon_installed_package_information.package_discovery:Found 276 installed packages in /opt/ros/humble
[0.184s] Level 1:colcon.colcon_core.package_discovery:discover_packages(prefix_path) using defaults
[0.217s] Level 5:colcon.colcon_core.verb:set package 'chimera_camera' build argument 'cmake_args' from command line to 'None'
[0.217s] Level 5:colcon.colcon_core.verb:set package 'chimera_camera' build argument 'cmake_target' from command line to 'None'
[0.217s] Level 5:colcon.colcon_core.verb:set package 'chimera_camera' build argument 'cmake_target_skip_unavailable' from command line to 'False'
[0.217s] Level 5:colcon.colcon_core.verb:set package 'chimera_camera' build argument 'cmake_clean_cache' from command line to 'False'
[0.217s] Level 5:colcon.colcon_core.verb:set package 'chimera_camera' build argument 'cmake_clean_first' from command line to 'False'
[0.217s] Level 5:colcon.colcon_core.verb:set package 'chimera_camera' build argument 'cmake_force_configure' from command line to 'False'
[0.217s] Level 5:colcon.colcon_core.verb:set package 'chimera_camera' build argument 'ament_cmake_args' from command line to 'None'
[0.217s] Level 5:colcon.colcon_core.verb:set package 'chimera_camera' build argument 'catkin_cmake_args' from command line to 'None'
[0.217s] Level 5:colcon.colcon_core.verb:set package 'chimera_camera' build argument 'catkin_skip_building_tests' from command line to 'False'
[0.217s] DEBUG:colcon.colcon_core.verb:Building package 'chimera_camera' with the following arguments: {'ament_cmake_args': None, 'build_base': '/home/williamhardee/Documents/cusub2.1/build/chimera_camera', 'catkin_cmake_args': None, 'catkin_skip_building_tests': False, 'cmake_args': None, 'cmake_clean_cache': False, 'cmake_clean_first': False, 'cmake_force_configure': False, 'cmake_target': None, 'cmake_target_skip_unavailable': False, 'install_base': '/home/williamhardee/Documents/cusub2.1/install/chimera_camera', 'merge_install': False, 'path': '/home/williamhardee/Documents/cusub2.1/src/chimera_camera', 'symlink_install': False, 'test_result_base': None}
[0.218s] Level 5:colcon.colcon_core.verb:set package 'custom_interfaces' build argument 'cmake_args' from command line to 'None'
[0.218s] Level 5:colcon.colcon_core.verb:set package 'custom_interfaces' build argument 'cmake_target' from command line to 'None'
[0.218s] Level 5:colcon.colcon_core.verb:set package 'custom_interfaces' build argument 'cmake_target_skip_unavailable' from command line to 'False'
[0.218s] Level 5:colcon.colcon_core.verb:set package 'custom_interfaces' build argument 'cmake_clean_cache' from command line to 'False'
[0.218s] Level 5:colcon.colcon_core.verb:set package 'custom_interfaces' build argument 'cmake_clean_first' from command line to 'False'
[0.218s] Level 5:colcon.colcon_core.verb:set package 'custom_interfaces' build argument 'cmake_force_configure' from command line to 'False'
[0.218s] Level 5:colcon.colcon_core.verb:set package 'custom_interfaces' build argument 'ament_cmake_args' from command line to 'None'
[0.218s] Level 5:colcon.colcon_core.verb:set package 'custom_interfaces' build argument 'catkin_cmake_args' from command line to 'None'
[0.218s] Level 5:colcon.colcon_core.verb:set package 'custom_interfaces' build argument 'catkin_skip_building_tests' from command line to 'False'
[0.218s] DEBUG:colcon.colcon_core.verb:Building package 'custom_interfaces' with the following arguments: {'ament_cmake_args': None, 'build_base': '/home/williamhardee/Documents/cusub2.1/build/custom_interfaces', 'catkin_cmake_args': None, 'catkin_skip_building_tests': False, 'cmake_args': None, 'cmake_clean_cache': False, 'cmake_clean_first': False, 'cmake_force_configure': False, 'cmake_target': None, 'cmake_target_skip_unavailable': False, 'install_base': '/home/williamhardee/Documents/cusub2.1/install/custom_interfaces', 'merge_install': False, 'path': '/home/williamhardee/Documents/cusub2.1/src/custom_interfaces', 'symlink_install': False, 'test_result_base': None}
[0.218s] INFO:colcon.colcon_core.executor:Executing jobs using 'parallel' executor
[0.219s] DEBUG:colcon.colcon_parallel_executor.executor.parallel:run_until_complete
[0.219s] INFO:colcon.colcon_ros.task.ament_python.build:Building ROS package in '/home/williamhardee/Documents/cusub2.1/src/chimera_camera' with build type 'ament_python'
[0.219s] Level 1:colcon.colcon_core.shell:create_environment_hook('chimera_camera', 'ament_prefix_path')
[0.221s] INFO:colcon.colcon_core.plugin_system:Skipping extension 'colcon_core.shell.bat': Not used on non-Windows systems
[0.221s] INFO:colcon.colcon_core.shell:Creating environment hook '/home/williamhardee/Documents/cusub2.1/install/chimera_camera/share/chimera_camera/hook/ament_prefix_path.ps1'
[0.222s] INFO:colcon.colcon_core.shell:Creating environment descriptor '/home/williamhardee/Documents/cusub2.1/install/chimera_camera/share/chimera_camera/hook/ament_prefix_path.dsv'
[0.222s] INFO:colcon.colcon_core.shell:Creating environment hook '/home/williamhardee/Documents/cusub2.1/install/chimera_camera/share/chimera_camera/hook/ament_prefix_path.sh'
[0.223s] INFO:colcon.colcon_core.shell:Skip shell extension 'powershell' for command environment: Not usable outside of PowerShell
[0.223s] DEBUG:colcon.colcon_core.shell:Skip shell extension 'dsv' for command environment
[0.225s] INFO:colcon.colcon_ros.task.ament_cmake.build:Building ROS package in '/home/williamhardee/Documents/cusub2.1/src/custom_interfaces' with build type 'ament_cmake'
[0.225s] INFO:colcon.colcon_cmake.task.cmake.build:Building CMake package in '/home/williamhardee/Documents/cusub2.1/src/custom_interfaces'
[0.226s] INFO:colcon.colcon_core.shell:Skip shell extension 'powershell' for command environment: Not usable outside of PowerShell
[0.226s] DEBUG:colcon.colcon_core.shell:Skip shell extension 'dsv' for command environment
[0.465s] DEBUG:colcon.colcon_parallel_executor.executor.parallel:closing loop
[0.465s] DEBUG:colcon.colcon_parallel_executor.executor.parallel:loop closed
[0.465s] DEBUG:colcon.colcon_parallel_executor.executor.parallel:run_until_complete finished with 'Command '['/usr/bin/python3', '-c', 'import sys;from contextlib import suppress;exec("with suppress(ImportError):    from setuptools.extern.packaging.specifiers    import SpecifierSet");exec("with suppress(ImportError):    from packaging.specifiers import SpecifierSet");from distutils.core import run_setup;dist = run_setup(    \'setup.py\', script_args=(\'--dry-run\',), stop_after=\'config\');skip_keys = (\'cmdclass\', \'distclass\', \'ext_modules\', \'metadata\');data = {    key: value for key, value in dist.__dict__.items()     if (        not key.startswith(\'_\') and         not callable(value) and         key not in skip_keys and         key not in dist.display_option_names    )};data[\'metadata\'] = {    k: v for k, v in dist.metadata.__dict__.items()     if k not in (\'license_files\', \'provides_extras\')};sys.stdout.buffer.write(repr(data).encode(\'utf-8\'))']' returned non-zero exit status 1.'
[0.465s] DEBUG:colcon.colcon_core.event_reactor:joining thread
[0.470s] INFO:colcon.colcon_core.plugin_system:Skipping extension 'colcon_notification.desktop_notification.terminal_notifier': Not used on non-Darwin systems
[0.470s] INFO:colcon.colcon_core.plugin_system:Skipping extension 'colcon_notification.desktop_notification.win32': Not used on non-Windows systems
[0.470s] INFO:colcon.colcon_notification.desktop_notification:Sending desktop notification using 'notify2'
[0.485s] DEBUG:colcon.colcon_core.event_reactor:joined thread
[0.486s] INFO:colcon.colcon_core.shell:Creating prefix script '/home/williamhardee/Documents/cusub2.1/install/local_setup.ps1'
[0.487s] INFO:colcon.colcon_core.shell:Creating prefix util module '/home/williamhardee/Documents/cusub2.1/install/_local_setup_util_ps1.py'
[0.488s] INFO:colcon.colcon_core.shell:Creating prefix chain script '/home/williamhardee/Documents/cusub2.1/install/setup.ps1'
[0.489s] INFO:colcon.colcon_core.shell:Creating prefix script '/home/williamhardee/Documents/cusub2.1/install/local_setup.sh'
[0.489s] INFO:colcon.colcon_core.shell:Creating prefix util module '/home/williamhardee/Documents/cusub2.1/install/_local_setup_util_sh.py'
[0.490s] INFO:colcon.colcon_core.shell:Creating prefix chain script '/home/williamhardee/Documents/cusub2.1/install/setup.sh'
[0.490s] INFO:colcon.colcon_core.shell:Creating prefix script '/home/williamhardee/Documents/cusub2.1/install/local_setup.bash'
[0.491s] INFO:colcon.colcon_core.shell:Creating prefix chain script '/home/williamhardee/Documents/cusub2.1/install/setup.bash'
[0.492s] INFO:colcon.colcon_core.shell:Creating prefix script '/home/williamhardee/Documents/cusub2.1/install/local_setup.zsh'
[0.492s] INFO:colcon.colcon_core.shell:Creating prefix chain script '/home/williamhardee/Documents/cusub2.1/install/setup.zsh'
