/home/williamhardee/Documents/cusub2.1/install/chimera_camera/lib/python3.10/site-packages/chimera_camera/CameraPublisherTest.py
/home/williamhardee/Documents/cusub2.1/install/chimera_camera/lib/python3.10/site-packages/chimera_camera/cameraCompressed.py
/home/williamhardee/Documents/cusub2.1/install/chimera_camera/lib/python3.10/site-packages/chimera_camera/__init__.py
/home/williamhardee/Documents/cusub2.1/install/chimera_camera/lib/python3.10/site-packages/chimera_camera/CameraPublisher.py
/home/williamhardee/Documents/cusub2.1/install/chimera_camera/lib/python3.10/site-packages/chimera_camera/__pycache__/CameraPublisherTest.cpython-310.pyc
/home/williamhardee/Documents/cusub2.1/install/chimera_camera/lib/python3.10/site-packages/chimera_camera/__pycache__/cameraCompressed.cpython-310.pyc
/home/williamhardee/Documents/cusub2.1/install/chimera_camera/lib/python3.10/site-packages/chimera_camera/__pycache__/__init__.cpython-310.pyc
/home/williamhardee/Documents/cusub2.1/install/chimera_camera/lib/python3.10/site-packages/chimera_camera/__pycache__/CameraPublisher.cpython-310.pyc
/home/williamhardee/Documents/cusub2.1/install/chimera_camera/share/ament_index/resource_index/packages/chimera_camera
/home/williamhardee/Documents/cusub2.1/install/chimera_camera/share/chimera_camera/package.xml
/home/williamhardee/Documents/cusub2.1/install/chimera_camera/share/chimera_camera/launch/camera_launch.xml
/home/williamhardee/Documents/cusub2.1/install/chimera_camera/share/chimera_camera/models/yolo11m.pt
/home/williamhardee/Documents/cusub2.1/install/chimera_camera/lib/python3.10/site-packages/chimera_camera-0.0.0-py3.10.egg-info/dependency_links.txt
/home/williamhardee/Documents/cusub2.1/install/chimera_camera/lib/python3.10/site-packages/chimera_camera-0.0.0-py3.10.egg-info/entry_points.txt
/home/williamhardee/Documents/cusub2.1/install/chimera_camera/lib/python3.10/site-packages/chimera_camera-0.0.0-py3.10.egg-info/requires.txt
/home/williamhardee/Documents/cusub2.1/install/chimera_camera/lib/python3.10/site-packages/chimera_camera-0.0.0-py3.10.egg-info/top_level.txt
/home/williamhardee/Documents/cusub2.1/install/chimera_camera/lib/python3.10/site-packages/chimera_camera-0.0.0-py3.10.egg-info/SOURCES.txt
/home/williamhardee/Documents/cusub2.1/install/chimera_camera/lib/python3.10/site-packages/chimera_camera-0.0.0-py3.10.egg-info/PKG-INFO
/home/williamhardee/Documents/cusub2.1/install/chimera_camera/lib/python3.10/site-packages/chimera_camera-0.0.0-py3.10.egg-info/zip-safe
/home/williamhardee/Documents/cusub2.1/install/chimera_camera/lib/chimera_camera/camera_node
/home/williamhardee/Documents/cusub2.1/install/chimera_camera/lib/chimera_camera/client
