[0.089s] DEBUG:colcon:Command line arguments: ['/usr/bin/colcon', 'build', '--packages-select', 'chimera_camera', 'custom_interfaces']
[0.089s] DEBUG:colcon:Parsed command line arguments: Namespace(log_base=None, log_level=None, verb_name='build', build_base='build', install_base='install', merge_install=False, symlink_install=False, test_result_base=None, continue_on_error=False, executor='parallel', parallel_workers=16, event_handlers=None, ignore_user_meta=False, metas=['./colcon.meta'], base_paths=['.'], packages_ignore=None, packages_ignore_regex=None, paths=None, packages_up_to=None, packages_up_to_regex=None, packages_above=None, packages_above_and_dependencies=None, packages_above_depth=None, packages_select_by_dep=None, packages_skip_by_dep=None, packages_skip_up_to=None, packages_select_build_failed=False, packages_skip_build_finished=False, packages_select_test_failures=False, packages_skip_test_passed=False, packages_select=['chimera_camera', 'custom_interfaces'], packages_skip=None, packages_select_regex=None, packages_skip_regex=None, packages_start=None, packages_end=None, allow_overriding=[], cmake_args=None, cmake_target=None, cmake_target_skip_unavailable=False, cmake_clean_cache=False, cmake_clean_first=False, cmake_force_configure=False, ament_cmake_args=None, catkin_cmake_args=None, catkin_skip_building_tests=False, verb_parser=<colcon_defaults.argument_parser.defaults.DefaultArgumentsDecorator object at 0x71c06c5e0a90>, verb_extension=<colcon_core.verb.build.BuildVerb object at 0x71c06c5e0640>, main=<bound method BuildVerb.main of <colcon_core.verb.build.BuildVerb object at 0x71c06c5e0640>>)
[0.233s] Level 1:colcon.colcon_core.package_discovery:discover_packages(colcon_meta) check parameters
[0.233s] Level 1:colcon.colcon_core.package_discovery:discover_packages(recursive) check parameters
[0.233s] Level 1:colcon.colcon_core.package_discovery:discover_packages(ignore) check parameters
[0.233s] Level 1:colcon.colcon_core.package_discovery:discover_packages(path) check parameters
[0.233s] Level 1:colcon.colcon_core.package_discovery:discover_packages(colcon_meta) discover
[0.233s] Level 1:colcon.colcon_core.package_discovery:discover_packages(recursive) discover
[0.233s] INFO:colcon.colcon_core.package_discovery:Crawling recursively for packages in '/home/williamhardee/Documents/cusub2.1'
[0.233s] Level 1:colcon.colcon_core.package_identification:_identify(.) by extensions ['ignore', 'ignore_ament_install']
[0.233s] Level 1:colcon.colcon_core.package_identification:_identify(.) by extension 'ignore'
[0.234s] Level 1:colcon.colcon_core.package_identification:_identify(.) by extension 'ignore_ament_install'
[0.234s] Level 1:colcon.colcon_core.package_identification:_identify(.) by extensions ['colcon_pkg']
[0.234s] Level 1:colcon.colcon_core.package_identification:_identify(.) by extension 'colcon_pkg'
[0.234s] Level 1:colcon.colcon_core.package_identification:_identify(.) by extensions ['colcon_meta']
[0.234s] Level 1:colcon.colcon_core.package_identification:_identify(.) by extension 'colcon_meta'
[0.234s] Level 1:colcon.colcon_core.package_identification:_identify(.) by extensions ['ros']
[0.234s] Level 1:colcon.colcon_core.package_identification:_identify(.) by extension 'ros'
[0.244s] Level 1:colcon.colcon_core.package_identification:_identify(.) by extensions ['cmake', 'python']
[0.244s] Level 1:colcon.colcon_core.package_identification:_identify(.) by extension 'cmake'
[0.244s] Level 1:colcon.colcon_core.package_identification:_identify(.) by extension 'python'
[0.244s] Level 1:colcon.colcon_core.package_identification:_identify(.) by extensions ['python_setup_py']
[0.244s] Level 1:colcon.colcon_core.package_identification:_identify(.) by extension 'python_setup_py'
[0.244s] Level 1:colcon.colcon_core.package_identification:_identify(__pycache__) by extensions ['ignore', 'ignore_ament_install']
[0.244s] Level 1:colcon.colcon_core.package_identification:_identify(__pycache__) by extension 'ignore'
[0.244s] Level 1:colcon.colcon_core.package_identification:_identify(__pycache__) by extension 'ignore_ament_install'
[0.244s] Level 1:colcon.colcon_core.package_identification:_identify(__pycache__) by extensions ['colcon_pkg']
[0.244s] Level 1:colcon.colcon_core.package_identification:_identify(__pycache__) by extension 'colcon_pkg'
[0.244s] Level 1:colcon.colcon_core.package_identification:_identify(__pycache__) by extensions ['colcon_meta']
[0.244s] Level 1:colcon.colcon_core.package_identification:_identify(__pycache__) by extension 'colcon_meta'
[0.244s] Level 1:colcon.colcon_core.package_identification:_identify(__pycache__) by extensions ['ros']
[0.244s] Level 1:colcon.colcon_core.package_identification:_identify(__pycache__) by extension 'ros'
[0.244s] Level 1:colcon.colcon_core.package_identification:_identify(__pycache__) by extensions ['cmake', 'python']
[0.244s] Level 1:colcon.colcon_core.package_identification:_identify(__pycache__) by extension 'cmake'
[0.244s] Level 1:colcon.colcon_core.package_identification:_identify(__pycache__) by extension 'python'
[0.244s] Level 1:colcon.colcon_core.package_identification:_identify(__pycache__) by extensions ['python_setup_py']
[0.244s] Level 1:colcon.colcon_core.package_identification:_identify(__pycache__) by extension 'python_setup_py'
[0.245s] Level 1:colcon.colcon_core.package_identification:_identify(build) by extensions ['ignore', 'ignore_ament_install']
[0.245s] Level 1:colcon.colcon_core.package_identification:_identify(build) by extension 'ignore'
[0.245s] Level 1:colcon.colcon_core.package_identification:_identify(build) ignored
[0.245s] Level 1:colcon.colcon_core.package_identification:_identify(cusub2_teleop) by extensions ['ignore', 'ignore_ament_install']
[0.245s] Level 1:colcon.colcon_core.package_identification:_identify(cusub2_teleop) by extension 'ignore'
[0.245s] Level 1:colcon.colcon_core.package_identification:_identify(cusub2_teleop) by extension 'ignore_ament_install'
[0.245s] Level 1:colcon.colcon_core.package_identification:_identify(cusub2_teleop) by extensions ['colcon_pkg']
[0.245s] Level 1:colcon.colcon_core.package_identification:_identify(cusub2_teleop) by extension 'colcon_pkg'
[0.245s] Level 1:colcon.colcon_core.package_identification:_identify(cusub2_teleop) by extensions ['colcon_meta']
[0.245s] Level 1:colcon.colcon_core.package_identification:_identify(cusub2_teleop) by extension 'colcon_meta'
[0.245s] Level 1:colcon.colcon_core.package_identification:_identify(cusub2_teleop) by extensions ['ros']
[0.245s] Level 1:colcon.colcon_core.package_identification:_identify(cusub2_teleop) by extension 'ros'
[0.245s] Level 1:colcon.colcon_core.package_identification:_identify(cusub2_teleop) by extensions ['cmake', 'python']
[0.245s] Level 1:colcon.colcon_core.package_identification:_identify(cusub2_teleop) by extension 'cmake'
[0.245s] Level 1:colcon.colcon_core.package_identification:_identify(cusub2_teleop) by extension 'python'
[0.245s] Level 1:colcon.colcon_core.package_identification:_identify(cusub2_teleop) by extensions ['python_setup_py']
[0.245s] Level 1:colcon.colcon_core.package_identification:_identify(cusub2_teleop) by extension 'python_setup_py'
[0.245s] Level 1:colcon.colcon_core.package_identification:_identify(docs) by extensions ['ignore', 'ignore_ament_install']
[0.245s] Level 1:colcon.colcon_core.package_identification:_identify(docs) by extension 'ignore'
[0.245s] Level 1:colcon.colcon_core.package_identification:_identify(docs) by extension 'ignore_ament_install'
[0.246s] Level 1:colcon.colcon_core.package_identification:_identify(docs) by extensions ['colcon_pkg']
[0.246s] Level 1:colcon.colcon_core.package_identification:_identify(docs) by extension 'colcon_pkg'
[0.246s] Level 1:colcon.colcon_core.package_identification:_identify(docs) by extensions ['colcon_meta']
[0.246s] Level 1:colcon.colcon_core.package_identification:_identify(docs) by extension 'colcon_meta'
[0.246s] Level 1:colcon.colcon_core.package_identification:_identify(docs) by extensions ['ros']
[0.246s] Level 1:colcon.colcon_core.package_identification:_identify(docs) by extension 'ros'
[0.246s] Level 1:colcon.colcon_core.package_identification:_identify(docs) by extensions ['cmake', 'python']
[0.246s] Level 1:colcon.colcon_core.package_identification:_identify(docs) by extension 'cmake'
[0.246s] Level 1:colcon.colcon_core.package_identification:_identify(docs) by extension 'python'
[0.246s] Level 1:colcon.colcon_core.package_identification:_identify(docs) by extensions ['python_setup_py']
[0.246s] Level 1:colcon.colcon_core.package_identification:_identify(docs) by extension 'python_setup_py'
[0.246s] Level 1:colcon.colcon_core.package_identification:_identify(docs/_build) by extensions ['ignore', 'ignore_ament_install']
[0.246s] Level 1:colcon.colcon_core.package_identification:_identify(docs/_build) by extension 'ignore'
[0.246s] Level 1:colcon.colcon_core.package_identification:_identify(docs/_build) by extension 'ignore_ament_install'
[0.246s] Level 1:colcon.colcon_core.package_identification:_identify(docs/_build) by extensions ['colcon_pkg']
[0.246s] Level 1:colcon.colcon_core.package_identification:_identify(docs/_build) by extension 'colcon_pkg'
[0.246s] Level 1:colcon.colcon_core.package_identification:_identify(docs/_build) by extensions ['colcon_meta']
[0.246s] Level 1:colcon.colcon_core.package_identification:_identify(docs/_build) by extension 'colcon_meta'
[0.246s] Level 1:colcon.colcon_core.package_identification:_identify(docs/_build) by extensions ['ros']
[0.246s] Level 1:colcon.colcon_core.package_identification:_identify(docs/_build) by extension 'ros'
[0.246s] Level 1:colcon.colcon_core.package_identification:_identify(docs/_build) by extensions ['cmake', 'python']
[0.246s] Level 1:colcon.colcon_core.package_identification:_identify(docs/_build) by extension 'cmake'
[0.246s] Level 1:colcon.colcon_core.package_identification:_identify(docs/_build) by extension 'python'
[0.246s] Level 1:colcon.colcon_core.package_identification:_identify(docs/_build) by extensions ['python_setup_py']
[0.246s] Level 1:colcon.colcon_core.package_identification:_identify(docs/_build) by extension 'python_setup_py'
[0.247s] Level 1:colcon.colcon_core.package_identification:_identify(docs/_build/doctrees) by extensions ['ignore', 'ignore_ament_install']
[0.247s] Level 1:colcon.colcon_core.package_identification:_identify(docs/_build/doctrees) by extension 'ignore'
[0.247s] Level 1:colcon.colcon_core.package_identification:_identify(docs/_build/doctrees) by extension 'ignore_ament_install'
[0.247s] Level 1:colcon.colcon_core.package_identification:_identify(docs/_build/doctrees) by extensions ['colcon_pkg']
[0.247s] Level 1:colcon.colcon_core.package_identification:_identify(docs/_build/doctrees) by extension 'colcon_pkg'
[0.247s] Level 1:colcon.colcon_core.package_identification:_identify(docs/_build/doctrees) by extensions ['colcon_meta']
[0.247s] Level 1:colcon.colcon_core.package_identification:_identify(docs/_build/doctrees) by extension 'colcon_meta'
[0.247s] Level 1:colcon.colcon_core.package_identification:_identify(docs/_build/doctrees) by extensions ['ros']
[0.247s] Level 1:colcon.colcon_core.package_identification:_identify(docs/_build/doctrees) by extension 'ros'
[0.247s] Level 1:colcon.colcon_core.package_identification:_identify(docs/_build/doctrees) by extensions ['cmake', 'python']
[0.247s] Level 1:colcon.colcon_core.package_identification:_identify(docs/_build/doctrees) by extension 'cmake'
[0.247s] Level 1:colcon.colcon_core.package_identification:_identify(docs/_build/doctrees) by extension 'python'
[0.247s] Level 1:colcon.colcon_core.package_identification:_identify(docs/_build/doctrees) by extensions ['python_setup_py']
[0.247s] Level 1:colcon.colcon_core.package_identification:_identify(docs/_build/doctrees) by extension 'python_setup_py'
[0.247s] Level 1:colcon.colcon_core.package_identification:_identify(docs/_build/html) by extensions ['ignore', 'ignore_ament_install']
[0.247s] Level 1:colcon.colcon_core.package_identification:_identify(docs/_build/html) by extension 'ignore'
[0.247s] Level 1:colcon.colcon_core.package_identification:_identify(docs/_build/html) by extension 'ignore_ament_install'
[0.247s] Level 1:colcon.colcon_core.package_identification:_identify(docs/_build/html) by extensions ['colcon_pkg']
[0.247s] Level 1:colcon.colcon_core.package_identification:_identify(docs/_build/html) by extension 'colcon_pkg'
[0.247s] Level 1:colcon.colcon_core.package_identification:_identify(docs/_build/html) by extensions ['colcon_meta']
[0.247s] Level 1:colcon.colcon_core.package_identification:_identify(docs/_build/html) by extension 'colcon_meta'
[0.247s] Level 1:colcon.colcon_core.package_identification:_identify(docs/_build/html) by extensions ['ros']
[0.247s] Level 1:colcon.colcon_core.package_identification:_identify(docs/_build/html) by extension 'ros'
[0.247s] Level 1:colcon.colcon_core.package_identification:_identify(docs/_build/html) by extensions ['cmake', 'python']
[0.247s] Level 1:colcon.colcon_core.package_identification:_identify(docs/_build/html) by extension 'cmake'
[0.248s] Level 1:colcon.colcon_core.package_identification:_identify(docs/_build/html) by extension 'python'
[0.248s] Level 1:colcon.colcon_core.package_identification:_identify(docs/_build/html) by extensions ['python_setup_py']
[0.248s] Level 1:colcon.colcon_core.package_identification:_identify(docs/_build/html) by extension 'python_setup_py'
[0.248s] Level 1:colcon.colcon_core.package_identification:_identify(docs/_build/html/_sources) by extensions ['ignore', 'ignore_ament_install']
[0.248s] Level 1:colcon.colcon_core.package_identification:_identify(docs/_build/html/_sources) by extension 'ignore'
[0.248s] Level 1:colcon.colcon_core.package_identification:_identify(docs/_build/html/_sources) by extension 'ignore_ament_install'
[0.248s] Level 1:colcon.colcon_core.package_identification:_identify(docs/_build/html/_sources) by extensions ['colcon_pkg']
[0.248s] Level 1:colcon.colcon_core.package_identification:_identify(docs/_build/html/_sources) by extension 'colcon_pkg'
[0.248s] Level 1:colcon.colcon_core.package_identification:_identify(docs/_build/html/_sources) by extensions ['colcon_meta']
[0.248s] Level 1:colcon.colcon_core.package_identification:_identify(docs/_build/html/_sources) by extension 'colcon_meta'
[0.248s] Level 1:colcon.colcon_core.package_identification:_identify(docs/_build/html/_sources) by extensions ['ros']
[0.248s] Level 1:colcon.colcon_core.package_identification:_identify(docs/_build/html/_sources) by extension 'ros'
[0.248s] Level 1:colcon.colcon_core.package_identification:_identify(docs/_build/html/_sources) by extensions ['cmake', 'python']
[0.248s] Level 1:colcon.colcon_core.package_identification:_identify(docs/_build/html/_sources) by extension 'cmake'
[0.248s] Level 1:colcon.colcon_core.package_identification:_identify(docs/_build/html/_sources) by extension 'python'
[0.248s] Level 1:colcon.colcon_core.package_identification:_identify(docs/_build/html/_sources) by extensions ['python_setup_py']
[0.248s] Level 1:colcon.colcon_core.package_identification:_identify(docs/_build/html/_sources) by extension 'python_setup_py'
[0.248s] Level 1:colcon.colcon_core.package_identification:_identify(docs/_build/html/_static) by extensions ['ignore', 'ignore_ament_install']
[0.248s] Level 1:colcon.colcon_core.package_identification:_identify(docs/_build/html/_static) by extension 'ignore'
[0.248s] Level 1:colcon.colcon_core.package_identification:_identify(docs/_build/html/_static) by extension 'ignore_ament_install'
[0.248s] Level 1:colcon.colcon_core.package_identification:_identify(docs/_build/html/_static) by extensions ['colcon_pkg']
[0.248s] Level 1:colcon.colcon_core.package_identification:_identify(docs/_build/html/_static) by extension 'colcon_pkg'
[0.248s] Level 1:colcon.colcon_core.package_identification:_identify(docs/_build/html/_static) by extensions ['colcon_meta']
[0.248s] Level 1:colcon.colcon_core.package_identification:_identify(docs/_build/html/_static) by extension 'colcon_meta'
[0.249s] Level 1:colcon.colcon_core.package_identification:_identify(docs/_build/html/_static) by extensions ['ros']
[0.249s] Level 1:colcon.colcon_core.package_identification:_identify(docs/_build/html/_static) by extension 'ros'
[0.249s] Level 1:colcon.colcon_core.package_identification:_identify(docs/_build/html/_static) by extensions ['cmake', 'python']
[0.249s] Level 1:colcon.colcon_core.package_identification:_identify(docs/_build/html/_static) by extension 'cmake'
[0.249s] Level 1:colcon.colcon_core.package_identification:_identify(docs/_build/html/_static) by extension 'python'
[0.249s] Level 1:colcon.colcon_core.package_identification:_identify(docs/_build/html/_static) by extensions ['python_setup_py']
[0.249s] Level 1:colcon.colcon_core.package_identification:_identify(docs/_build/html/_static) by extension 'python_setup_py'
[0.249s] Level 1:colcon.colcon_core.package_identification:_identify(docs/_build/html/_static/css) by extensions ['ignore', 'ignore_ament_install']
[0.249s] Level 1:colcon.colcon_core.package_identification:_identify(docs/_build/html/_static/css) by extension 'ignore'
[0.249s] Level 1:colcon.colcon_core.package_identification:_identify(docs/_build/html/_static/css) by extension 'ignore_ament_install'
[0.249s] Level 1:colcon.colcon_core.package_identification:_identify(docs/_build/html/_static/css) by extensions ['colcon_pkg']
[0.249s] Level 1:colcon.colcon_core.package_identification:_identify(docs/_build/html/_static/css) by extension 'colcon_pkg'
[0.249s] Level 1:colcon.colcon_core.package_identification:_identify(docs/_build/html/_static/css) by extensions ['colcon_meta']
[0.249s] Level 1:colcon.colcon_core.package_identification:_identify(docs/_build/html/_static/css) by extension 'colcon_meta'
[0.249s] Level 1:colcon.colcon_core.package_identification:_identify(docs/_build/html/_static/css) by extensions ['ros']
[0.249s] Level 1:colcon.colcon_core.package_identification:_identify(docs/_build/html/_static/css) by extension 'ros'
[0.249s] Level 1:colcon.colcon_core.package_identification:_identify(docs/_build/html/_static/css) by extensions ['cmake', 'python']
[0.249s] Level 1:colcon.colcon_core.package_identification:_identify(docs/_build/html/_static/css) by extension 'cmake'
[0.249s] Level 1:colcon.colcon_core.package_identification:_identify(docs/_build/html/_static/css) by extension 'python'
[0.249s] Level 1:colcon.colcon_core.package_identification:_identify(docs/_build/html/_static/css) by extensions ['python_setup_py']
[0.249s] Level 1:colcon.colcon_core.package_identification:_identify(docs/_build/html/_static/css) by extension 'python_setup_py'
[0.249s] Level 1:colcon.colcon_core.package_identification:_identify(docs/_build/html/_static/css/fonts) by extensions ['ignore', 'ignore_ament_install']
[0.249s] Level 1:colcon.colcon_core.package_identification:_identify(docs/_build/html/_static/css/fonts) by extension 'ignore'
[0.250s] Level 1:colcon.colcon_core.package_identification:_identify(docs/_build/html/_static/css/fonts) by extension 'ignore_ament_install'
[0.250s] Level 1:colcon.colcon_core.package_identification:_identify(docs/_build/html/_static/css/fonts) by extensions ['colcon_pkg']
[0.250s] Level 1:colcon.colcon_core.package_identification:_identify(docs/_build/html/_static/css/fonts) by extension 'colcon_pkg'
[0.250s] Level 1:colcon.colcon_core.package_identification:_identify(docs/_build/html/_static/css/fonts) by extensions ['colcon_meta']
[0.250s] Level 1:colcon.colcon_core.package_identification:_identify(docs/_build/html/_static/css/fonts) by extension 'colcon_meta'
[0.250s] Level 1:colcon.colcon_core.package_identification:_identify(docs/_build/html/_static/css/fonts) by extensions ['ros']
[0.250s] Level 1:colcon.colcon_core.package_identification:_identify(docs/_build/html/_static/css/fonts) by extension 'ros'
[0.250s] Level 1:colcon.colcon_core.package_identification:_identify(docs/_build/html/_static/css/fonts) by extensions ['cmake', 'python']
[0.250s] Level 1:colcon.colcon_core.package_identification:_identify(docs/_build/html/_static/css/fonts) by extension 'cmake'
[0.250s] Level 1:colcon.colcon_core.package_identification:_identify(docs/_build/html/_static/css/fonts) by extension 'python'
[0.250s] Level 1:colcon.colcon_core.package_identification:_identify(docs/_build/html/_static/css/fonts) by extensions ['python_setup_py']
[0.250s] Level 1:colcon.colcon_core.package_identification:_identify(docs/_build/html/_static/css/fonts) by extension 'python_setup_py'
[0.250s] Level 1:colcon.colcon_core.package_identification:_identify(docs/_build/html/_static/js) by extensions ['ignore', 'ignore_ament_install']
[0.250s] Level 1:colcon.colcon_core.package_identification:_identify(docs/_build/html/_static/js) by extension 'ignore'
[0.250s] Level 1:colcon.colcon_core.package_identification:_identify(docs/_build/html/_static/js) by extension 'ignore_ament_install'
[0.250s] Level 1:colcon.colcon_core.package_identification:_identify(docs/_build/html/_static/js) by extensions ['colcon_pkg']
[0.250s] Level 1:colcon.colcon_core.package_identification:_identify(docs/_build/html/_static/js) by extension 'colcon_pkg'
[0.250s] Level 1:colcon.colcon_core.package_identification:_identify(docs/_build/html/_static/js) by extensions ['colcon_meta']
[0.250s] Level 1:colcon.colcon_core.package_identification:_identify(docs/_build/html/_static/js) by extension 'colcon_meta'
[0.250s] Level 1:colcon.colcon_core.package_identification:_identify(docs/_build/html/_static/js) by extensions ['ros']
[0.250s] Level 1:colcon.colcon_core.package_identification:_identify(docs/_build/html/_static/js) by extension 'ros'
[0.250s] Level 1:colcon.colcon_core.package_identification:_identify(docs/_build/html/_static/js) by extensions ['cmake', 'python']
[0.250s] Level 1:colcon.colcon_core.package_identification:_identify(docs/_build/html/_static/js) by extension 'cmake'
[0.250s] Level 1:colcon.colcon_core.package_identification:_identify(docs/_build/html/_static/js) by extension 'python'
[0.250s] Level 1:colcon.colcon_core.package_identification:_identify(docs/_build/html/_static/js) by extensions ['python_setup_py']
[0.251s] Level 1:colcon.colcon_core.package_identification:_identify(docs/_build/html/_static/js) by extension 'python_setup_py'
[0.251s] Level 1:colcon.colcon_core.package_identification:_identify(docs/_static) by extensions ['ignore', 'ignore_ament_install']
[0.251s] Level 1:colcon.colcon_core.package_identification:_identify(docs/_static) by extension 'ignore'
[0.251s] Level 1:colcon.colcon_core.package_identification:_identify(docs/_static) by extension 'ignore_ament_install'
[0.251s] Level 1:colcon.colcon_core.package_identification:_identify(docs/_static) by extensions ['colcon_pkg']
[0.251s] Level 1:colcon.colcon_core.package_identification:_identify(docs/_static) by extension 'colcon_pkg'
[0.251s] Level 1:colcon.colcon_core.package_identification:_identify(docs/_static) by extensions ['colcon_meta']
[0.251s] Level 1:colcon.colcon_core.package_identification:_identify(docs/_static) by extension 'colcon_meta'
[0.251s] Level 1:colcon.colcon_core.package_identification:_identify(docs/_static) by extensions ['ros']
[0.251s] Level 1:colcon.colcon_core.package_identification:_identify(docs/_static) by extension 'ros'
[0.251s] Level 1:colcon.colcon_core.package_identification:_identify(docs/_static) by extensions ['cmake', 'python']
[0.251s] Level 1:colcon.colcon_core.package_identification:_identify(docs/_static) by extension 'cmake'
[0.251s] Level 1:colcon.colcon_core.package_identification:_identify(docs/_static) by extension 'python'
[0.251s] Level 1:colcon.colcon_core.package_identification:_identify(docs/_static) by extensions ['python_setup_py']
[0.251s] Level 1:colcon.colcon_core.package_identification:_identify(docs/_static) by extension 'python_setup_py'
[0.251s] Level 1:colcon.colcon_core.package_identification:_identify(install) by extensions ['ignore', 'ignore_ament_install']
[0.251s] Level 1:colcon.colcon_core.package_identification:_identify(install) by extension 'ignore'
[0.251s] Level 1:colcon.colcon_core.package_identification:_identify(install) ignored
[0.251s] Level 1:colcon.colcon_core.package_identification:_identify(log) by extensions ['ignore', 'ignore_ament_install']
[0.251s] Level 1:colcon.colcon_core.package_identification:_identify(log) by extension 'ignore'
[0.251s] Level 1:colcon.colcon_core.package_identification:_identify(log) ignored
[0.252s] Level 1:colcon.colcon_core.package_identification:_identify(src) by extensions ['ignore', 'ignore_ament_install']
[0.252s] Level 1:colcon.colcon_core.package_identification:_identify(src) by extension 'ignore'
[0.252s] Level 1:colcon.colcon_core.package_identification:_identify(src) by extension 'ignore_ament_install'
[0.252s] Level 1:colcon.colcon_core.package_identification:_identify(src) by extensions ['colcon_pkg']
[0.252s] Level 1:colcon.colcon_core.package_identification:_identify(src) by extension 'colcon_pkg'
[0.252s] Level 1:colcon.colcon_core.package_identification:_identify(src) by extensions ['colcon_meta']
[0.252s] Level 1:colcon.colcon_core.package_identification:_identify(src) by extension 'colcon_meta'
[0.252s] Level 1:colcon.colcon_core.package_identification:_identify(src) by extensions ['ros']
[0.252s] Level 1:colcon.colcon_core.package_identification:_identify(src) by extension 'ros'
[0.252s] Level 1:colcon.colcon_core.package_identification:_identify(src) by extensions ['cmake', 'python']
[0.252s] Level 1:colcon.colcon_core.package_identification:_identify(src) by extension 'cmake'
[0.252s] Level 1:colcon.colcon_core.package_identification:_identify(src) by extension 'python'
[0.252s] Level 1:colcon.colcon_core.package_identification:_identify(src) by extensions ['python_setup_py']
[0.252s] Level 1:colcon.colcon_core.package_identification:_identify(src) by extension 'python_setup_py'
[0.252s] Level 1:colcon.colcon_core.package_identification:_identify(src/cfg) by extensions ['ignore', 'ignore_ament_install']
[0.252s] Level 1:colcon.colcon_core.package_identification:_identify(src/cfg) by extension 'ignore'
[0.252s] Level 1:colcon.colcon_core.package_identification:_identify(src/cfg) by extension 'ignore_ament_install'
[0.252s] Level 1:colcon.colcon_core.package_identification:_identify(src/cfg) by extensions ['colcon_pkg']
[0.252s] Level 1:colcon.colcon_core.package_identification:_identify(src/cfg) by extension 'colcon_pkg'
[0.252s] Level 1:colcon.colcon_core.package_identification:_identify(src/cfg) by extensions ['colcon_meta']
[0.252s] Level 1:colcon.colcon_core.package_identification:_identify(src/cfg) by extension 'colcon_meta'
[0.252s] Level 1:colcon.colcon_core.package_identification:_identify(src/cfg) by extensions ['ros']
[0.252s] Level 1:colcon.colcon_core.package_identification:_identify(src/cfg) by extension 'ros'
[0.252s] Level 1:colcon.colcon_core.package_identification:_identify(src/cfg) by extensions ['cmake', 'python']
[0.252s] Level 1:colcon.colcon_core.package_identification:_identify(src/cfg) by extension 'cmake'
[0.253s] Level 1:colcon.colcon_core.package_identification:_identify(src/cfg) by extension 'python'
[0.253s] Level 1:colcon.colcon_core.package_identification:_identify(src/cfg) by extensions ['python_setup_py']
[0.253s] Level 1:colcon.colcon_core.package_identification:_identify(src/cfg) by extension 'python_setup_py'
[0.253s] Level 1:colcon.colcon_core.package_identification:_identify(src/chimera_camera) by extensions ['ignore', 'ignore_ament_install']
[0.253s] Level 1:colcon.colcon_core.package_identification:_identify(src/chimera_camera) by extension 'ignore'
[0.253s] Level 1:colcon.colcon_core.package_identification:_identify(src/chimera_camera) by extension 'ignore_ament_install'
[0.253s] Level 1:colcon.colcon_core.package_identification:_identify(src/chimera_camera) by extensions ['colcon_pkg']
[0.253s] Level 1:colcon.colcon_core.package_identification:_identify(src/chimera_camera) by extension 'colcon_pkg'
[0.253s] Level 1:colcon.colcon_core.package_identification:_identify(src/chimera_camera) by extensions ['colcon_meta']
[0.253s] Level 1:colcon.colcon_core.package_identification:_identify(src/chimera_camera) by extension 'colcon_meta'
[0.253s] Level 1:colcon.colcon_core.package_identification:_identify(src/chimera_camera) by extensions ['ros']
[0.253s] Level 1:colcon.colcon_core.package_identification:_identify(src/chimera_camera) by extension 'ros'
[0.255s] DEBUG:colcon.colcon_core.package_identification:Package 'src/chimera_camera' with type 'ros.ament_python' and name 'chimera_camera'
[0.256s] Level 1:colcon.colcon_core.package_identification:_identify(src/custom_interfaces) by extensions ['ignore', 'ignore_ament_install']
[0.256s] Level 1:colcon.colcon_core.package_identification:_identify(src/custom_interfaces) by extension 'ignore'
[0.256s] Level 1:colcon.colcon_core.package_identification:_identify(src/custom_interfaces) by extension 'ignore_ament_install'
[0.256s] Level 1:colcon.colcon_core.package_identification:_identify(src/custom_interfaces) by extensions ['colcon_pkg']
[0.256s] Level 1:colcon.colcon_core.package_identification:_identify(src/custom_interfaces) by extension 'colcon_pkg'
[0.256s] Level 1:colcon.colcon_core.package_identification:_identify(src/custom_interfaces) by extensions ['colcon_meta']
[0.256s] Level 1:colcon.colcon_core.package_identification:_identify(src/custom_interfaces) by extension 'colcon_meta'
[0.256s] Level 1:colcon.colcon_core.package_identification:_identify(src/custom_interfaces) by extensions ['ros']
[0.256s] Level 1:colcon.colcon_core.package_identification:_identify(src/custom_interfaces) by extension 'ros'
[0.256s] DEBUG:colcon.colcon_core.package_identification:Package 'src/custom_interfaces' with type 'ros.ament_cmake' and name 'custom_interfaces'
[0.256s] Level 1:colcon.colcon_core.package_identification:_identify(src/dvl_data) by extensions ['ignore', 'ignore_ament_install']
[0.257s] Level 1:colcon.colcon_core.package_identification:_identify(src/dvl_data) by extension 'ignore'
[0.257s] Level 1:colcon.colcon_core.package_identification:_identify(src/dvl_data) by extension 'ignore_ament_install'
[0.257s] Level 1:colcon.colcon_core.package_identification:_identify(src/dvl_data) by extensions ['colcon_pkg']
[0.257s] Level 1:colcon.colcon_core.package_identification:_identify(src/dvl_data) by extension 'colcon_pkg'
[0.257s] Level 1:colcon.colcon_core.package_identification:_identify(src/dvl_data) by extensions ['colcon_meta']
[0.257s] Level 1:colcon.colcon_core.package_identification:_identify(src/dvl_data) by extension 'colcon_meta'
[0.257s] Level 1:colcon.colcon_core.package_identification:_identify(src/dvl_data) by extensions ['ros']
[0.257s] Level 1:colcon.colcon_core.package_identification:_identify(src/dvl_data) by extension 'ros'
[0.257s] DEBUG:colcon.colcon_core.package_identification:Package 'src/dvl_data' with type 'ros.ament_python' and name 'dvl_data'
[0.257s] Level 1:colcon.colcon_core.package_identification:_identify(src/motor_control) by extensions ['ignore', 'ignore_ament_install']
[0.257s] Level 1:colcon.colcon_core.package_identification:_identify(src/motor_control) by extension 'ignore'
[0.257s] Level 1:colcon.colcon_core.package_identification:_identify(src/motor_control) by extension 'ignore_ament_install'
[0.257s] Level 1:colcon.colcon_core.package_identification:_identify(src/motor_control) by extensions ['colcon_pkg']
[0.258s] Level 1:colcon.colcon_core.package_identification:_identify(src/motor_control) by extension 'colcon_pkg'
[0.258s] Level 1:colcon.colcon_core.package_identification:_identify(src/motor_control) by extensions ['colcon_meta']
[0.258s] Level 1:colcon.colcon_core.package_identification:_identify(src/motor_control) by extension 'colcon_meta'
[0.258s] Level 1:colcon.colcon_core.package_identification:_identify(src/motor_control) by extensions ['ros']
[0.258s] Level 1:colcon.colcon_core.package_identification:_identify(src/motor_control) by extension 'ros'
[0.258s] DEBUG:colcon.colcon_core.package_identification:Package 'src/motor_control' with type 'ros.ament_python' and name 'motor_control'
[0.258s] Level 1:colcon.colcon_core.package_identification:_identify(src/teleoperation) by extensions ['ignore', 'ignore_ament_install']
[0.258s] Level 1:colcon.colcon_core.package_identification:_identify(src/teleoperation) by extension 'ignore'
[0.258s] Level 1:colcon.colcon_core.package_identification:_identify(src/teleoperation) by extension 'ignore_ament_install'
[0.258s] Level 1:colcon.colcon_core.package_identification:_identify(src/teleoperation) by extensions ['colcon_pkg']
[0.258s] Level 1:colcon.colcon_core.package_identification:_identify(src/teleoperation) by extension 'colcon_pkg'
[0.258s] Level 1:colcon.colcon_core.package_identification:_identify(src/teleoperation) by extensions ['colcon_meta']
[0.258s] Level 1:colcon.colcon_core.package_identification:_identify(src/teleoperation) by extension 'colcon_meta'
[0.258s] Level 1:colcon.colcon_core.package_identification:_identify(src/teleoperation) by extensions ['ros']
[0.258s] Level 1:colcon.colcon_core.package_identification:_identify(src/teleoperation) by extension 'ros'
[0.259s] DEBUG:colcon.colcon_core.package_identification:Package 'src/teleoperation' with type 'ros.ament_python' and name 'teleoperation'
[0.259s] Level 1:colcon.colcon_core.package_identification:_identify(taskScripts) by extensions ['ignore', 'ignore_ament_install']
[0.259s] Level 1:colcon.colcon_core.package_identification:_identify(taskScripts) by extension 'ignore'
[0.259s] Level 1:colcon.colcon_core.package_identification:_identify(taskScripts) by extension 'ignore_ament_install'
[0.259s] Level 1:colcon.colcon_core.package_identification:_identify(taskScripts) by extensions ['colcon_pkg']
[0.259s] Level 1:colcon.colcon_core.package_identification:_identify(taskScripts) by extension 'colcon_pkg'
[0.259s] Level 1:colcon.colcon_core.package_identification:_identify(taskScripts) by extensions ['colcon_meta']
[0.259s] Level 1:colcon.colcon_core.package_identification:_identify(taskScripts) by extension 'colcon_meta'
[0.259s] Level 1:colcon.colcon_core.package_identification:_identify(taskScripts) by extensions ['ros']
[0.259s] Level 1:colcon.colcon_core.package_identification:_identify(taskScripts) by extension 'ros'
[0.259s] Level 1:colcon.colcon_core.package_identification:_identify(taskScripts) by extensions ['cmake', 'python']
[0.259s] Level 1:colcon.colcon_core.package_identification:_identify(taskScripts) by extension 'cmake'
[0.259s] Level 1:colcon.colcon_core.package_identification:_identify(taskScripts) by extension 'python'
[0.259s] Level 1:colcon.colcon_core.package_identification:_identify(taskScripts) by extensions ['python_setup_py']
[0.259s] Level 1:colcon.colcon_core.package_identification:_identify(taskScripts) by extension 'python_setup_py'
[0.260s] Level 1:colcon.colcon_core.package_identification:_identify(taskScripts/Photogrammetry) by extensions ['ignore', 'ignore_ament_install']
[0.260s] Level 1:colcon.colcon_core.package_identification:_identify(taskScripts/Photogrammetry) by extension 'ignore'
[0.260s] Level 1:colcon.colcon_core.package_identification:_identify(taskScripts/Photogrammetry) by extension 'ignore_ament_install'
[0.260s] Level 1:colcon.colcon_core.package_identification:_identify(taskScripts/Photogrammetry) by extensions ['colcon_pkg']
[0.260s] Level 1:colcon.colcon_core.package_identification:_identify(taskScripts/Photogrammetry) by extension 'colcon_pkg'
[0.260s] Level 1:colcon.colcon_core.package_identification:_identify(taskScripts/Photogrammetry) by extensions ['colcon_meta']
[0.260s] Level 1:colcon.colcon_core.package_identification:_identify(taskScripts/Photogrammetry) by extension 'colcon_meta'
[0.260s] Level 1:colcon.colcon_core.package_identification:_identify(taskScripts/Photogrammetry) by extensions ['ros']
[0.260s] Level 1:colcon.colcon_core.package_identification:_identify(taskScripts/Photogrammetry) by extension 'ros'
[0.260s] Level 1:colcon.colcon_core.package_identification:_identify(taskScripts/Photogrammetry) by extensions ['cmake', 'python']
[0.260s] Level 1:colcon.colcon_core.package_identification:_identify(taskScripts/Photogrammetry) by extension 'cmake'
[0.260s] Level 1:colcon.colcon_core.package_identification:_identify(taskScripts/Photogrammetry) by extension 'python'
[0.260s] Level 1:colcon.colcon_core.package_identification:_identify(taskScripts/Photogrammetry) by extensions ['python_setup_py']
[0.260s] Level 1:colcon.colcon_core.package_identification:_identify(taskScripts/Photogrammetry) by extension 'python_setup_py'
[0.260s] Level 1:colcon.colcon_core.package_discovery:discover_packages(recursive) using defaults
[0.260s] Level 1:colcon.colcon_core.package_discovery:discover_packages(ignore) discover
[0.260s] Level 1:colcon.colcon_core.package_discovery:discover_packages(ignore) using defaults
[0.260s] Level 1:colcon.colcon_core.package_discovery:discover_packages(path) discover
[0.260s] Level 1:colcon.colcon_core.package_discovery:discover_packages(path) using defaults
[0.277s] INFO:colcon.colcon_core.package_selection:Skipping not selected package 'dvl_data' in 'src/dvl_data'
[0.277s] INFO:colcon.colcon_core.package_selection:Skipping not selected package 'motor_control' in 'src/motor_control'
[0.277s] INFO:colcon.colcon_core.package_selection:Skipping not selected package 'teleoperation' in 'src/teleoperation'
[0.278s] Level 1:colcon.colcon_core.package_discovery:discover_packages(prefix_path) check parameters
[0.278s] Level 1:colcon.colcon_core.package_discovery:discover_packages(prefix_path) discover
[0.280s] DEBUG:colcon.colcon_installed_package_information.package_discovery:Found 2 installed packages in /home/williamhardee/Documents/cusub2.1/install
[0.281s] DEBUG:colcon.colcon_installed_package_information.package_discovery:Found 276 installed packages in /opt/ros/humble
[0.289s] Level 1:colcon.colcon_core.package_discovery:discover_packages(prefix_path) using defaults
[0.322s] Level 5:colcon.colcon_core.verb:set package 'chimera_camera' build argument 'cmake_args' from command line to 'None'
[0.322s] Level 5:colcon.colcon_core.verb:set package 'chimera_camera' build argument 'cmake_target' from command line to 'None'
[0.322s] Level 5:colcon.colcon_core.verb:set package 'chimera_camera' build argument 'cmake_target_skip_unavailable' from command line to 'False'
[0.322s] Level 5:colcon.colcon_core.verb:set package 'chimera_camera' build argument 'cmake_clean_cache' from command line to 'False'
[0.322s] Level 5:colcon.colcon_core.verb:set package 'chimera_camera' build argument 'cmake_clean_first' from command line to 'False'
[0.322s] Level 5:colcon.colcon_core.verb:set package 'chimera_camera' build argument 'cmake_force_configure' from command line to 'False'
[0.322s] Level 5:colcon.colcon_core.verb:set package 'chimera_camera' build argument 'ament_cmake_args' from command line to 'None'
[0.322s] Level 5:colcon.colcon_core.verb:set package 'chimera_camera' build argument 'catkin_cmake_args' from command line to 'None'
[0.322s] Level 5:colcon.colcon_core.verb:set package 'chimera_camera' build argument 'catkin_skip_building_tests' from command line to 'False'
[0.322s] DEBUG:colcon.colcon_core.verb:Building package 'chimera_camera' with the following arguments: {'ament_cmake_args': None, 'build_base': '/home/williamhardee/Documents/cusub2.1/build/chimera_camera', 'catkin_cmake_args': None, 'catkin_skip_building_tests': False, 'cmake_args': None, 'cmake_clean_cache': False, 'cmake_clean_first': False, 'cmake_force_configure': False, 'cmake_target': None, 'cmake_target_skip_unavailable': False, 'install_base': '/home/williamhardee/Documents/cusub2.1/install/chimera_camera', 'merge_install': False, 'path': '/home/williamhardee/Documents/cusub2.1/src/chimera_camera', 'symlink_install': False, 'test_result_base': None}
[0.322s] Level 5:colcon.colcon_core.verb:set package 'custom_interfaces' build argument 'cmake_args' from command line to 'None'
[0.323s] Level 5:colcon.colcon_core.verb:set package 'custom_interfaces' build argument 'cmake_target' from command line to 'None'
[0.323s] Level 5:colcon.colcon_core.verb:set package 'custom_interfaces' build argument 'cmake_target_skip_unavailable' from command line to 'False'
[0.323s] Level 5:colcon.colcon_core.verb:set package 'custom_interfaces' build argument 'cmake_clean_cache' from command line to 'False'
[0.323s] Level 5:colcon.colcon_core.verb:set package 'custom_interfaces' build argument 'cmake_clean_first' from command line to 'False'
[0.323s] Level 5:colcon.colcon_core.verb:set package 'custom_interfaces' build argument 'cmake_force_configure' from command line to 'False'
[0.323s] Level 5:colcon.colcon_core.verb:set package 'custom_interfaces' build argument 'ament_cmake_args' from command line to 'None'
[0.323s] Level 5:colcon.colcon_core.verb:set package 'custom_interfaces' build argument 'catkin_cmake_args' from command line to 'None'
[0.323s] Level 5:colcon.colcon_core.verb:set package 'custom_interfaces' build argument 'catkin_skip_building_tests' from command line to 'False'
[0.323s] DEBUG:colcon.colcon_core.verb:Building package 'custom_interfaces' with the following arguments: {'ament_cmake_args': None, 'build_base': '/home/williamhardee/Documents/cusub2.1/build/custom_interfaces', 'catkin_cmake_args': None, 'catkin_skip_building_tests': False, 'cmake_args': None, 'cmake_clean_cache': False, 'cmake_clean_first': False, 'cmake_force_configure': False, 'cmake_target': None, 'cmake_target_skip_unavailable': False, 'install_base': '/home/williamhardee/Documents/cusub2.1/install/custom_interfaces', 'merge_install': False, 'path': '/home/williamhardee/Documents/cusub2.1/src/custom_interfaces', 'symlink_install': False, 'test_result_base': None}
[0.323s] INFO:colcon.colcon_core.executor:Executing jobs using 'parallel' executor
[0.324s] DEBUG:colcon.colcon_parallel_executor.executor.parallel:run_until_complete
[0.324s] INFO:colcon.colcon_ros.task.ament_python.build:Building ROS package in '/home/williamhardee/Documents/cusub2.1/src/chimera_camera' with build type 'ament_python'
[0.324s] Level 1:colcon.colcon_core.shell:create_environment_hook('chimera_camera', 'ament_prefix_path')
[0.326s] INFO:colcon.colcon_core.plugin_system:Skipping extension 'colcon_core.shell.bat': Not used on non-Windows systems
[0.326s] INFO:colcon.colcon_core.shell:Creating environment hook '/home/williamhardee/Documents/cusub2.1/install/chimera_camera/share/chimera_camera/hook/ament_prefix_path.ps1'
[0.327s] INFO:colcon.colcon_core.shell:Creating environment descriptor '/home/williamhardee/Documents/cusub2.1/install/chimera_camera/share/chimera_camera/hook/ament_prefix_path.dsv'
[0.327s] INFO:colcon.colcon_core.shell:Creating environment hook '/home/williamhardee/Documents/cusub2.1/install/chimera_camera/share/chimera_camera/hook/ament_prefix_path.sh'
[0.328s] INFO:colcon.colcon_core.shell:Skip shell extension 'powershell' for command environment: Not usable outside of PowerShell
[0.328s] DEBUG:colcon.colcon_core.shell:Skip shell extension 'dsv' for command environment
[0.330s] INFO:colcon.colcon_ros.task.ament_cmake.build:Building ROS package in '/home/williamhardee/Documents/cusub2.1/src/custom_interfaces' with build type 'ament_cmake'
[0.330s] INFO:colcon.colcon_cmake.task.cmake.build:Building CMake package in '/home/williamhardee/Documents/cusub2.1/src/custom_interfaces'
[0.331s] INFO:colcon.colcon_core.shell:Skip shell extension 'powershell' for command environment: Not usable outside of PowerShell
[0.331s] DEBUG:colcon.colcon_core.shell:Skip shell extension 'dsv' for command environment
[0.551s] INFO:colcon.colcon_core.task.python.build:Building Python package in '/home/williamhardee/Documents/cusub2.1/src/chimera_camera'
[0.552s] INFO:colcon.colcon_core.shell:Skip shell extension 'powershell' for command environment: Not usable outside of PowerShell
[0.552s] DEBUG:colcon.colcon_core.shell:Skip shell extension 'dsv' for command environment
[0.559s] DEBUG:colcon.colcon_core.event_handler.log_command:Invoking command in '/home/williamhardee/Documents/cusub2.1/build/custom_interfaces': CMAKE_PREFIX_PATH=${CMAKE_PREFIX_PATH}:/home/williamhardee/Documents/cusub2.1/install/chimera_camera:/opt/ros/humble /usr/bin/cmake --build /home/williamhardee/Documents/cusub2.1/build/custom_interfaces -- -j16 -l16
[0.751s] DEBUG:colcon.colcon_core.event_handler.log_command:Invoked command in '/home/williamhardee/Documents/cusub2.1/build/custom_interfaces' returned '0': CMAKE_PREFIX_PATH=${CMAKE_PREFIX_PATH}:/home/williamhardee/Documents/cusub2.1/install/chimera_camera:/opt/ros/humble /usr/bin/cmake --build /home/williamhardee/Documents/cusub2.1/build/custom_interfaces -- -j16 -l16
[0.800s] DEBUG:colcon.colcon_core.event_handler.log_command:Invoking command in '/home/williamhardee/Documents/cusub2.1/build/custom_interfaces': CMAKE_PREFIX_PATH=${CMAKE_PREFIX_PATH}:/home/williamhardee/Documents/cusub2.1/install/chimera_camera:/opt/ros/humble /usr/bin/cmake --install /home/williamhardee/Documents/cusub2.1/build/custom_interfaces
[0.837s] DEBUG:colcon.colcon_core.event_handler.log_command:Invoking command in '/home/williamhardee/Documents/cusub2.1/src/chimera_camera': PYTHONPATH=/home/williamhardee/Documents/cusub2.1/build/chimera_camera/prefix_override:/usr/lib/python3/dist-packages/colcon_core/task/python/colcon_distutils_commands:/home/williamhardee/Documents/cusub2.1/install/chimera_camera/lib/python3.10/site-packages:${PYTHONPATH} /usr/bin/python3 -W ignore:setup.py install is deprecated setup.py egg_info --egg-base ../../build/chimera_camera build --build-base /home/williamhardee/Documents/cusub2.1/build/chimera_camera/build install --record /home/williamhardee/Documents/cusub2.1/build/chimera_camera/install.log --single-version-externally-managed install_data
[0.842s] Level 1:colcon.colcon_core.environment:create_environment_scripts_only(custom_interfaces)
[0.842s] DEBUG:colcon.colcon_core.event_handler.log_command:Invoked command in '/home/williamhardee/Documents/cusub2.1/build/custom_interfaces' returned '0': CMAKE_PREFIX_PATH=${CMAKE_PREFIX_PATH}:/home/williamhardee/Documents/cusub2.1/install/chimera_camera:/opt/ros/humble /usr/bin/cmake --install /home/williamhardee/Documents/cusub2.1/build/custom_interfaces
[0.846s] Level 1:colcon.colcon_core.environment:checking '/home/williamhardee/Documents/cusub2.1/install/custom_interfaces' for CMake module files
[0.847s] Level 1:colcon.colcon_core.environment:checking '/home/williamhardee/Documents/cusub2.1/install/custom_interfaces' for CMake config files
[0.847s] Level 1:colcon.colcon_core.shell:create_environment_hook('custom_interfaces', 'cmake_prefix_path')
[0.847s] INFO:colcon.colcon_core.shell:Creating environment hook '/home/williamhardee/Documents/cusub2.1/install/custom_interfaces/share/custom_interfaces/hook/cmake_prefix_path.ps1'
[0.848s] INFO:colcon.colcon_core.shell:Creating environment descriptor '/home/williamhardee/Documents/cusub2.1/install/custom_interfaces/share/custom_interfaces/hook/cmake_prefix_path.dsv'
[0.849s] INFO:colcon.colcon_core.shell:Creating environment hook '/home/williamhardee/Documents/cusub2.1/install/custom_interfaces/share/custom_interfaces/hook/cmake_prefix_path.sh'
[0.850s] Level 1:colcon.colcon_core.environment:checking '/home/williamhardee/Documents/cusub2.1/install/custom_interfaces/lib'
[0.850s] Level 1:colcon.colcon_core.shell:create_environment_hook('custom_interfaces', 'ld_library_path_lib')
[0.850s] INFO:colcon.colcon_core.shell:Creating environment hook '/home/williamhardee/Documents/cusub2.1/install/custom_interfaces/share/custom_interfaces/hook/ld_library_path_lib.ps1'
[0.851s] INFO:colcon.colcon_core.shell:Creating environment descriptor '/home/williamhardee/Documents/cusub2.1/install/custom_interfaces/share/custom_interfaces/hook/ld_library_path_lib.dsv'
[0.852s] INFO:colcon.colcon_core.shell:Creating environment hook '/home/williamhardee/Documents/cusub2.1/install/custom_interfaces/share/custom_interfaces/hook/ld_library_path_lib.sh'
[0.852s] Level 1:colcon.colcon_core.environment:checking '/home/williamhardee/Documents/cusub2.1/install/custom_interfaces/bin'
[0.852s] Level 1:colcon.colcon_core.environment:checking '/home/williamhardee/Documents/cusub2.1/install/custom_interfaces/lib/pkgconfig/custom_interfaces.pc'
[0.853s] Level 1:colcon.colcon_core.environment:checking '/home/williamhardee/Documents/cusub2.1/install/custom_interfaces/lib/python3.10/site-packages'
[0.853s] Level 1:colcon.colcon_core.environment:checking '/home/williamhardee/Documents/cusub2.1/install/custom_interfaces/bin'
[0.853s] INFO:colcon.colcon_core.shell:Creating package script '/home/williamhardee/Documents/cusub2.1/install/custom_interfaces/share/custom_interfaces/package.ps1'
[0.855s] INFO:colcon.colcon_core.shell:Creating package descriptor '/home/williamhardee/Documents/cusub2.1/install/custom_interfaces/share/custom_interfaces/package.dsv'
[0.855s] INFO:colcon.colcon_core.shell:Creating package script '/home/williamhardee/Documents/cusub2.1/install/custom_interfaces/share/custom_interfaces/package.sh'
[0.856s] INFO:colcon.colcon_core.shell:Creating package script '/home/williamhardee/Documents/cusub2.1/install/custom_interfaces/share/custom_interfaces/package.bash'
[0.857s] INFO:colcon.colcon_core.shell:Creating package script '/home/williamhardee/Documents/cusub2.1/install/custom_interfaces/share/custom_interfaces/package.zsh'
[0.858s] Level 1:colcon.colcon_core.environment:create_file_with_runtime_dependencies(/home/williamhardee/Documents/cusub2.1/install/custom_interfaces/share/colcon-core/packages/custom_interfaces)
[0.900s] Level 1:colcon.colcon_core.environment:create_environment_scripts_only(custom_interfaces)
[0.900s] Level 1:colcon.colcon_core.environment:checking '/home/williamhardee/Documents/cusub2.1/install/custom_interfaces' for CMake module files
[0.901s] Level 1:colcon.colcon_core.environment:checking '/home/williamhardee/Documents/cusub2.1/install/custom_interfaces' for CMake config files
[0.901s] Level 1:colcon.colcon_core.shell:create_environment_hook('custom_interfaces', 'cmake_prefix_path')
[0.901s] INFO:colcon.colcon_core.shell:Creating environment hook '/home/williamhardee/Documents/cusub2.1/install/custom_interfaces/share/custom_interfaces/hook/cmake_prefix_path.ps1'
[0.902s] INFO:colcon.colcon_core.shell:Creating environment descriptor '/home/williamhardee/Documents/cusub2.1/install/custom_interfaces/share/custom_interfaces/hook/cmake_prefix_path.dsv'
[0.902s] INFO:colcon.colcon_core.shell:Creating environment hook '/home/williamhardee/Documents/cusub2.1/install/custom_interfaces/share/custom_interfaces/hook/cmake_prefix_path.sh'
[0.903s] Level 1:colcon.colcon_core.environment:checking '/home/williamhardee/Documents/cusub2.1/install/custom_interfaces/lib'
[0.903s] Level 1:colcon.colcon_core.shell:create_environment_hook('custom_interfaces', 'ld_library_path_lib')
[0.903s] INFO:colcon.colcon_core.shell:Creating environment hook '/home/williamhardee/Documents/cusub2.1/install/custom_interfaces/share/custom_interfaces/hook/ld_library_path_lib.ps1'
[0.904s] INFO:colcon.colcon_core.shell:Creating environment descriptor '/home/williamhardee/Documents/cusub2.1/install/custom_interfaces/share/custom_interfaces/hook/ld_library_path_lib.dsv'
[0.904s] INFO:colcon.colcon_core.shell:Creating environment hook '/home/williamhardee/Documents/cusub2.1/install/custom_interfaces/share/custom_interfaces/hook/ld_library_path_lib.sh'
[0.905s] Level 1:colcon.colcon_core.environment:checking '/home/williamhardee/Documents/cusub2.1/install/custom_interfaces/bin'
[0.905s] Level 1:colcon.colcon_core.environment:checking '/home/williamhardee/Documents/cusub2.1/install/custom_interfaces/lib/pkgconfig/custom_interfaces.pc'
[0.905s] Level 1:colcon.colcon_core.environment:checking '/home/williamhardee/Documents/cusub2.1/install/custom_interfaces/lib/python3.10/site-packages'
[0.905s] Level 1:colcon.colcon_core.environment:checking '/home/williamhardee/Documents/cusub2.1/install/custom_interfaces/bin'
[0.906s] INFO:colcon.colcon_core.shell:Creating package script '/home/williamhardee/Documents/cusub2.1/install/custom_interfaces/share/custom_interfaces/package.ps1'
[0.906s] INFO:colcon.colcon_core.shell:Creating package descriptor '/home/williamhardee/Documents/cusub2.1/install/custom_interfaces/share/custom_interfaces/package.dsv'
[0.907s] INFO:colcon.colcon_core.shell:Creating package script '/home/williamhardee/Documents/cusub2.1/install/custom_interfaces/share/custom_interfaces/package.sh'
[0.908s] INFO:colcon.colcon_core.shell:Creating package script '/home/williamhardee/Documents/cusub2.1/install/custom_interfaces/share/custom_interfaces/package.bash'
[0.908s] INFO:colcon.colcon_core.shell:Creating package script '/home/williamhardee/Documents/cusub2.1/install/custom_interfaces/share/custom_interfaces/package.zsh'
[0.909s] Level 1:colcon.colcon_core.environment:create_file_with_runtime_dependencies(/home/williamhardee/Documents/cusub2.1/install/custom_interfaces/share/colcon-core/packages/custom_interfaces)
[0.998s] Level 1:colcon.colcon_core.environment:checking '/home/williamhardee/Documents/cusub2.1/install/chimera_camera' for CMake module files
[0.998s] DEBUG:colcon.colcon_core.event_handler.log_command:Invoked command in '/home/williamhardee/Documents/cusub2.1/src/chimera_camera' returned '0': PYTHONPATH=/home/williamhardee/Documents/cusub2.1/build/chimera_camera/prefix_override:/usr/lib/python3/dist-packages/colcon_core/task/python/colcon_distutils_commands:/home/williamhardee/Documents/cusub2.1/install/chimera_camera/lib/python3.10/site-packages:${PYTHONPATH} /usr/bin/python3 -W ignore:setup.py install is deprecated setup.py egg_info --egg-base ../../build/chimera_camera build --build-base /home/williamhardee/Documents/cusub2.1/build/chimera_camera/build install --record /home/williamhardee/Documents/cusub2.1/build/chimera_camera/install.log --single-version-externally-managed install_data
[0.999s] Level 1:colcon.colcon_core.environment:checking '/home/williamhardee/Documents/cusub2.1/install/chimera_camera' for CMake config files
[0.999s] Level 1:colcon.colcon_core.environment:checking '/home/williamhardee/Documents/cusub2.1/install/chimera_camera/lib'
[0.999s] Level 1:colcon.colcon_core.environment:checking '/home/williamhardee/Documents/cusub2.1/install/chimera_camera/bin'
[0.999s] Level 1:colcon.colcon_core.environment:checking '/home/williamhardee/Documents/cusub2.1/install/chimera_camera/lib/pkgconfig/chimera_camera.pc'
[0.999s] Level 1:colcon.colcon_core.environment:checking '/home/williamhardee/Documents/cusub2.1/install/chimera_camera/lib/python3.10/site-packages'
[0.999s] Level 1:colcon.colcon_core.shell:create_environment_hook('chimera_camera', 'pythonpath')
[0.999s] INFO:colcon.colcon_core.shell:Creating environment hook '/home/williamhardee/Documents/cusub2.1/install/chimera_camera/share/chimera_camera/hook/pythonpath.ps1'
[1.000s] INFO:colcon.colcon_core.shell:Creating environment descriptor '/home/williamhardee/Documents/cusub2.1/install/chimera_camera/share/chimera_camera/hook/pythonpath.dsv'
[1.000s] INFO:colcon.colcon_core.shell:Creating environment hook '/home/williamhardee/Documents/cusub2.1/install/chimera_camera/share/chimera_camera/hook/pythonpath.sh'
[1.000s] Level 1:colcon.colcon_core.environment:checking '/home/williamhardee/Documents/cusub2.1/install/chimera_camera/bin'
[1.000s] Level 1:colcon.colcon_core.environment:create_environment_scripts_only(chimera_camera)
[1.000s] INFO:colcon.colcon_core.shell:Creating package script '/home/williamhardee/Documents/cusub2.1/install/chimera_camera/share/chimera_camera/package.ps1'
[1.001s] INFO:colcon.colcon_core.shell:Creating package descriptor '/home/williamhardee/Documents/cusub2.1/install/chimera_camera/share/chimera_camera/package.dsv'
[1.001s] INFO:colcon.colcon_core.shell:Creating package script '/home/williamhardee/Documents/cusub2.1/install/chimera_camera/share/chimera_camera/package.sh'
[1.001s] INFO:colcon.colcon_core.shell:Creating package script '/home/williamhardee/Documents/cusub2.1/install/chimera_camera/share/chimera_camera/package.bash'
[1.001s] INFO:colcon.colcon_core.shell:Creating package script '/home/williamhardee/Documents/cusub2.1/install/chimera_camera/share/chimera_camera/package.zsh'
[1.001s] Level 1:colcon.colcon_core.environment:create_file_with_runtime_dependencies(/home/williamhardee/Documents/cusub2.1/install/chimera_camera/share/colcon-core/packages/chimera_camera)
[1.001s] DEBUG:colcon.colcon_parallel_executor.executor.parallel:closing loop
[1.001s] DEBUG:colcon.colcon_parallel_executor.executor.parallel:loop closed
[1.002s] DEBUG:colcon.colcon_parallel_executor.executor.parallel:run_until_complete finished with '0'
[1.002s] DEBUG:colcon.colcon_core.event_reactor:joining thread
[1.009s] INFO:colcon.colcon_core.plugin_system:Skipping extension 'colcon_notification.desktop_notification.terminal_notifier': Not used on non-Darwin systems
[1.010s] INFO:colcon.colcon_core.plugin_system:Skipping extension 'colcon_notification.desktop_notification.win32': Not used on non-Windows systems
[1.010s] INFO:colcon.colcon_notification.desktop_notification:Sending desktop notification using 'notify2'
[1.025s] DEBUG:colcon.colcon_core.event_reactor:joined thread
[1.025s] INFO:colcon.colcon_core.shell:Creating prefix script '/home/williamhardee/Documents/cusub2.1/install/local_setup.ps1'
[1.026s] INFO:colcon.colcon_core.shell:Creating prefix util module '/home/williamhardee/Documents/cusub2.1/install/_local_setup_util_ps1.py'
[1.026s] INFO:colcon.colcon_core.shell:Creating prefix chain script '/home/williamhardee/Documents/cusub2.1/install/setup.ps1'
[1.027s] INFO:colcon.colcon_core.shell:Creating prefix script '/home/williamhardee/Documents/cusub2.1/install/local_setup.sh'
[1.027s] INFO:colcon.colcon_core.shell:Creating prefix util module '/home/williamhardee/Documents/cusub2.1/install/_local_setup_util_sh.py'
[1.027s] INFO:colcon.colcon_core.shell:Creating prefix chain script '/home/williamhardee/Documents/cusub2.1/install/setup.sh'
[1.028s] INFO:colcon.colcon_core.shell:Creating prefix script '/home/williamhardee/Documents/cusub2.1/install/local_setup.bash'
[1.028s] INFO:colcon.colcon_core.shell:Creating prefix chain script '/home/williamhardee/Documents/cusub2.1/install/setup.bash'
[1.028s] INFO:colcon.colcon_core.shell:Creating prefix script '/home/williamhardee/Documents/cusub2.1/install/local_setup.zsh'
[1.029s] INFO:colcon.colcon_core.shell:Creating prefix chain script '/home/williamhardee/Documents/cusub2.1/install/setup.zsh'
