[0.493s] Invoking command in '/home/williamhardee/Documents/cusub2.1/src/chimera_camera': PYTHONPATH=/home/williamhardee/Documents/cusub2.1/src/chimera_camera/build/chimera_camera/prefix_override:/usr/lib/python3/dist-packages/colcon_core/task/python/colcon_distutils_commands:/home/williamhardee/Documents/cusub2.1/src/chimera_camera/install/chimera_camera/lib/python3.10/site-packages:${PYTHONPATH} /usr/bin/python3 -W ignore:setup.py install is deprecated setup.py egg_info --egg-base build/chimera_camera build --build-base /home/williamhardee/Documents/cusub2.1/src/chimera_camera/build/chimera_camera/build install --record /home/williamhardee/Documents/cusub2.1/src/chimera_camera/build/chimera_camera/install.log --single-version-externally-managed install_data
[0.684s] running egg_info
[0.685s] creating build/chimera_camera/chimera_camera.egg-info
[0.685s] writing build/chimera_camera/chimera_camera.egg-info/PKG-INFO
[0.685s] writing dependency_links to build/chimera_camera/chimera_camera.egg-info/dependency_links.txt
[0.685s] writing entry points to build/chimera_camera/chimera_camera.egg-info/entry_points.txt
[0.685s] writing requirements to build/chimera_camera/chimera_camera.egg-info/requires.txt
[0.685s] writing top-level names to build/chimera_camera/chimera_camera.egg-info/top_level.txt
[0.685s] writing manifest file 'build/chimera_camera/chimera_camera.egg-info/SOURCES.txt'
[0.687s] reading manifest file 'build/chimera_camera/chimera_camera.egg-info/SOURCES.txt'
[0.687s] writing manifest file 'build/chimera_camera/chimera_camera.egg-info/SOURCES.txt'
[0.687s] running build
[0.687s] running build_py
[0.687s] creating /home/williamhardee/Documents/cusub2.1/src/chimera_camera/build/chimera_camera/build
[0.688s] creating /home/williamhardee/Documents/cusub2.1/src/chimera_camera/build/chimera_camera/build/lib
[0.688s] creating /home/williamhardee/Documents/cusub2.1/src/chimera_camera/build/chimera_camera/build/lib/chimera_camera
[0.688s] copying chimera_camera/CameraPublisherTest.py -> /home/williamhardee/Documents/cusub2.1/src/chimera_camera/build/chimera_camera/build/lib/chimera_camera
[0.688s] copying chimera_camera/cameraCompressed.py -> /home/williamhardee/Documents/cusub2.1/src/chimera_camera/build/chimera_camera/build/lib/chimera_camera
[0.688s] copying chimera_camera/__init__.py -> /home/williamhardee/Documents/cusub2.1/src/chimera_camera/build/chimera_camera/build/lib/chimera_camera
[0.688s] copying chimera_camera/CameraPublisher.py -> /home/williamhardee/Documents/cusub2.1/src/chimera_camera/build/chimera_camera/build/lib/chimera_camera
[0.688s] running install
[0.688s] running install_lib
[0.689s] creating /home/williamhardee/Documents/cusub2.1/src/chimera_camera/install/chimera_camera/lib/python3.10/site-packages/chimera_camera
[0.689s] copying /home/williamhardee/Documents/cusub2.1/src/chimera_camera/build/chimera_camera/build/lib/chimera_camera/CameraPublisherTest.py -> /home/williamhardee/Documents/cusub2.1/src/chimera_camera/install/chimera_camera/lib/python3.10/site-packages/chimera_camera
[0.689s] copying /home/williamhardee/Documents/cusub2.1/src/chimera_camera/build/chimera_camera/build/lib/chimera_camera/cameraCompressed.py -> /home/williamhardee/Documents/cusub2.1/src/chimera_camera/install/chimera_camera/lib/python3.10/site-packages/chimera_camera
[0.689s] copying /home/williamhardee/Documents/cusub2.1/src/chimera_camera/build/chimera_camera/build/lib/chimera_camera/__init__.py -> /home/williamhardee/Documents/cusub2.1/src/chimera_camera/install/chimera_camera/lib/python3.10/site-packages/chimera_camera
[0.689s] copying /home/williamhardee/Documents/cusub2.1/src/chimera_camera/build/chimera_camera/build/lib/chimera_camera/CameraPublisher.py -> /home/williamhardee/Documents/cusub2.1/src/chimera_camera/install/chimera_camera/lib/python3.10/site-packages/chimera_camera
[0.689s] byte-compiling /home/williamhardee/Documents/cusub2.1/src/chimera_camera/install/chimera_camera/lib/python3.10/site-packages/chimera_camera/CameraPublisherTest.py to CameraPublisherTest.cpython-310.pyc
[0.690s] byte-compiling /home/williamhardee/Documents/cusub2.1/src/chimera_camera/install/chimera_camera/lib/python3.10/site-packages/chimera_camera/cameraCompressed.py to cameraCompressed.cpython-310.pyc
[0.690s] byte-compiling /home/williamhardee/Documents/cusub2.1/src/chimera_camera/install/chimera_camera/lib/python3.10/site-packages/chimera_camera/__init__.py to __init__.cpython-310.pyc
[0.690s] byte-compiling /home/williamhardee/Documents/cusub2.1/src/chimera_camera/install/chimera_camera/lib/python3.10/site-packages/chimera_camera/CameraPublisher.py to CameraPublisher.cpython-310.pyc
[0.691s] running install_data
[0.691s] creating /home/williamhardee/Documents/cusub2.1/src/chimera_camera/install/chimera_camera/share/ament_index
[0.691s] creating /home/williamhardee/Documents/cusub2.1/src/chimera_camera/install/chimera_camera/share/ament_index/resource_index
[0.691s] creating /home/williamhardee/Documents/cusub2.1/src/chimera_camera/install/chimera_camera/share/ament_index/resource_index/packages
[0.691s] copying resource/chimera_camera -> /home/williamhardee/Documents/cusub2.1/src/chimera_camera/install/chimera_camera/share/ament_index/resource_index/packages
[0.691s] copying package.xml -> /home/williamhardee/Documents/cusub2.1/src/chimera_camera/install/chimera_camera/share/chimera_camera
[0.691s] creating /home/williamhardee/Documents/cusub2.1/src/chimera_camera/install/chimera_camera/share/chimera_camera/launch
[0.691s] copying launch/camera_launch.xml -> /home/williamhardee/Documents/cusub2.1/src/chimera_camera/install/chimera_camera/share/chimera_camera/launch
[0.691s] running install_egg_info
[0.693s] Copying build/chimera_camera/chimera_camera.egg-info to /home/williamhardee/Documents/cusub2.1/src/chimera_camera/install/chimera_camera/lib/python3.10/site-packages/chimera_camera-0.0.0-py3.10.egg-info
[0.693s] running install_scripts
[0.710s] Installing camera_node script to /home/williamhardee/Documents/cusub2.1/src/chimera_camera/install/chimera_camera/lib/chimera_camera
[0.710s] writing list of installed files to '/home/williamhardee/Documents/cusub2.1/src/chimera_camera/build/chimera_camera/install.log'
[0.727s] Invoked command in '/home/williamhardee/Documents/cusub2.1/src/chimera_camera' returned '0': PYTHONPATH=/home/williamhardee/Documents/cusub2.1/src/chimera_camera/build/chimera_camera/prefix_override:/usr/lib/python3/dist-packages/colcon_core/task/python/colcon_distutils_commands:/home/williamhardee/Documents/cusub2.1/src/chimera_camera/install/chimera_camera/lib/python3.10/site-packages:${PYTHONPATH} /usr/bin/python3 -W ignore:setup.py install is deprecated setup.py egg_info --egg-base build/chimera_camera build --build-base /home/williamhardee/Documents/cusub2.1/src/chimera_camera/build/chimera_camera/build install --record /home/williamhardee/Documents/cusub2.1/src/chimera_camera/build/chimera_camera/install.log --single-version-externally-managed install_data
