[0.492s] Invoking command in '/home/williamhardee/Documents/cusub2.1/src/chimera_camera': PYTHONPATH=/home/williamhardee/Documents/cusub2.1/build/chimera_camera/prefix_override:/usr/lib/python3/dist-packages/colcon_core/task/python/colcon_distutils_commands:/home/williamhardee/Documents/cusub2.1/install/chimera_camera/lib/python3.10/site-packages:${PYTHONPATH} /usr/bin/python3 -W ignore:setup.py install is deprecated setup.py egg_info --egg-base ../../build/chimera_camera build --build-base /home/williamhardee/Documents/cusub2.1/build/chimera_camera/build install --record /home/williamhardee/Documents/cusub2.1/build/chimera_camera/install.log --single-version-externally-managed install_data
[0.693s] running egg_info
[0.694s] creating ../../build/chimera_camera/chimera_camera.egg-info
[0.694s] writing ../../build/chimera_camera/chimera_camera.egg-info/PKG-INFO
[0.694s] writing dependency_links to ../../build/chimera_camera/chimera_camera.egg-info/dependency_links.txt
[0.694s] writing entry points to ../../build/chimera_camera/chimera_camera.egg-info/entry_points.txt
[0.694s] writing requirements to ../../build/chimera_camera/chimera_camera.egg-info/requires.txt
[0.695s] writing top-level names to ../../build/chimera_camera/chimera_camera.egg-info/top_level.txt
[0.695s] writing manifest file '../../build/chimera_camera/chimera_camera.egg-info/SOURCES.txt'
[0.696s] reading manifest file '../../build/chimera_camera/chimera_camera.egg-info/SOURCES.txt'
[0.696s] writing manifest file '../../build/chimera_camera/chimera_camera.egg-info/SOURCES.txt'
[0.696s] running build
[0.696s] running build_py
[0.697s] creating /home/williamhardee/Documents/cusub2.1/build/chimera_camera/build
[0.697s] creating /home/williamhardee/Documents/cusub2.1/build/chimera_camera/build/lib
[0.697s] creating /home/williamhardee/Documents/cusub2.1/build/chimera_camera/build/lib/chimera_camera
[0.697s] copying chimera_camera/CameraPublisherTest.py -> /home/williamhardee/Documents/cusub2.1/build/chimera_camera/build/lib/chimera_camera
[0.697s] copying chimera_camera/cameraCompressed.py -> /home/williamhardee/Documents/cusub2.1/build/chimera_camera/build/lib/chimera_camera
[0.697s] copying chimera_camera/__init__.py -> /home/williamhardee/Documents/cusub2.1/build/chimera_camera/build/lib/chimera_camera
[0.697s] copying chimera_camera/CameraPublisher.py -> /home/williamhardee/Documents/cusub2.1/build/chimera_camera/build/lib/chimera_camera
[0.697s] running install
[0.697s] running install_lib
[0.698s] creating /home/williamhardee/Documents/cusub2.1/install/chimera_camera/lib/python3.10/site-packages/chimera_camera
[0.698s] copying /home/williamhardee/Documents/cusub2.1/build/chimera_camera/build/lib/chimera_camera/CameraPublisherTest.py -> /home/williamhardee/Documents/cusub2.1/install/chimera_camera/lib/python3.10/site-packages/chimera_camera
[0.698s] copying /home/williamhardee/Documents/cusub2.1/build/chimera_camera/build/lib/chimera_camera/cameraCompressed.py -> /home/williamhardee/Documents/cusub2.1/install/chimera_camera/lib/python3.10/site-packages/chimera_camera
[0.698s] copying /home/williamhardee/Documents/cusub2.1/build/chimera_camera/build/lib/chimera_camera/__init__.py -> /home/williamhardee/Documents/cusub2.1/install/chimera_camera/lib/python3.10/site-packages/chimera_camera
[0.698s] copying /home/williamhardee/Documents/cusub2.1/build/chimera_camera/build/lib/chimera_camera/CameraPublisher.py -> /home/williamhardee/Documents/cusub2.1/install/chimera_camera/lib/python3.10/site-packages/chimera_camera
[0.699s] byte-compiling /home/williamhardee/Documents/cusub2.1/install/chimera_camera/lib/python3.10/site-packages/chimera_camera/CameraPublisherTest.py to CameraPublisherTest.cpython-310.pyc
[0.699s] byte-compiling /home/williamhardee/Documents/cusub2.1/install/chimera_camera/lib/python3.10/site-packages/chimera_camera/cameraCompressed.py to cameraCompressed.cpython-310.pyc
[0.699s] byte-compiling /home/williamhardee/Documents/cusub2.1/install/chimera_camera/lib/python3.10/site-packages/chimera_camera/__init__.py to __init__.cpython-310.pyc
[0.700s] byte-compiling /home/williamhardee/Documents/cusub2.1/install/chimera_camera/lib/python3.10/site-packages/chimera_camera/CameraPublisher.py to CameraPublisher.cpython-310.pyc
[0.700s] running install_data
[0.700s] creating /home/williamhardee/Documents/cusub2.1/install/chimera_camera/share/ament_index
[0.700s] creating /home/williamhardee/Documents/cusub2.1/install/chimera_camera/share/ament_index/resource_index
[0.700s] creating /home/williamhardee/Documents/cusub2.1/install/chimera_camera/share/ament_index/resource_index/packages
[0.700s] copying resource/chimera_camera -> /home/williamhardee/Documents/cusub2.1/install/chimera_camera/share/ament_index/resource_index/packages
[0.700s] copying package.xml -> /home/williamhardee/Documents/cusub2.1/install/chimera_camera/share/chimera_camera
[0.701s] creating /home/williamhardee/Documents/cusub2.1/install/chimera_camera/share/chimera_camera/launch
[0.701s] copying launch/camera_launch.xml -> /home/williamhardee/Documents/cusub2.1/install/chimera_camera/share/chimera_camera/launch
[0.701s] creating /home/williamhardee/Documents/cusub2.1/install/chimera_camera/share/chimera_camera/srv
[0.701s] creating /home/williamhardee/Documents/cusub2.1/install/chimera_camera/share/chimera_camera/models
[0.701s] copying models/yolo11m.pt -> /home/williamhardee/Documents/cusub2.1/install/chimera_camera/share/chimera_camera/models
[0.744s] running install_egg_info
[0.746s] Copying ../../build/chimera_camera/chimera_camera.egg-info to /home/williamhardee/Documents/cusub2.1/install/chimera_camera/lib/python3.10/site-packages/chimera_camera-0.0.0-py3.10.egg-info
[0.746s] running install_scripts
[0.763s] Installing camera_node script to /home/williamhardee/Documents/cusub2.1/install/chimera_camera/lib/chimera_camera
[0.764s] Installing client script to /home/williamhardee/Documents/cusub2.1/install/chimera_camera/lib/chimera_camera
[0.764s] writing list of installed files to '/home/williamhardee/Documents/cusub2.1/build/chimera_camera/install.log'
[0.779s] Invoked command in '/home/williamhardee/Documents/cusub2.1/src/chimera_camera' returned '0': PYTHONPATH=/home/williamhardee/Documents/cusub2.1/build/chimera_camera/prefix_override:/usr/lib/python3/dist-packages/colcon_core/task/python/colcon_distutils_commands:/home/williamhardee/Documents/cusub2.1/install/chimera_camera/lib/python3.10/site-packages:${PYTHONPATH} /usr/bin/python3 -W ignore:setup.py install is deprecated setup.py egg_info --egg-base ../../build/chimera_camera build --build-base /home/williamhardee/Documents/cusub2.1/build/chimera_camera/build install --record /home/williamhardee/Documents/cusub2.1/build/chimera_camera/install.log --single-version-externally-managed install_data
