running egg_info
writing build/chimera_camera/chimera_camera.egg-info/PKG-INFO
writing dependency_links to build/chimera_camera/chimera_camera.egg-info/dependency_links.txt
writing entry points to build/chimera_camera/chimera_camera.egg-info/entry_points.txt
writing requirements to build/chimera_camera/chimera_camera.egg-info/requires.txt
writing top-level names to build/chimera_camera/chimera_camera.egg-info/top_level.txt
reading manifest file 'build/chimera_camera/chimera_camera.egg-info/SOURCES.txt'
writing manifest file 'build/chimera_camera/chimera_camera.egg-info/SOURCES.txt'
running build
running build_py
copying chimera_camera/CameraPublisherTest.py -> /home/williamhardee/Documents/cusub2.1/src/chimera_camera/build/chimera_camera/build/lib/chimera_camera
copying chimera_camera/CameraPublisher.py -> /home/williamhardee/Documents/cusub2.1/src/chimera_camera/build/chimera_camera/build/lib/chimera_camera
running install
running install_lib
copying /home/williamhardee/Documents/cusub2.1/src/chimera_camera/build/chimera_camera/build/lib/chimera_camera/CameraPublisherTest.py -> /home/williamhardee/Documents/cusub2.1/src/chimera_camera/install/chimera_camera/lib/python3.10/site-packages/chimera_camera
copying /home/williamhardee/Documents/cusub2.1/src/chimera_camera/build/chimera_camera/build/lib/chimera_camera/CameraPublisher.py -> /home/williamhardee/Documents/cusub2.1/src/chimera_camera/install/chimera_camera/lib/python3.10/site-packages/chimera_camera
byte-compiling /home/williamhardee/Documents/cusub2.1/src/chimera_camera/install/chimera_camera/lib/python3.10/site-packages/chimera_camera/CameraPublisherTest.py to CameraPublisherTest.cpython-310.pyc
byte-compiling /home/williamhardee/Documents/cusub2.1/src/chimera_camera/install/chimera_camera/lib/python3.10/site-packages/chimera_camera/CameraPublisher.py to CameraPublisher.cpython-310.pyc
running install_data
running install_egg_info
removing '/home/williamhardee/Documents/cusub2.1/src/chimera_camera/install/chimera_camera/lib/python3.10/site-packages/chimera_camera-0.0.0-py3.10.egg-info' (and everything under it)
Copying build/chimera_camera/chimera_camera.egg-info to /home/williamhardee/Documents/cusub2.1/src/chimera_camera/install/chimera_camera/lib/python3.10/site-packages/chimera_camera-0.0.0-py3.10.egg-info
running install_scripts
Installing camera_node script to /home/williamhardee/Documents/cusub2.1/src/chimera_camera/install/chimera_camera/lib/chimera_camera
Installing client script to /home/williamhardee/Documents/cusub2.1/src/chimera_camera/install/chimera_camera/lib/chimera_camera
writing list of installed files to '/home/williamhardee/Documents/cusub2.1/src/chimera_camera/build/chimera_camera/install.log'
